App.tsx(1,44): error TS7016: Could not find a declaration file for module 'react'. '/home/adi/Projects/SmartMailSorter/node_modules/react/index.js' implicitly has an 'any' type.
  Try `npm i --save-dev @types/react` if it exists or add a new declaration (.d.ts) file containing `declare module 'react';`
App.tsx(204,5): error TS7026: JSX element implicitly has type 'any' because no interface 'JSX.IntrinsicElements' exists.
App.tsx(204,5): error TS7016: Could not find a declaration file for module 'react/jsx-runtime'. '/home/adi/Projects/SmartMailSorter/node_modules/react/jsx-runtime.js' implicitly has an 'any' type.
  Try `npm i --save-dev @types/react` if it exists or add a new declaration (.d.ts) file containing `declare module 'react/jsx-runtime';`
App.tsx(207,28): error TS7006: Parameter 'cat' implicitly has an 'any' type.
App.tsx(214,31): error TS7006: Parameter 'newCategory' implicitly has an 'any' type.
App.tsx(226,27): error TS7006: Parameter 'id' implicitly has an 'any' type.
App.tsx(235,34): error TS7006: Parameter 'cat' implicitly has an 'any' type.
App.tsx(243,34): error TS7006: Parameter 'oldName' implicitly has an 'any' type.
App.tsx(243,43): error TS7006: Parameter 'newName' implicitly has an 'any' type.
App.tsx(253,7): error TS7026: JSX element implicitly has type 'any' because no interface 'JSX.IntrinsicElements' exists.
App.tsx(279,9): error TS7026: JSX element implicitly has type 'any' because no interface 'JSX.IntrinsicElements' exists.
App.tsx(295,9): error TS7026: JSX element implicitly has type 'any' because no interface 'JSX.IntrinsicElements' exists.
App.tsx(302,35): error TS7006: Parameter 'id' implicitly has an 'any' type.
App.tsx(314,7): error TS7026: JSX element implicitly has type 'any' because no interface 'JSX.IntrinsicElements' exists.
App.tsx(315,5): error TS7026: JSX element implicitly has type 'any' because no interface 'JSX.IntrinsicElements' exists.
components/BatchActionBar.tsx(1,19): error TS7016: Could not find a declaration file for module 'react'. '/home/adi/Projects/SmartMailSorter/node_modules/react/index.js' implicitly has an 'any' type.
  Try `npm i --save-dev @types/react` if it exists or add a new declaration (.d.ts) file containing `declare module 'react';`
components/BatchActionBar.tsx(16,3): error TS7031: Binding element 'filteredEmails' implicitly has an 'any' type.
components/BatchActionBar.tsx(17,3): error TS7031: Binding element 'selectedIds' implicitly has an 'any' type.
components/BatchActionBar.tsx(18,3): error TS7031: Binding element 'onSelectAll' implicitly has an 'any' type.
components/BatchActionBar.tsx(19,3): error TS7031: Binding element 'onBatchDelete' implicitly has an 'any' type.
components/BatchActionBar.tsx(20,3): error TS7031: Binding element 'onBatchSmartSort' implicitly has an 'any' type.
components/BatchActionBar.tsx(21,3): error TS7031: Binding element 'canSmartSort' implicitly has an 'any' type.
components/BatchActionBar.tsx(22,3): error TS7031: Binding element 'aiSettings' implicitly has an 'any' type.
components/BatchActionBar.tsx(27,5): error TS7026: JSX element implicitly has type 'any' because no interface 'JSX.IntrinsicElements' exists.
components/BatchActionBar.tsx(27,5): error TS7016: Could not find a declaration file for module 'react/jsx-runtime'. '/home/adi/Projects/SmartMailSorter/node_modules/react/jsx-runtime.js' implicitly has an 'any' type.
  Try `npm i --save-dev @types/react` if it exists or add a new declaration (.d.ts) file containing `declare module 'react/jsx-runtime';`
components/BatchActionBar.tsx(28,7): error TS7026: JSX element implicitly has type 'any' because no interface 'JSX.IntrinsicElements' exists.
components/BatchActionBar.tsx(29,9): error TS7026: JSX element implicitly has type 'any' because no interface 'JSX.IntrinsicElements' exists.
components/BatchActionBar.tsx(37,11): error TS7026: JSX element implicitly has type 'any' because no interface 'JSX.IntrinsicElements' exists.
components/BatchActionBar.tsx(39,11): error TS7026: JSX element implicitly has type 'any' because no interface 'JSX.IntrinsicElements' exists.
components/BatchActionBar.tsx(41,7): error TS7026: JSX element implicitly has type 'any' because no interface 'JSX.IntrinsicElements' exists.
components/BatchActionBar.tsx(44,9): error TS7026: JSX element implicitly has type 'any' because no interface 'JSX.IntrinsicElements' exists.
components/BatchActionBar.tsx(45,11): error TS7026: JSX element implicitly has type 'any' because no interface 'JSX.IntrinsicElements' exists.
components/BatchActionBar.tsx(50,13): error TS7026: JSX element implicitly has type 'any' because no interface 'JSX.IntrinsicElements' exists.
components/BatchActionBar.tsx(50,26): error TS7026: JSX element implicitly has type 'any' because no interface 'JSX.IntrinsicElements' exists.
components/BatchActionBar.tsx(51,11): error TS7026: JSX element implicitly has type 'any' because no interface 'JSX.IntrinsicElements' exists.
components/BatchActionBar.tsx(54,11): error TS7026: JSX element implicitly has type 'any' because no interface 'JSX.IntrinsicElements' exists.
components/BatchActionBar.tsx(65,13): error TS7026: JSX element implicitly has type 'any' because no interface 'JSX.IntrinsicElements' exists.
components/BatchActionBar.tsx(65,34): error TS7026: JSX element implicitly has type 'any' because no interface 'JSX.IntrinsicElements' exists.
components/BatchActionBar.tsx(66,11): error TS7026: JSX element implicitly has type 'any' because no interface 'JSX.IntrinsicElements' exists.
components/BatchActionBar.tsx(67,9): error TS7026: JSX element implicitly has type 'any' because no interface 'JSX.IntrinsicElements' exists.
components/BatchActionBar.tsx(69,5): error TS7026: JSX element implicitly has type 'any' because no interface 'JSX.IntrinsicElements' exists.
components/EmailList.tsx(1,19): error TS7016: Could not find a declaration file for module 'react'. '/home/adi/Projects/SmartMailSorter/node_modules/react/index.js' implicitly has an 'any' type.
  Try `npm i --save-dev @types/react` if it exists or add a new declaration (.d.ts) file containing `declare module 'react';`
components/EmailList.tsx(21,3): error TS7031: Binding element 'emails' implicitly has an 'any' type.
components/EmailList.tsx(22,3): error TS7031: Binding element 'selectedEmailId' implicitly has an 'any' type.
components/EmailList.tsx(23,3): error TS7031: Binding element 'selectedIds' implicitly has an 'any' type.
components/EmailList.tsx(24,3): error TS7031: Binding element 'onSelectEmail' implicitly has an 'any' type.
components/EmailList.tsx(25,3): error TS7031: Binding element 'onRowClick' implicitly has an 'any' type.
components/EmailList.tsx(26,3): error TS7031: Binding element 'onToggleSelection' implicitly has an 'any' type.
components/EmailList.tsx(27,3): error TS7031: Binding element 'onDeleteEmail' implicitly has an 'any' type.
components/EmailList.tsx(28,3): error TS7031: Binding element 'onToggleRead' implicitly has an 'any' type.
components/EmailList.tsx(29,3): error TS7031: Binding element 'onToggleFlag' implicitly has an 'any' type.
components/EmailList.tsx(30,3): error TS7031: Binding element 'isLoading' implicitly has an 'any' type.
components/EmailList.tsx(31,3): error TS7031: Binding element 'onLoadMore' implicitly has an 'any' type.
components/EmailList.tsx(32,3): error TS7031: Binding element 'hasMore' implicitly has an 'any' type.
components/EmailList.tsx(43,7): error TS7026: JSX element implicitly has type 'any' because no interface 'JSX.IntrinsicElements' exists.
components/EmailList.tsx(43,7): error TS7016: Could not find a declaration file for module 'react/jsx-runtime'. '/home/adi/Projects/SmartMailSorter/node_modules/react/jsx-runtime.js' implicitly has an 'any' type.
  Try `npm i --save-dev @types/react` if it exists or add a new declaration (.d.ts) file containing `declare module 'react/jsx-runtime';`
components/EmailList.tsx(44,9): error TS7026: JSX element implicitly has type 'any' because no interface 'JSX.IntrinsicElements' exists.
components/EmailList.tsx(44,87): error TS7026: JSX element implicitly has type 'any' because no interface 'JSX.IntrinsicElements' exists.
components/EmailList.tsx(45,7): error TS7026: JSX element implicitly has type 'any' because no interface 'JSX.IntrinsicElements' exists.
components/EmailList.tsx(51,7): error TS7026: JSX element implicitly has type 'any' because no interface 'JSX.IntrinsicElements' exists.
components/EmailList.tsx(52,9): error TS7026: JSX element implicitly has type 'any' because no interface 'JSX.IntrinsicElements' exists.
components/EmailList.tsx(52,42): error TS7026: JSX element implicitly has type 'any' because no interface 'JSX.IntrinsicElements' exists.
components/EmailList.tsx(53,7): error TS7026: JSX element implicitly has type 'any' because no interface 'JSX.IntrinsicElements' exists.
components/EmailList.tsx(58,5): error TS7026: JSX element implicitly has type 'any' because no interface 'JSX.IntrinsicElements' exists.
components/EmailList.tsx(59,7): error TS7026: JSX element implicitly has type 'any' because no interface 'JSX.IntrinsicElements' exists.
components/EmailList.tsx(60,9): error TS7026: JSX element implicitly has type 'any' because no interface 'JSX.IntrinsicElements' exists.
components/EmailList.tsx(62,9): error TS7026: JSX element implicitly has type 'any' because no interface 'JSX.IntrinsicElements' exists.
components/EmailList.tsx(63,7): error TS7026: JSX element implicitly has type 'any' because no interface 'JSX.IntrinsicElements' exists.
components/EmailList.tsx(64,7): error TS7026: JSX element implicitly has type 'any' because no interface 'JSX.IntrinsicElements' exists.
components/EmailList.tsx(66,20): error TS7006: Parameter 'e' implicitly has an 'any' type.
components/EmailList.tsx(71,31): error TS7006: Parameter 'prev' implicitly has an 'any' type.
components/EmailList.tsx(76,45): error TS7006: Parameter 'email' implicitly has an 'any' type.
components/EmailList.tsx(79,13): error TS7026: JSX element implicitly has type 'any' because no interface 'JSX.IntrinsicElements' exists.
components/EmailList.tsx(81,25): error TS7006: Parameter 'e' implicitly has an 'any' type.
components/EmailList.tsx(89,15): error TS7026: JSX element implicitly has type 'any' because no interface 'JSX.IntrinsicElements' exists.
components/EmailList.tsx(91,27): error TS7006: Parameter 'e' implicitly has an 'any' type.
components/EmailList.tsx(96,17): error TS7026: JSX element implicitly has type 'any' because no interface 'JSX.IntrinsicElements' exists.
components/EmailList.tsx(100,19): error TS7026: JSX element implicitly has type 'any' because no interface 'JSX.IntrinsicElements' exists.
components/EmailList.tsx(101,21): error TS7026: JSX element implicitly has type 'any' because no interface 'JSX.IntrinsicElements' exists.
components/EmailList.tsx(102,19): error TS7026: JSX element implicitly has type 'any' because no interface 'JSX.IntrinsicElements' exists.
components/EmailList.tsx(103,17): error TS7026: JSX element implicitly has type 'any' because no interface 'JSX.IntrinsicElements' exists.
components/EmailList.tsx(104,15): error TS7026: JSX element implicitly has type 'any' because no interface 'JSX.IntrinsicElements' exists.
components/EmailList.tsx(107,15): error TS7026: JSX element implicitly has type 'any' because no interface 'JSX.IntrinsicElements' exists.
components/EmailList.tsx(109,17): error TS7026: JSX element implicitly has type 'any' because no interface 'JSX.IntrinsicElements' exists.
components/EmailList.tsx(110,29): error TS7006: Parameter 'e' implicitly has an 'any' type.
components/EmailList.tsx(118,17): error TS7026: JSX element implicitly has type 'any' because no interface 'JSX.IntrinsicElements' exists.
components/EmailList.tsx(121,17): error TS7026: JSX element implicitly has type 'any' because no interface 'JSX.IntrinsicElements' exists.
components/EmailList.tsx(122,19): error TS7026: JSX element implicitly has type 'any' because no interface 'JSX.IntrinsicElements' exists.
components/EmailList.tsx(123,31): error TS7006: Parameter 'e' implicitly has an 'any' type.
components/EmailList.tsx(128,19): error TS7026: JSX element implicitly has type 'any' because no interface 'JSX.IntrinsicElements' exists.
components/EmailList.tsx(129,19): error TS7026: JSX element implicitly has type 'any' because no interface 'JSX.IntrinsicElements' exists.
components/EmailList.tsx(130,31): error TS7006: Parameter 'e' implicitly has an 'any' type.
components/EmailList.tsx(135,19): error TS7026: JSX element implicitly has type 'any' because no interface 'JSX.IntrinsicElements' exists.
components/EmailList.tsx(136,17): error TS7026: JSX element implicitly has type 'any' because no interface 'JSX.IntrinsicElements' exists.
components/EmailList.tsx(137,15): error TS7026: JSX element implicitly has type 'any' because no interface 'JSX.IntrinsicElements' exists.
components/EmailList.tsx(139,15): error TS7026: JSX element implicitly has type 'any' because no interface 'JSX.IntrinsicElements' exists.
components/EmailList.tsx(140,17): error TS7026: JSX element implicitly has type 'any' because no interface 'JSX.IntrinsicElements' exists.
components/EmailList.tsx(142,17): error TS7026: JSX element implicitly has type 'any' because no interface 'JSX.IntrinsicElements' exists.
components/EmailList.tsx(143,17): error TS7026: JSX element implicitly has type 'any' because no interface 'JSX.IntrinsicElements' exists.
components/EmailList.tsx(145,17): error TS7026: JSX element implicitly has type 'any' because no interface 'JSX.IntrinsicElements' exists.
components/EmailList.tsx(146,15): error TS7026: JSX element implicitly has type 'any' because no interface 'JSX.IntrinsicElements' exists.
components/EmailList.tsx(148,15): error TS7026: JSX element implicitly has type 'any' because no interface 'JSX.IntrinsicElements' exists.
components/EmailList.tsx(149,17): error TS7026: JSX element implicitly has type 'any' because no interface 'JSX.IntrinsicElements' exists.
components/EmailList.tsx(149,59): error TS7026: JSX element implicitly has type 'any' because no interface 'JSX.IntrinsicElements' exists.
components/EmailList.tsx(153,15): error TS7026: JSX element implicitly has type 'any' because no interface 'JSX.IntrinsicElements' exists.
components/EmailList.tsx(155,15): error TS7026: JSX element implicitly has type 'any' because no interface 'JSX.IntrinsicElements' exists.
components/EmailList.tsx(157,15): error TS7026: JSX element implicitly has type 'any' because no interface 'JSX.IntrinsicElements' exists.
components/EmailList.tsx(160,17): error TS7026: JSX element implicitly has type 'any' because no interface 'JSX.IntrinsicElements' exists.
components/EmailList.tsx(162,19): error TS7026: JSX element implicitly has type 'any' because no interface 'JSX.IntrinsicElements' exists.
components/EmailList.tsx(162,77): error TS7026: JSX element implicitly has type 'any' because no interface 'JSX.IntrinsicElements' exists.
components/EmailList.tsx(163,17): error TS7026: JSX element implicitly has type 'any' because no interface 'JSX.IntrinsicElements' exists.
components/EmailList.tsx(165,13): error TS7026: JSX element implicitly has type 'any' because no interface 'JSX.IntrinsicElements' exists.
components/EmailList.tsx(171,11): error TS7026: JSX element implicitly has type 'any' because no interface 'JSX.IntrinsicElements' exists.
components/EmailList.tsx(172,13): error TS7026: JSX element implicitly has type 'any' because no interface 'JSX.IntrinsicElements' exists.
components/EmailList.tsx(173,25): error TS7006: Parameter 'e' implicitly has an 'any' type.
components/EmailList.tsx(180,13): error TS7026: JSX element implicitly has type 'any' because no interface 'JSX.IntrinsicElements' exists.
components/EmailList.tsx(181,11): error TS7026: JSX element implicitly has type 'any' because no interface 'JSX.IntrinsicElements' exists.
components/EmailList.tsx(183,7): error TS7026: JSX element implicitly has type 'any' because no interface 'JSX.IntrinsicElements' exists.
components/EmailList.tsx(184,5): error TS7026: JSX element implicitly has type 'any' because no interface 'JSX.IntrinsicElements' exists.
components/EmailView.tsx(1,44): error TS7016: Could not find a declaration file for module 'react'. '/home/adi/Projects/SmartMailSorter/node_modules/react/index.js' implicitly has an 'any' type.
  Try `npm i --save-dev @types/react` if it exists or add a new declaration (.d.ts) file containing `declare module 'react';`
components/EmailView.tsx(9,48): error TS7031: Binding element 'email' implicitly has an 'any' type.
components/EmailView.tsx(39,7): error TS7026: JSX element implicitly has type 'any' because no interface 'JSX.IntrinsicElements' exists.
components/EmailView.tsx(39,7): error TS7016: Could not find a declaration file for module 'react/jsx-runtime'. '/home/adi/Projects/SmartMailSorter/node_modules/react/jsx-runtime.js' implicitly has an 'any' type.
  Try `npm i --save-dev @types/react` if it exists or add a new declaration (.d.ts) file containing `declare module 'react/jsx-runtime';`
components/EmailView.tsx(40,9): error TS7026: JSX element implicitly has type 'any' because no interface 'JSX.IntrinsicElements' exists.
components/EmailView.tsx(42,11): error TS7026: JSX element implicitly has type 'any' because no interface 'JSX.IntrinsicElements' exists.
components/EmailView.tsx(42,56): error TS7026: JSX element implicitly has type 'any' because no interface 'JSX.IntrinsicElements' exists.
components/EmailView.tsx(43,9): error TS7026: JSX element implicitly has type 'any' because no interface 'JSX.IntrinsicElements' exists.
components/EmailView.tsx(44,7): error TS7026: JSX element implicitly has type 'any' because no interface 'JSX.IntrinsicElements' exists.
components/EmailView.tsx(51,7): error TS7026: JSX element implicitly has type 'any' because no interface 'JSX.IntrinsicElements' exists.
components/EmailView.tsx(52,9): error TS7026: JSX element implicitly has type 'any' because no interface 'JSX.IntrinsicElements' exists.
components/EmailView.tsx(52,92): error TS7026: JSX element implicitly has type 'any' because no interface 'JSX.IntrinsicElements' exists.
components/EmailView.tsx(53,9): error TS7026: JSX element implicitly has type 'any' because no interface 'JSX.IntrinsicElements' exists.
components/EmailView.tsx(53,26): error TS7026: JSX element implicitly has type 'any' because no interface 'JSX.IntrinsicElements' exists.
components/EmailView.tsx(54,7): error TS7026: JSX element implicitly has type 'any' because no interface 'JSX.IntrinsicElements' exists.
components/EmailView.tsx(78,5): error TS7026: JSX element implicitly has type 'any' because no interface 'JSX.IntrinsicElements' exists.
components/EmailView.tsx(81,9): error TS7026: JSX element implicitly has type 'any' because no interface 'JSX.IntrinsicElements' exists.
components/EmailView.tsx(82,11): error TS7026: JSX element implicitly has type 'any' because no interface 'JSX.IntrinsicElements' exists.
components/EmailView.tsx(83,13): error TS7026: JSX element implicitly has type 'any' because no interface 'JSX.IntrinsicElements' exists.
components/EmailView.tsx(84,15): error TS7026: JSX element implicitly has type 'any' because no interface 'JSX.IntrinsicElements' exists.
components/EmailView.tsx(85,17): error TS7026: JSX element implicitly has type 'any' because no interface 'JSX.IntrinsicElements' exists.
components/EmailView.tsx(86,15): error TS7026: JSX element implicitly has type 'any' because no interface 'JSX.IntrinsicElements' exists.
components/EmailView.tsx(87,13): error TS7026: JSX element implicitly has type 'any' because no interface 'JSX.IntrinsicElements' exists.
components/EmailView.tsx(88,13): error TS7026: JSX element implicitly has type 'any' because no interface 'JSX.IntrinsicElements' exists.
components/EmailView.tsx(89,15): error TS7026: JSX element implicitly has type 'any' because no interface 'JSX.IntrinsicElements' exists.
components/EmailView.tsx(89,62): error TS7026: JSX element implicitly has type 'any' because no interface 'JSX.IntrinsicElements' exists.
components/EmailView.tsx(90,13): error TS7026: JSX element implicitly has type 'any' because no interface 'JSX.IntrinsicElements' exists.
components/EmailView.tsx(91,13): error TS7026: JSX element implicitly has type 'any' because no interface 'JSX.IntrinsicElements' exists.
components/EmailView.tsx(92,15): error TS7026: JSX element implicitly has type 'any' because no interface 'JSX.IntrinsicElements' exists.
components/EmailView.tsx(96,17): error TS7026: JSX element implicitly has type 'any' because no interface 'JSX.IntrinsicElements' exists.
components/EmailView.tsx(96,50): error TS7026: JSX element implicitly has type 'any' because no interface 'JSX.IntrinsicElements' exists.
components/EmailView.tsx(97,17): error TS7026: JSX element implicitly has type 'any' because no interface 'JSX.IntrinsicElements' exists.
components/EmailView.tsx(98,19): error TS7026: JSX element implicitly has type 'any' because no interface 'JSX.IntrinsicElements' exists.
components/EmailView.tsx(99,17): error TS7026: JSX element implicitly has type 'any' because no interface 'JSX.IntrinsicElements' exists.
components/EmailView.tsx(100,15): error TS7026: JSX element implicitly has type 'any' because no interface 'JSX.IntrinsicElements' exists.
components/EmailView.tsx(101,13): error TS7026: JSX element implicitly has type 'any' because no interface 'JSX.IntrinsicElements' exists.
components/EmailView.tsx(102,11): error TS7026: JSX element implicitly has type 'any' because no interface 'JSX.IntrinsicElements' exists.
components/EmailView.tsx(103,9): error TS7026: JSX element implicitly has type 'any' because no interface 'JSX.IntrinsicElements' exists.
components/EmailView.tsx(106,7): error TS7026: JSX element implicitly has type 'any' because no interface 'JSX.IntrinsicElements' exists.
components/EmailView.tsx(107,9): error TS7026: JSX element implicitly has type 'any' because no interface 'JSX.IntrinsicElements' exists.
components/EmailView.tsx(108,11): error TS7026: JSX element implicitly has type 'any' because no interface 'JSX.IntrinsicElements' exists.
components/EmailView.tsx(108,90): error TS7026: JSX element implicitly has type 'any' because no interface 'JSX.IntrinsicElements' exists.
components/EmailView.tsx(110,13): error TS7026: JSX element implicitly has type 'any' because no interface 'JSX.IntrinsicElements' exists.
components/EmailView.tsx(111,15): error TS7026: JSX element implicitly has type 'any' because no interface 'JSX.IntrinsicElements' exists.
components/EmailView.tsx(111,108): error TS7026: JSX element implicitly has type 'any' because no interface 'JSX.IntrinsicElements' exists.
components/EmailView.tsx(112,15): error TS7026: JSX element implicitly has type 'any' because no interface 'JSX.IntrinsicElements' exists.
components/EmailView.tsx(113,17): error TS7026: JSX element implicitly has type 'any' because no interface 'JSX.IntrinsicElements' exists.
components/EmailView.tsx(113,60): error TS7026: JSX element implicitly has type 'any' because no interface 'JSX.IntrinsicElements' exists.
components/EmailView.tsx(114,15): error TS7026: JSX element implicitly has type 'any' because no interface 'JSX.IntrinsicElements' exists.
components/EmailView.tsx(115,13): error TS7026: JSX element implicitly has type 'any' because no interface 'JSX.IntrinsicElements' exists.
components/EmailView.tsx(117,9): error TS7026: JSX element implicitly has type 'any' because no interface 'JSX.IntrinsicElements' exists.
components/EmailView.tsx(119,9): error TS7026: JSX element implicitly has type 'any' because no interface 'JSX.IntrinsicElements' exists.
components/EmailView.tsx(120,11): error TS7026: JSX element implicitly has type 'any' because no interface 'JSX.IntrinsicElements' exists.
components/EmailView.tsx(121,13): error TS7026: JSX element implicitly has type 'any' because no interface 'JSX.IntrinsicElements' exists.
components/EmailView.tsx(123,13): error TS7026: JSX element implicitly has type 'any' because no interface 'JSX.IntrinsicElements' exists.
components/EmailView.tsx(124,13): error TS7026: JSX element implicitly has type 'any' because no interface 'JSX.IntrinsicElements' exists.
components/EmailView.tsx(125,15): error TS7026: JSX element implicitly has type 'any' because no interface 'JSX.IntrinsicElements' exists.
components/EmailView.tsx(126,32): error TS7026: JSX element implicitly has type 'any' because no interface 'JSX.IntrinsicElements' exists.
components/EmailView.tsx(126,112): error TS7026: JSX element implicitly has type 'any' because no interface 'JSX.IntrinsicElements' exists.
components/EmailView.tsx(127,15): error TS7026: JSX element implicitly has type 'any' because no interface 'JSX.IntrinsicElements' exists.
components/EmailView.tsx(128,15): error TS7026: JSX element implicitly has type 'any' because no interface 'JSX.IntrinsicElements' exists.
components/EmailView.tsx(130,15): error TS7026: JSX element implicitly has type 'any' because no interface 'JSX.IntrinsicElements' exists.
components/EmailView.tsx(131,13): error TS7026: JSX element implicitly has type 'any' because no interface 'JSX.IntrinsicElements' exists.
components/EmailView.tsx(132,11): error TS7026: JSX element implicitly has type 'any' because no interface 'JSX.IntrinsicElements' exists.
components/EmailView.tsx(134,11): error TS7026: JSX element implicitly has type 'any' because no interface 'JSX.IntrinsicElements' exists.
components/EmailView.tsx(136,13): error TS7026: JSX element implicitly has type 'any' because no interface 'JSX.IntrinsicElements' exists.
components/EmailView.tsx(136,82): error TS7026: JSX element implicitly has type 'any' because no interface 'JSX.IntrinsicElements' exists.
components/EmailView.tsx(137,11): error TS7026: JSX element implicitly has type 'any' because no interface 'JSX.IntrinsicElements' exists.
components/EmailView.tsx(138,9): error TS7026: JSX element implicitly has type 'any' because no interface 'JSX.IntrinsicElements' exists.
components/EmailView.tsx(142,11): error TS7026: JSX element implicitly has type 'any' because no interface 'JSX.IntrinsicElements' exists.
components/EmailView.tsx(144,15): error TS7026: JSX element implicitly has type 'any' because no interface 'JSX.IntrinsicElements' exists.
components/EmailView.tsx(146,17): error TS7026: JSX element implicitly has type 'any' because no interface 'JSX.IntrinsicElements' exists.
components/EmailView.tsx(146,72): error TS7026: JSX element implicitly has type 'any' because no interface 'JSX.IntrinsicElements' exists.
components/EmailView.tsx(147,15): error TS7026: JSX element implicitly has type 'any' because no interface 'JSX.IntrinsicElements' exists.
components/EmailView.tsx(149,11): error TS7026: JSX element implicitly has type 'any' because no interface 'JSX.IntrinsicElements' exists.
components/EmailView.tsx(151,7): error TS7026: JSX element implicitly has type 'any' because no interface 'JSX.IntrinsicElements' exists.
components/EmailView.tsx(155,9): error TS7026: JSX element implicitly has type 'any' because no interface 'JSX.IntrinsicElements' exists.
components/EmailView.tsx(156,11): error TS7026: JSX element implicitly has type 'any' because no interface 'JSX.IntrinsicElements' exists.
components/EmailView.tsx(158,13): error TS7026: JSX element implicitly has type 'any' because no interface 'JSX.IntrinsicElements' exists.
components/EmailView.tsx(158,65): error TS7026: JSX element implicitly has type 'any' because no interface 'JSX.IntrinsicElements' exists.
components/EmailView.tsx(159,11): error TS7026: JSX element implicitly has type 'any' because no interface 'JSX.IntrinsicElements' exists.
components/EmailView.tsx(160,11): error TS7026: JSX element implicitly has type 'any' because no interface 'JSX.IntrinsicElements' exists.
components/EmailView.tsx(162,11): error TS7026: JSX element implicitly has type 'any' because no interface 'JSX.IntrinsicElements' exists.
components/EmailView.tsx(163,9): error TS7026: JSX element implicitly has type 'any' because no interface 'JSX.IntrinsicElements' exists.
components/EmailView.tsx(168,9): error TS7026: JSX element implicitly has type 'any' because no interface 'JSX.IntrinsicElements' exists.
components/EmailView.tsx(169,11): error TS7026: JSX element implicitly has type 'any' because no interface 'JSX.IntrinsicElements' exists.
components/EmailView.tsx(170,13): error TS7026: JSX element implicitly has type 'any' because no interface 'JSX.IntrinsicElements' exists.
components/EmailView.tsx(175,13): error TS7026: JSX element implicitly has type 'any' because no interface 'JSX.IntrinsicElements' exists.
components/EmailView.tsx(176,13): error TS7026: JSX element implicitly has type 'any' because no interface 'JSX.IntrinsicElements' exists.
components/EmailView.tsx(176,51): error TS7026: JSX element implicitly has type 'any' because no interface 'JSX.IntrinsicElements' exists.
components/EmailView.tsx(177,13): error TS7026: JSX element implicitly has type 'any' because no interface 'JSX.IntrinsicElements' exists.
components/EmailView.tsx(182,13): error TS7026: JSX element implicitly has type 'any' because no interface 'JSX.IntrinsicElements' exists.
components/EmailView.tsx(183,11): error TS7026: JSX element implicitly has type 'any' because no interface 'JSX.IntrinsicElements' exists.
components/EmailView.tsx(184,9): error TS7026: JSX element implicitly has type 'any' because no interface 'JSX.IntrinsicElements' exists.
components/EmailView.tsx(188,7): error TS7026: JSX element implicitly has type 'any' because no interface 'JSX.IntrinsicElements' exists.
components/EmailView.tsx(189,9): error TS7026: JSX element implicitly has type 'any' because no interface 'JSX.IntrinsicElements' exists.
components/EmailView.tsx(191,13): error TS7026: JSX element implicitly has type 'any' because no interface 'JSX.IntrinsicElements' exists.
components/EmailView.tsx(197,13): error TS7026: JSX element implicitly has type 'any' because no interface 'JSX.IntrinsicElements' exists.
components/EmailView.tsx(199,13): error TS7026: JSX element implicitly has type 'any' because no interface 'JSX.IntrinsicElements' exists.
components/EmailView.tsx(201,9): error TS7026: JSX element implicitly has type 'any' because no interface 'JSX.IntrinsicElements' exists.
components/EmailView.tsx(202,7): error TS7026: JSX element implicitly has type 'any' because no interface 'JSX.IntrinsicElements' exists.
components/EmailView.tsx(203,5): error TS7026: JSX element implicitly has type 'any' because no interface 'JSX.IntrinsicElements' exists.
components/Icon.tsx(1,19): error TS7016: Could not find a declaration file for module 'react'. '/home/adi/Projects/SmartMailSorter/node_modules/react/index.js' implicitly has an 'any' type.
  Try `npm i --save-dev @types/react` if it exists or add a new declaration (.d.ts) file containing `declare module 'react';`
components/Icon.tsx(47,84): error TS7031: Binding element 'category' implicitly has an 'any' type.
components/Icon.tsx(47,94): error TS7031: Binding element 'className' implicitly has an 'any' type.
components/Icon.tsx(49,45): error TS7016: Could not find a declaration file for module 'react/jsx-runtime'. '/home/adi/Projects/SmartMailSorter/node_modules/react/jsx-runtime.js' implicitly has an 'any' type.
  Try `npm i --save-dev @types/react` if it exists or add a new declaration (.d.ts) file containing `declare module 'react/jsx-runtime';`
components/ProgressBar.tsx(1,19): error TS7016: Could not find a declaration file for module 'react'. '/home/adi/Projects/SmartMailSorter/node_modules/react/index.js' implicitly has an 'any' type.
  Try `npm i --save-dev @types/react` if it exists or add a new declaration (.d.ts) file containing `declare module 'react';`
components/ProgressBar.tsx(9,52): error TS7031: Binding element 'progress' implicitly has an 'any' type.
components/ProgressBar.tsx(9,62): error TS7031: Binding element 'label' implicitly has an 'any' type.
components/ProgressBar.tsx(11,5): error TS7026: JSX element implicitly has type 'any' because no interface 'JSX.IntrinsicElements' exists.
components/ProgressBar.tsx(11,5): error TS7016: Could not find a declaration file for module 'react/jsx-runtime'. '/home/adi/Projects/SmartMailSorter/node_modules/react/jsx-runtime.js' implicitly has an 'any' type.
  Try `npm i --save-dev @types/react` if it exists or add a new declaration (.d.ts) file containing `declare module 'react/jsx-runtime';`
components/ProgressBar.tsx(12,17): error TS7026: JSX element implicitly has type 'any' because no interface 'JSX.IntrinsicElements' exists.
components/ProgressBar.tsx(12,76): error TS7026: JSX element implicitly has type 'any' because no interface 'JSX.IntrinsicElements' exists.
components/ProgressBar.tsx(13,7): error TS7026: JSX element implicitly has type 'any' because no interface 'JSX.IntrinsicElements' exists.
components/ProgressBar.tsx(14,9): error TS7026: JSX element implicitly has type 'any' because no interface 'JSX.IntrinsicElements' exists.
components/ProgressBar.tsx(18,7): error TS7026: JSX element implicitly has type 'any' because no interface 'JSX.IntrinsicElements' exists.
components/ProgressBar.tsx(19,5): error TS7026: JSX element implicitly has type 'any' because no interface 'JSX.IntrinsicElements' exists.
components/SearchBar.tsx(1,52): error TS7016: Could not find a declaration file for module 'react'. '/home/adi/Projects/SmartMailSorter/node_modules/react/index.js' implicitly has an 'any' type.
  Try `npm i --save-dev @types/react` if it exists or add a new declaration (.d.ts) file containing `declare module 'react';`
components/SearchBar.tsx(19,3): error TS7031: Binding element 'searchTerm' implicitly has an 'any' type.
components/SearchBar.tsx(20,3): error TS7031: Binding element 'onSearchChange' implicitly has an 'any' type.
components/SearchBar.tsx(21,3): error TS7031: Binding element 'config' implicitly has an 'any' type.
components/SearchBar.tsx(22,3): error TS7031: Binding element 'onConfigChange' implicitly has an 'any' type.
components/SearchBar.tsx(51,5): error TS7026: JSX element implicitly has type 'any' because no interface 'JSX.IntrinsicElements' exists.
components/SearchBar.tsx(51,5): error TS7016: Could not find a declaration file for module 'react/jsx-runtime'. '/home/adi/Projects/SmartMailSorter/node_modules/react/jsx-runtime.js' implicitly has an 'any' type.
  Try `npm i --save-dev @types/react` if it exists or add a new declaration (.d.ts) file containing `declare module 'react/jsx-runtime';`
components/SearchBar.tsx(52,7): error TS7026: JSX element implicitly has type 'any' because no interface 'JSX.IntrinsicElements' exists.
components/SearchBar.tsx(53,9): error TS7026: JSX element implicitly has type 'any' because no interface 'JSX.IntrinsicElements' exists.
components/SearchBar.tsx(55,9): error TS7026: JSX element implicitly has type 'any' because no interface 'JSX.IntrinsicElements' exists.
components/SearchBar.tsx(57,9): error TS7026: JSX element implicitly has type 'any' because no interface 'JSX.IntrinsicElements' exists.
components/SearchBar.tsx(60,22): error TS7006: Parameter 'e' implicitly has an 'any' type.
components/SearchBar.tsx(65,9): error TS7026: JSX element implicitly has type 'any' because no interface 'JSX.IntrinsicElements' exists.
components/SearchBar.tsx(67,14): error TS7026: JSX element implicitly has type 'any' because no interface 'JSX.IntrinsicElements' exists.
components/SearchBar.tsx(72,14): error TS7026: JSX element implicitly has type 'any' because no interface 'JSX.IntrinsicElements' exists.
components/SearchBar.tsx(74,11): error TS7026: JSX element implicitly has type 'any' because no interface 'JSX.IntrinsicElements' exists.
components/SearchBar.tsx(82,11): error TS7026: JSX element implicitly has type 'any' because no interface 'JSX.IntrinsicElements' exists.
components/SearchBar.tsx(83,9): error TS7026: JSX element implicitly has type 'any' because no interface 'JSX.IntrinsicElements' exists.
components/SearchBar.tsx(84,7): error TS7026: JSX element implicitly has type 'any' because no interface 'JSX.IntrinsicElements' exists.
components/SearchBar.tsx(88,9): error TS7026: JSX element implicitly has type 'any' because no interface 'JSX.IntrinsicElements' exists.
components/SearchBar.tsx(89,11): error TS7026: JSX element implicitly has type 'any' because no interface 'JSX.IntrinsicElements' exists.
components/SearchBar.tsx(89,104): error TS7026: JSX element implicitly has type 'any' because no interface 'JSX.IntrinsicElements' exists.
components/SearchBar.tsx(91,11): error TS7026: JSX element implicitly has type 'any' because no interface 'JSX.IntrinsicElements' exists.
components/SearchBar.tsx(92,13): error TS7026: JSX element implicitly has type 'any' because no interface 'JSX.IntrinsicElements' exists.
components/SearchBar.tsx(93,15): error TS7026: JSX element implicitly has type 'any' because no interface 'JSX.IntrinsicElements' exists.
components/SearchBar.tsx(100,13): error TS7026: JSX element implicitly has type 'any' because no interface 'JSX.IntrinsicElements' exists.
components/SearchBar.tsx(101,13): error TS7026: JSX element implicitly has type 'any' because no interface 'JSX.IntrinsicElements' exists.
components/SearchBar.tsx(102,15): error TS7026: JSX element implicitly has type 'any' because no interface 'JSX.IntrinsicElements' exists.
components/SearchBar.tsx(109,13): error TS7026: JSX element implicitly has type 'any' because no interface 'JSX.IntrinsicElements' exists.
components/SearchBar.tsx(110,13): error TS7026: JSX element implicitly has type 'any' because no interface 'JSX.IntrinsicElements' exists.
components/SearchBar.tsx(111,15): error TS7026: JSX element implicitly has type 'any' because no interface 'JSX.IntrinsicElements' exists.
components/SearchBar.tsx(118,13): error TS7026: JSX element implicitly has type 'any' because no interface 'JSX.IntrinsicElements' exists.
components/SearchBar.tsx(119,11): error TS7026: JSX element implicitly has type 'any' because no interface 'JSX.IntrinsicElements' exists.
components/SearchBar.tsx(121,11): error TS7026: JSX element implicitly has type 'any' because no interface 'JSX.IntrinsicElements' exists.
components/SearchBar.tsx(121,130): error TS7026: JSX element implicitly has type 'any' because no interface 'JSX.IntrinsicElements' exists.
components/SearchBar.tsx(122,11): error TS7026: JSX element implicitly has type 'any' because no interface 'JSX.IntrinsicElements' exists.
components/SearchBar.tsx(123,13): error TS7026: JSX element implicitly has type 'any' because no interface 'JSX.IntrinsicElements' exists.
components/SearchBar.tsx(130,13): error TS7026: JSX element implicitly has type 'any' because no interface 'JSX.IntrinsicElements' exists.
components/SearchBar.tsx(131,13): error TS7026: JSX element implicitly has type 'any' because no interface 'JSX.IntrinsicElements' exists.
components/SearchBar.tsx(138,13): error TS7026: JSX element implicitly has type 'any' because no interface 'JSX.IntrinsicElements' exists.
components/SearchBar.tsx(139,11): error TS7026: JSX element implicitly has type 'any' because no interface 'JSX.IntrinsicElements' exists.
components/SearchBar.tsx(140,9): error TS7026: JSX element implicitly has type 'any' because no interface 'JSX.IntrinsicElements' exists.
components/SearchBar.tsx(142,5): error TS7026: JSX element implicitly has type 'any' because no interface 'JSX.IntrinsicElements' exists.
components/SettingsModal.tsx(1,44): error TS7016: Could not find a declaration file for module 'react'. '/home/adi/Projects/SmartMailSorter/node_modules/react/index.js' implicitly has an 'any' type.
  Try `npm i --save-dev @types/react` if it exists or add a new declaration (.d.ts) file containing `declare module 'react';`
components/SettingsModal.tsx(17,3): error TS7031: Binding element 'isOpen' implicitly has an 'any' type.
components/SettingsModal.tsx(18,3): error TS7031: Binding element 'onClose' implicitly has an 'any' type.
components/SettingsModal.tsx(19,3): error TS7031: Binding element 'accounts' implicitly has an 'any' type.
components/SettingsModal.tsx(20,3): error TS7031: Binding element 'onAddAccount' implicitly has an 'any' type.
components/SettingsModal.tsx(21,3): error TS7031: Binding element 'onRemoveAccount' implicitly has an 'any' type.
components/SettingsModal.tsx(22,3): error TS7031: Binding element 'aiSettings' implicitly has an 'any' type.
components/SettingsModal.tsx(23,3): error TS7031: Binding element 'onSaveAISettings' implicitly has an 'any' type.
components/SettingsModal.tsx(129,5): error TS7026: JSX element implicitly has type 'any' because no interface 'JSX.IntrinsicElements' exists.
components/SettingsModal.tsx(129,5): error TS7016: Could not find a declaration file for module 'react/jsx-runtime'. '/home/adi/Projects/SmartMailSorter/node_modules/react/jsx-runtime.js' implicitly has an 'any' type.
  Try `npm i --save-dev @types/react` if it exists or add a new declaration (.d.ts) file containing `declare module 'react/jsx-runtime';`
components/SettingsModal.tsx(130,7): error TS7026: JSX element implicitly has type 'any' because no interface 'JSX.IntrinsicElements' exists.
components/SettingsModal.tsx(132,9): error TS7026: JSX element implicitly has type 'any' because no interface 'JSX.IntrinsicElements' exists.
components/SettingsModal.tsx(133,11): error TS7026: JSX element implicitly has type 'any' because no interface 'JSX.IntrinsicElements' exists.
components/SettingsModal.tsx(133,73): error TS7026: JSX element implicitly has type 'any' because no interface 'JSX.IntrinsicElements' exists.
components/SettingsModal.tsx(134,11): error TS7026: JSX element implicitly has type 'any' because no interface 'JSX.IntrinsicElements' exists.
components/SettingsModal.tsx(136,11): error TS7026: JSX element implicitly has type 'any' because no interface 'JSX.IntrinsicElements' exists.
components/SettingsModal.tsx(137,9): error TS7026: JSX element implicitly has type 'any' because no interface 'JSX.IntrinsicElements' exists.
components/SettingsModal.tsx(139,9): error TS7026: JSX element implicitly has type 'any' because no interface 'JSX.IntrinsicElements' exists.
components/SettingsModal.tsx(141,11): error TS7026: JSX element implicitly has type 'any' because no interface 'JSX.IntrinsicElements' exists.
components/SettingsModal.tsx(142,13): error TS7026: JSX element implicitly has type 'any' because no interface 'JSX.IntrinsicElements' exists.
components/SettingsModal.tsx(148,13): error TS7026: JSX element implicitly has type 'any' because no interface 'JSX.IntrinsicElements' exists.
components/SettingsModal.tsx(149,13): error TS7026: JSX element implicitly has type 'any' because no interface 'JSX.IntrinsicElements' exists.
components/SettingsModal.tsx(156,13): error TS7026: JSX element implicitly has type 'any' because no interface 'JSX.IntrinsicElements' exists.
components/SettingsModal.tsx(157,13): error TS7026: JSX element implicitly has type 'any' because no interface 'JSX.IntrinsicElements' exists.
components/SettingsModal.tsx(163,13): error TS7026: JSX element implicitly has type 'any' because no interface 'JSX.IntrinsicElements' exists.
components/SettingsModal.tsx(164,11): error TS7026: JSX element implicitly has type 'any' because no interface 'JSX.IntrinsicElements' exists.
components/SettingsModal.tsx(167,11): error TS7026: JSX element implicitly has type 'any' because no interface 'JSX.IntrinsicElements' exists.
components/SettingsModal.tsx(169,15): error TS7026: JSX element implicitly has type 'any' because no interface 'JSX.IntrinsicElements' exists.
components/SettingsModal.tsx(170,17): error TS7026: JSX element implicitly has type 'any' because no interface 'JSX.IntrinsicElements' exists.
components/SettingsModal.tsx(171,19): error TS7026: JSX element implicitly has type 'any' because no interface 'JSX.IntrinsicElements' exists.
components/SettingsModal.tsx(171,81): error TS7026: JSX element implicitly has type 'any' because no interface 'JSX.IntrinsicElements' exists.
components/SettingsModal.tsx(173,21): error TS7026: JSX element implicitly has type 'any' because no interface 'JSX.IntrinsicElements' exists.
components/SettingsModal.tsx(179,21): error TS7026: JSX element implicitly has type 'any' because no interface 'JSX.IntrinsicElements' exists.
components/SettingsModal.tsx(181,17): error TS7026: JSX element implicitly has type 'any' because no interface 'JSX.IntrinsicElements' exists.
components/SettingsModal.tsx(184,19): error TS7026: JSX element implicitly has type 'any' because no interface 'JSX.IntrinsicElements' exists.
components/SettingsModal.tsx(185,21): error TS7026: JSX element implicitly has type 'any' because no interface 'JSX.IntrinsicElements' exists.
components/SettingsModal.tsx(185,95): error TS7026: JSX element implicitly has type 'any' because no interface 'JSX.IntrinsicElements' exists.
components/SettingsModal.tsx(188,21): error TS7026: JSX element implicitly has type 'any' because no interface 'JSX.IntrinsicElements' exists.
components/SettingsModal.tsx(189,23): error TS7026: JSX element implicitly has type 'any' because no interface 'JSX.IntrinsicElements' exists.
components/SettingsModal.tsx(190,25): error TS7026: JSX element implicitly has type 'any' because no interface 'JSX.IntrinsicElements' exists.
components/SettingsModal.tsx(190,86): error TS7026: JSX element implicitly has type 'any' because no interface 'JSX.IntrinsicElements' exists.
components/SettingsModal.tsx(191,25): error TS7026: JSX element implicitly has type 'any' because no interface 'JSX.IntrinsicElements' exists.
components/SettingsModal.tsx(193,29): error TS7026: JSX element implicitly has type 'any' because no interface 'JSX.IntrinsicElements' exists.
components/SettingsModal.tsx(208,29): error TS7026: JSX element implicitly has type 'any' because no interface 'JSX.IntrinsicElements' exists.
components/SettingsModal.tsx(210,25): error TS7026: JSX element implicitly has type 'any' because no interface 'JSX.IntrinsicElements' exists.
components/SettingsModal.tsx(211,23): error TS7026: JSX element implicitly has type 'any' because no interface 'JSX.IntrinsicElements' exists.
components/SettingsModal.tsx(212,21): error TS7026: JSX element implicitly has type 'any' because no interface 'JSX.IntrinsicElements' exists.
components/SettingsModal.tsx(214,21): error TS7026: JSX element implicitly has type 'any' because no interface 'JSX.IntrinsicElements' exists.
components/SettingsModal.tsx(215,23): error TS7026: JSX element implicitly has type 'any' because no interface 'JSX.IntrinsicElements' exists.
components/SettingsModal.tsx(216,25): error TS7026: JSX element implicitly has type 'any' because no interface 'JSX.IntrinsicElements' exists.
components/SettingsModal.tsx(216,92): error TS7026: JSX element implicitly has type 'any' because no interface 'JSX.IntrinsicElements' exists.
components/SettingsModal.tsx(217,25): error TS7026: JSX element implicitly has type 'any' because no interface 'JSX.IntrinsicElements' exists.
components/SettingsModal.tsx(222,37): error TS7006: Parameter 'e' implicitly has an 'any' type.
components/SettingsModal.tsx(224,23): error TS7026: JSX element implicitly has type 'any' because no interface 'JSX.IntrinsicElements' exists.
components/SettingsModal.tsx(225,23): error TS7026: JSX element implicitly has type 'any' because no interface 'JSX.IntrinsicElements' exists.
components/SettingsModal.tsx(226,25): error TS7026: JSX element implicitly has type 'any' because no interface 'JSX.IntrinsicElements' exists.
components/SettingsModal.tsx(226,91): error TS7026: JSX element implicitly has type 'any' because no interface 'JSX.IntrinsicElements' exists.
components/SettingsModal.tsx(227,25): error TS7026: JSX element implicitly has type 'any' because no interface 'JSX.IntrinsicElements' exists.
components/SettingsModal.tsx(232,37): error TS7006: Parameter 'e' implicitly has an 'any' type.
components/SettingsModal.tsx(234,23): error TS7026: JSX element implicitly has type 'any' because no interface 'JSX.IntrinsicElements' exists.
components/SettingsModal.tsx(236,23): error TS7026: JSX element implicitly has type 'any' because no interface 'JSX.IntrinsicElements' exists.
components/SettingsModal.tsx(237,25): error TS7026: JSX element implicitly has type 'any' because no interface 'JSX.IntrinsicElements' exists.
components/SettingsModal.tsx(237,86): error TS7026: JSX element implicitly has type 'any' because no interface 'JSX.IntrinsicElements' exists.
components/SettingsModal.tsx(238,25): error TS7026: JSX element implicitly has type 'any' because no interface 'JSX.IntrinsicElements' exists.
components/SettingsModal.tsx(243,37): error TS7006: Parameter 'e' implicitly has an 'any' type.
components/SettingsModal.tsx(245,23): error TS7026: JSX element implicitly has type 'any' because no interface 'JSX.IntrinsicElements' exists.
components/SettingsModal.tsx(249,27): error TS7026: JSX element implicitly has type 'any' because no interface 'JSX.IntrinsicElements' exists.
components/SettingsModal.tsx(250,29): error TS7026: JSX element implicitly has type 'any' because no interface 'JSX.IntrinsicElements' exists.
components/SettingsModal.tsx(250,93): error TS7026: JSX element implicitly has type 'any' because no interface 'JSX.IntrinsicElements' exists.
components/SettingsModal.tsx(251,29): error TS7026: JSX element implicitly has type 'any' because no interface 'JSX.IntrinsicElements' exists.
components/SettingsModal.tsx(256,41): error TS7006: Parameter 'e' implicitly has an 'any' type.
components/SettingsModal.tsx(258,27): error TS7026: JSX element implicitly has type 'any' because no interface 'JSX.IntrinsicElements' exists.
components/SettingsModal.tsx(259,27): error TS7026: JSX element implicitly has type 'any' because no interface 'JSX.IntrinsicElements' exists.
components/SettingsModal.tsx(260,29): error TS7026: JSX element implicitly has type 'any' because no interface 'JSX.IntrinsicElements' exists.
components/SettingsModal.tsx(260,86): error TS7026: JSX element implicitly has type 'any' because no interface 'JSX.IntrinsicElements' exists.
components/SettingsModal.tsx(261,29): error TS7026: JSX element implicitly has type 'any' because no interface 'JSX.IntrinsicElements' exists.
components/SettingsModal.tsx(266,41): error TS7006: Parameter 'e' implicitly has an 'any' type.
components/SettingsModal.tsx(268,27): error TS7026: JSX element implicitly has type 'any' because no interface 'JSX.IntrinsicElements' exists.
components/SettingsModal.tsx(271,21): error TS7026: JSX element implicitly has type 'any' because no interface 'JSX.IntrinsicElements' exists.
components/SettingsModal.tsx(272,21): error TS7026: JSX element implicitly has type 'any' because no interface 'JSX.IntrinsicElements' exists.
components/SettingsModal.tsx(273,23): error TS7026: JSX element implicitly has type 'any' because no interface 'JSX.IntrinsicElements' exists.
components/SettingsModal.tsx(274,25): error TS7026: JSX element implicitly has type 'any' because no interface 'JSX.IntrinsicElements' exists.
components/SettingsModal.tsx(276,56): error TS7026: JSX element implicitly has type 'any' because no interface 'JSX.IntrinsicElements' exists.
components/SettingsModal.tsx(276,156): error TS7026: JSX element implicitly has type 'any' because no interface 'JSX.IntrinsicElements' exists.
components/SettingsModal.tsx(276,171): error TS7026: JSX element implicitly has type 'any' because no interface 'JSX.IntrinsicElements' exists.
components/SettingsModal.tsx(276,178): error TS7026: JSX element implicitly has type 'any' because no interface 'JSX.IntrinsicElements' exists.
components/SettingsModal.tsx(277,54): error TS7026: JSX element implicitly has type 'any' because no interface 'JSX.IntrinsicElements' exists.
components/SettingsModal.tsx(277,152): error TS7026: JSX element implicitly has type 'any' because no interface 'JSX.IntrinsicElements' exists.
components/SettingsModal.tsx(277,171): error TS7026: JSX element implicitly has type 'any' because no interface 'JSX.IntrinsicElements' exists.
components/SettingsModal.tsx(277,178): error TS7026: JSX element implicitly has type 'any' because no interface 'JSX.IntrinsicElements' exists.
components/SettingsModal.tsx(278,25): error TS7026: JSX element implicitly has type 'any' because no interface 'JSX.IntrinsicElements' exists.
components/SettingsModal.tsx(279,25): error TS7026: JSX element implicitly has type 'any' because no interface 'JSX.IntrinsicElements' exists.
components/SettingsModal.tsx(280,27): error TS7026: JSX element implicitly has type 'any' because no interface 'JSX.IntrinsicElements' exists.
components/SettingsModal.tsx(286,27): error TS7026: JSX element implicitly has type 'any' because no interface 'JSX.IntrinsicElements' exists.
components/SettingsModal.tsx(287,27): error TS7026: JSX element implicitly has type 'any' because no interface 'JSX.IntrinsicElements' exists.
components/SettingsModal.tsx(292,27): error TS7026: JSX element implicitly has type 'any' because no interface 'JSX.IntrinsicElements' exists.
components/SettingsModal.tsx(293,27): error TS7026: JSX element implicitly has type 'any' because no interface 'JSX.IntrinsicElements' exists.
components/SettingsModal.tsx(299,27): error TS7026: JSX element implicitly has type 'any' because no interface 'JSX.IntrinsicElements' exists.
components/SettingsModal.tsx(300,25): error TS7026: JSX element implicitly has type 'any' because no interface 'JSX.IntrinsicElements' exists.
components/SettingsModal.tsx(301,23): error TS7026: JSX element implicitly has type 'any' because no interface 'JSX.IntrinsicElements' exists.
components/SettingsModal.tsx(302,21): error TS7026: JSX element implicitly has type 'any' because no interface 'JSX.IntrinsicElements' exists.
components/SettingsModal.tsx(303,19): error TS7026: JSX element implicitly has type 'any' because no interface 'JSX.IntrinsicElements' exists.
components/SettingsModal.tsx(306,17): error TS7026: JSX element implicitly has type 'any' because no interface 'JSX.IntrinsicElements' exists.
components/SettingsModal.tsx(307,33): error TS7006: Parameter 'acc' implicitly has an 'any' type.
components/SettingsModal.tsx(308,21): error TS7026: JSX element implicitly has type 'any' because no interface 'JSX.IntrinsicElements' exists.
components/SettingsModal.tsx(309,23): error TS7026: JSX element implicitly has type 'any' because no interface 'JSX.IntrinsicElements' exists.
components/SettingsModal.tsx(310,25): error TS7026: JSX element implicitly has type 'any' because no interface 'JSX.IntrinsicElements' exists.
components/SettingsModal.tsx(312,25): error TS7026: JSX element implicitly has type 'any' because no interface 'JSX.IntrinsicElements' exists.
components/SettingsModal.tsx(313,25): error TS7026: JSX element implicitly has type 'any' because no interface 'JSX.IntrinsicElements' exists.
components/SettingsModal.tsx(314,27): error TS7026: JSX element implicitly has type 'any' because no interface 'JSX.IntrinsicElements' exists.
components/SettingsModal.tsx(314,81): error TS7026: JSX element implicitly has type 'any' because no interface 'JSX.IntrinsicElements' exists.
components/SettingsModal.tsx(315,27): error TS7026: JSX element implicitly has type 'any' because no interface 'JSX.IntrinsicElements' exists.
components/SettingsModal.tsx(317,29): error TS7026: JSX element implicitly has type 'any' because no interface 'JSX.IntrinsicElements' exists.
components/SettingsModal.tsx(317,86): error TS7026: JSX element implicitly has type 'any' because no interface 'JSX.IntrinsicElements' exists.
components/SettingsModal.tsx(319,27): error TS7026: JSX element implicitly has type 'any' because no interface 'JSX.IntrinsicElements' exists.
components/SettingsModal.tsx(320,25): error TS7026: JSX element implicitly has type 'any' because no interface 'JSX.IntrinsicElements' exists.
components/SettingsModal.tsx(321,23): error TS7026: JSX element implicitly has type 'any' because no interface 'JSX.IntrinsicElements' exists.
components/SettingsModal.tsx(323,25): error TS7026: JSX element implicitly has type 'any' because no interface 'JSX.IntrinsicElements' exists.
components/SettingsModal.tsx(329,25): error TS7026: JSX element implicitly has type 'any' because no interface 'JSX.IntrinsicElements' exists.
components/SettingsModal.tsx(331,21): error TS7026: JSX element implicitly has type 'any' because no interface 'JSX.IntrinsicElements' exists.
components/SettingsModal.tsx(333,17): error TS7026: JSX element implicitly has type 'any' because no interface 'JSX.IntrinsicElements' exists.
components/SettingsModal.tsx(334,15): error TS7026: JSX element implicitly has type 'any' because no interface 'JSX.IntrinsicElements' exists.
components/SettingsModal.tsx(338,15): error TS7026: JSX element implicitly has type 'any' because no interface 'JSX.IntrinsicElements' exists.
components/SettingsModal.tsx(339,17): error TS7026: JSX element implicitly has type 'any' because no interface 'JSX.IntrinsicElements' exists.
components/SettingsModal.tsx(340,19): error TS7026: JSX element implicitly has type 'any' because no interface 'JSX.IntrinsicElements' exists.
components/SettingsModal.tsx(342,19): error TS7026: JSX element implicitly has type 'any' because no interface 'JSX.IntrinsicElements' exists.
components/SettingsModal.tsx(343,19): error TS7026: JSX element implicitly has type 'any' because no interface 'JSX.IntrinsicElements' exists.
components/SettingsModal.tsx(344,21): error TS7026: JSX element implicitly has type 'any' because no interface 'JSX.IntrinsicElements' exists.
components/SettingsModal.tsx(344,86): error TS7026: JSX element implicitly has type 'any' because no interface 'JSX.IntrinsicElements' exists.
components/SettingsModal.tsx(345,21): error TS7026: JSX element implicitly has type 'any' because no interface 'JSX.IntrinsicElements' exists.
components/SettingsModal.tsx(345,99): error TS7026: JSX element implicitly has type 'any' because no interface 'JSX.IntrinsicElements' exists.
components/SettingsModal.tsx(346,19): error TS7026: JSX element implicitly has type 'any' because no interface 'JSX.IntrinsicElements' exists.
components/SettingsModal.tsx(347,17): error TS7026: JSX element implicitly has type 'any' because no interface 'JSX.IntrinsicElements' exists.
components/SettingsModal.tsx(349,17): error TS7026: JSX element implicitly has type 'any' because no interface 'JSX.IntrinsicElements' exists.
components/SettingsModal.tsx(351,19): error TS7026: JSX element implicitly has type 'any' because no interface 'JSX.IntrinsicElements' exists.
components/SettingsModal.tsx(352,21): error TS7026: JSX element implicitly has type 'any' because no interface 'JSX.IntrinsicElements' exists.
components/SettingsModal.tsx(355,21): error TS7026: JSX element implicitly has type 'any' because no interface 'JSX.IntrinsicElements' exists.
components/SettingsModal.tsx(356,21): error TS7026: JSX element implicitly has type 'any' because no interface 'JSX.IntrinsicElements' exists.
components/SettingsModal.tsx(359,34): error TS7006: Parameter 'e' implicitly has an 'any' type.
components/SettingsModal.tsx(362,25): error TS7026: JSX element implicitly has type 'any' because no interface 'JSX.IntrinsicElements' exists.
components/SettingsModal.tsx(362,54): error TS7026: JSX element implicitly has type 'any' because no interface 'JSX.IntrinsicElements' exists.
components/SettingsModal.tsx(364,21): error TS7026: JSX element implicitly has type 'any' because no interface 'JSX.IntrinsicElements' exists.
components/SettingsModal.tsx(365,19): error TS7026: JSX element implicitly has type 'any' because no interface 'JSX.IntrinsicElements' exists.
components/SettingsModal.tsx(368,19): error TS7026: JSX element implicitly has type 'any' because no interface 'JSX.IntrinsicElements' exists.
components/SettingsModal.tsx(369,21): error TS7026: JSX element implicitly has type 'any' because no interface 'JSX.IntrinsicElements' exists.
components/SettingsModal.tsx(372,21): error TS7026: JSX element implicitly has type 'any' because no interface 'JSX.IntrinsicElements' exists.
components/SettingsModal.tsx(373,21): error TS7026: JSX element implicitly has type 'any' because no interface 'JSX.IntrinsicElements' exists.
components/SettingsModal.tsx(376,34): error TS7006: Parameter 'e' implicitly has an 'any' type.
components/SettingsModal.tsx(378,24): error TS7053: Element implicitly has an 'any' type because expression of type 'any' can't be used to index type 'Record<LLMProvider, string[]>'.
components/SettingsModal.tsx(378,70): error TS7006: Parameter 'm' implicitly has an 'any' type.
components/SettingsModal.tsx(379,25): error TS7026: JSX element implicitly has type 'any' because no interface 'JSX.IntrinsicElements' exists.
components/SettingsModal.tsx(379,54): error TS7026: JSX element implicitly has type 'any' because no interface 'JSX.IntrinsicElements' exists.
components/SettingsModal.tsx(381,21): error TS7026: JSX element implicitly has type 'any' because no interface 'JSX.IntrinsicElements' exists.
components/SettingsModal.tsx(382,19): error TS7026: JSX element implicitly has type 'any' because no interface 'JSX.IntrinsicElements' exists.
components/SettingsModal.tsx(385,19): error TS7026: JSX element implicitly has type 'any' because no interface 'JSX.IntrinsicElements' exists.
components/SettingsModal.tsx(386,21): error TS7026: JSX element implicitly has type 'any' because no interface 'JSX.IntrinsicElements' exists.
components/SettingsModal.tsx(389,21): error TS7026: JSX element implicitly has type 'any' because no interface 'JSX.IntrinsicElements' exists.
components/SettingsModal.tsx(390,21): error TS7026: JSX element implicitly has type 'any' because no interface 'JSX.IntrinsicElements' exists.
components/SettingsModal.tsx(395,34): error TS7006: Parameter 'e' implicitly has an 'any' type.
components/SettingsModal.tsx(397,21): error TS7026: JSX element implicitly has type 'any' because no interface 'JSX.IntrinsicElements' exists.
components/SettingsModal.tsx(401,21): error TS7026: JSX element implicitly has type 'any' because no interface 'JSX.IntrinsicElements' exists.
components/SettingsModal.tsx(402,19): error TS7026: JSX element implicitly has type 'any' because no interface 'JSX.IntrinsicElements' exists.
components/SettingsModal.tsx(403,17): error TS7026: JSX element implicitly has type 'any' because no interface 'JSX.IntrinsicElements' exists.
components/SettingsModal.tsx(405,17): error TS7026: JSX element implicitly has type 'any' because no interface 'JSX.IntrinsicElements' exists.
components/SettingsModal.tsx(406,19): error TS7026: JSX element implicitly has type 'any' because no interface 'JSX.IntrinsicElements' exists.
components/SettingsModal.tsx(411,19): error TS7026: JSX element implicitly has type 'any' because no interface 'JSX.IntrinsicElements' exists.
components/SettingsModal.tsx(412,17): error TS7026: JSX element implicitly has type 'any' because no interface 'JSX.IntrinsicElements' exists.
components/SettingsModal.tsx(413,15): error TS7026: JSX element implicitly has type 'any' because no interface 'JSX.IntrinsicElements' exists.
components/SettingsModal.tsx(417,15): error TS7026: JSX element implicitly has type 'any' because no interface 'JSX.IntrinsicElements' exists.
components/SettingsModal.tsx(418,17): error TS7026: JSX element implicitly has type 'any' because no interface 'JSX.IntrinsicElements' exists.
components/SettingsModal.tsx(418,83): error TS7026: JSX element implicitly has type 'any' because no interface 'JSX.IntrinsicElements' exists.
components/SettingsModal.tsx(419,17): error TS7026: JSX element implicitly has type 'any' because no interface 'JSX.IntrinsicElements' exists.
components/SettingsModal.tsx(430,17): error TS7026: JSX element implicitly has type 'any' because no interface 'JSX.IntrinsicElements' exists.
components/SettingsModal.tsx(431,15): error TS7026: JSX element implicitly has type 'any' because no interface 'JSX.IntrinsicElements' exists.
components/SettingsModal.tsx(433,11): error TS7026: JSX element implicitly has type 'any' because no interface 'JSX.IntrinsicElements' exists.
components/SettingsModal.tsx(434,9): error TS7026: JSX element implicitly has type 'any' because no interface 'JSX.IntrinsicElements' exists.
components/SettingsModal.tsx(435,7): error TS7026: JSX element implicitly has type 'any' because no interface 'JSX.IntrinsicElements' exists.
components/SettingsModal.tsx(436,5): error TS7026: JSX element implicitly has type 'any' because no interface 'JSX.IntrinsicElements' exists.
components/Sidebar.tsx(1,33): error TS7016: Could not find a declaration file for module 'react'. '/home/adi/Projects/SmartMailSorter/node_modules/react/index.js' implicitly has an 'any' type.
  Try `npm i --save-dev @types/react` if it exists or add a new declaration (.d.ts) file containing `declare module 'react';`
components/Sidebar.tsx(30,3): error TS7031: Binding element 'selectedCategory' implicitly has an 'any' type.
components/Sidebar.tsx(31,3): error TS7031: Binding element 'onSelectCategory' implicitly has an 'any' type.
components/Sidebar.tsx(32,3): error TS7031: Binding element 'onAddCategory' implicitly has an 'any' type.
components/Sidebar.tsx(33,3): error TS7031: Binding element 'categories' implicitly has an 'any' type.
components/Sidebar.tsx(34,3): error TS7031: Binding element 'counts' implicitly has an 'any' type.
components/Sidebar.tsx(35,3): error TS7031: Binding element 'isProcessing' implicitly has an 'any' type.
components/Sidebar.tsx(36,3): error TS7031: Binding element 'onReset' implicitly has an 'any' type.
components/Sidebar.tsx(37,3): error TS7031: Binding element 'accounts' implicitly has an 'any' type.
components/Sidebar.tsx(38,3): error TS7031: Binding element 'activeAccountId' implicitly has an 'any' type.
components/Sidebar.tsx(39,3): error TS7031: Binding element 'onSwitchAccount' implicitly has an 'any' type.
components/Sidebar.tsx(40,3): error TS7031: Binding element 'onOpenSettings' implicitly has an 'any' type.
components/Sidebar.tsx(41,3): error TS7031: Binding element 'onDeleteCategory' implicitly has an 'any' type.
components/Sidebar.tsx(42,3): error TS7031: Binding element 'onRenameCategory' implicitly has an 'any' type.
components/Sidebar.tsx(43,3): error TS7031: Binding element 'onUpdateIcon' implicitly has an 'any' type.
components/Sidebar.tsx(50,39): error TS7006: Parameter 'a' implicitly has an 'any' type.
components/Sidebar.tsx(65,48): error TS7006: Parameter 'c' implicitly has an 'any' type.
components/Sidebar.tsx(69,45): error TS7006: Parameter 'c' implicitly has an 'any' type.
components/Sidebar.tsx(72,45): error TS7006: Parameter 'c' implicitly has an 'any' type.
components/Sidebar.tsx(79,25): error TS7006: Parameter 'a' implicitly has an 'any' type.
components/Sidebar.tsx(79,28): error TS7006: Parameter 'b' implicitly has an 'any' type.
components/Sidebar.tsx(80,25): error TS7006: Parameter 'a' implicitly has an 'any' type.
components/Sidebar.tsx(80,28): error TS7006: Parameter 'b' implicitly has an 'any' type.
components/Sidebar.tsx(91,7): error TS7026: JSX element implicitly has type 'any' because no interface 'JSX.IntrinsicElements' exists.
components/Sidebar.tsx(94,25): error TS7006: Parameter 'e' implicitly has an 'any' type.
components/Sidebar.tsx(101,9): error TS7026: JSX element implicitly has type 'any' because no interface 'JSX.IntrinsicElements' exists.
components/Sidebar.tsx(103,11): error TS7026: JSX element implicitly has type 'any' because no interface 'JSX.IntrinsicElements' exists.
components/Sidebar.tsx(103,71): error TS7026: JSX element implicitly has type 'any' because no interface 'JSX.IntrinsicElements' exists.
components/Sidebar.tsx(104,9): error TS7026: JSX element implicitly has type 'any' because no interface 'JSX.IntrinsicElements' exists.
components/Sidebar.tsx(106,11): error TS7026: JSX element implicitly has type 'any' because no interface 'JSX.IntrinsicElements' exists.
components/Sidebar.tsx(108,11): error TS7026: JSX element implicitly has type 'any' because no interface 'JSX.IntrinsicElements' exists.
components/Sidebar.tsx(110,7): error TS7026: JSX element implicitly has type 'any' because no interface 'JSX.IntrinsicElements' exists.
components/Sidebar.tsx(127,5): error TS7026: JSX element implicitly has type 'any' because no interface 'JSX.IntrinsicElements' exists.
components/Sidebar.tsx(127,5): error TS7016: Could not find a declaration file for module 'react/jsx-runtime'. '/home/adi/Projects/SmartMailSorter/node_modules/react/jsx-runtime.js' implicitly has an 'any' type.
  Try `npm i --save-dev @types/react` if it exists or add a new declaration (.d.ts) file containing `declare module 'react/jsx-runtime';`
components/Sidebar.tsx(130,7): error TS7026: JSX element implicitly has type 'any' because no interface 'JSX.IntrinsicElements' exists.
components/Sidebar.tsx(131,9): error TS7026: JSX element implicitly has type 'any' because no interface 'JSX.IntrinsicElements' exists.
components/Sidebar.tsx(135,11): error TS7026: JSX element implicitly has type 'any' because no interface 'JSX.IntrinsicElements' exists.
components/Sidebar.tsx(138,17): error TS7026: JSX element implicitly has type 'any' because no interface 'JSX.IntrinsicElements' exists.
components/Sidebar.tsx(140,17): error TS7026: JSX element implicitly has type 'any' because no interface 'JSX.IntrinsicElements' exists.
components/Sidebar.tsx(141,17): error TS7026: JSX element implicitly has type 'any' because no interface 'JSX.IntrinsicElements' exists.
components/Sidebar.tsx(142,19): error TS7026: JSX element implicitly has type 'any' because no interface 'JSX.IntrinsicElements' exists.
components/Sidebar.tsx(142,98): error TS7026: JSX element implicitly has type 'any' because no interface 'JSX.IntrinsicElements' exists.
components/Sidebar.tsx(143,19): error TS7026: JSX element implicitly has type 'any' because no interface 'JSX.IntrinsicElements' exists.
components/Sidebar.tsx(143,89): error TS7026: JSX element implicitly has type 'any' because no interface 'JSX.IntrinsicElements' exists.
components/Sidebar.tsx(144,17): error TS7026: JSX element implicitly has type 'any' because no interface 'JSX.IntrinsicElements' exists.
components/Sidebar.tsx(147,15): error TS7026: JSX element implicitly has type 'any' because no interface 'JSX.IntrinsicElements' exists.
components/Sidebar.tsx(148,17): error TS7026: JSX element implicitly has type 'any' because no interface 'JSX.IntrinsicElements' exists.
components/Sidebar.tsx(148,86): error TS7026: JSX element implicitly has type 'any' because no interface 'JSX.IntrinsicElements' exists.
components/Sidebar.tsx(149,17): error TS7026: JSX element implicitly has type 'any' because no interface 'JSX.IntrinsicElements' exists.
components/Sidebar.tsx(149,82): error TS7026: JSX element implicitly has type 'any' because no interface 'JSX.IntrinsicElements' exists.
components/Sidebar.tsx(150,15): error TS7026: JSX element implicitly has type 'any' because no interface 'JSX.IntrinsicElements' exists.
components/Sidebar.tsx(152,11): error TS7026: JSX element implicitly has type 'any' because no interface 'JSX.IntrinsicElements' exists.
components/Sidebar.tsx(154,9): error TS7026: JSX element implicitly has type 'any' because no interface 'JSX.IntrinsicElements' exists.
components/Sidebar.tsx(158,11): error TS7026: JSX element implicitly has type 'any' because no interface 'JSX.IntrinsicElements' exists.
components/Sidebar.tsx(159,13): error TS7026: JSX element implicitly has type 'any' because no interface 'JSX.IntrinsicElements' exists.
components/Sidebar.tsx(160,29): error TS7006: Parameter 'acc' implicitly has an 'any' type.
components/Sidebar.tsx(161,17): error TS7026: JSX element implicitly has type 'any' because no interface 'JSX.IntrinsicElements' exists.
components/Sidebar.tsx(170,19): error TS7026: JSX element implicitly has type 'any' because no interface 'JSX.IntrinsicElements' exists.
components/Sidebar.tsx(172,19): error TS7026: JSX element implicitly has type 'any' because no interface 'JSX.IntrinsicElements' exists.
components/Sidebar.tsx(173,19): error TS7026: JSX element implicitly has type 'any' because no interface 'JSX.IntrinsicElements' exists.
components/Sidebar.tsx(173,56): error TS7026: JSX element implicitly has type 'any' because no interface 'JSX.IntrinsicElements' exists.
components/Sidebar.tsx(174,50): error TS7026: JSX element implicitly has type 'any' because no interface 'JSX.IntrinsicElements' exists.
components/Sidebar.tsx(175,17): error TS7026: JSX element implicitly has type 'any' because no interface 'JSX.IntrinsicElements' exists.
components/Sidebar.tsx(177,15): error TS7026: JSX element implicitly has type 'any' because no interface 'JSX.IntrinsicElements' exists.
components/Sidebar.tsx(178,17): error TS7026: JSX element implicitly has type 'any' because no interface 'JSX.IntrinsicElements' exists.
components/Sidebar.tsx(186,19): error TS7026: JSX element implicitly has type 'any' because no interface 'JSX.IntrinsicElements' exists.
components/Sidebar.tsx(186,41): error TS7026: JSX element implicitly has type 'any' because no interface 'JSX.IntrinsicElements' exists.
components/Sidebar.tsx(187,17): error TS7026: JSX element implicitly has type 'any' because no interface 'JSX.IntrinsicElements' exists.
components/Sidebar.tsx(188,15): error TS7026: JSX element implicitly has type 'any' because no interface 'JSX.IntrinsicElements' exists.
components/Sidebar.tsx(189,13): error TS7026: JSX element implicitly has type 'any' because no interface 'JSX.IntrinsicElements' exists.
components/Sidebar.tsx(190,11): error TS7026: JSX element implicitly has type 'any' because no interface 'JSX.IntrinsicElements' exists.
components/Sidebar.tsx(192,7): error TS7026: JSX element implicitly has type 'any' because no interface 'JSX.IntrinsicElements' exists.
components/Sidebar.tsx(194,7): error TS7026: JSX element implicitly has type 'any' because no interface 'JSX.IntrinsicElements' exists.
components/Sidebar.tsx(197,9): error TS7026: JSX element implicitly has type 'any' because no interface 'JSX.IntrinsicElements' exists.
components/Sidebar.tsx(198,11): error TS7026: JSX element implicitly has type 'any' because no interface 'JSX.IntrinsicElements' exists.
components/Sidebar.tsx(200,11): error TS7026: JSX element implicitly has type 'any' because no interface 'JSX.IntrinsicElements' exists.
components/Sidebar.tsx(201,11): error TS7026: JSX element implicitly has type 'any' because no interface 'JSX.IntrinsicElements' exists.
components/Sidebar.tsx(208,19): error TS7026: JSX element implicitly has type 'any' because no interface 'JSX.IntrinsicElements' exists.
components/Sidebar.tsx(215,21): error TS7026: JSX element implicitly has type 'any' because no interface 'JSX.IntrinsicElements' exists.
components/Sidebar.tsx(217,23): error TS7026: JSX element implicitly has type 'any' because no interface 'JSX.IntrinsicElements' exists.
components/Sidebar.tsx(217,34): error TS7026: JSX element implicitly has type 'any' because no interface 'JSX.IntrinsicElements' exists.
components/Sidebar.tsx(218,21): error TS7026: JSX element implicitly has type 'any' because no interface 'JSX.IntrinsicElements' exists.
components/Sidebar.tsx(220,23): error TS7026: JSX element implicitly has type 'any' because no interface 'JSX.IntrinsicElements' exists.
components/Sidebar.tsx(223,23): error TS7026: JSX element implicitly has type 'any' because no interface 'JSX.IntrinsicElements' exists.
components/Sidebar.tsx(225,19): error TS7026: JSX element implicitly has type 'any' because no interface 'JSX.IntrinsicElements' exists.
components/Sidebar.tsx(229,21): error TS7026: JSX element implicitly has type 'any' because no interface 'JSX.IntrinsicElements' exists.
components/Sidebar.tsx(230,44): error TS7006: Parameter 'c' implicitly has an 'any' type.
components/Sidebar.tsx(231,21): error TS7026: JSX element implicitly has type 'any' because no interface 'JSX.IntrinsicElements' exists.
components/Sidebar.tsx(236,11): error TS7026: JSX element implicitly has type 'any' because no interface 'JSX.IntrinsicElements' exists.
components/Sidebar.tsx(237,9): error TS7026: JSX element implicitly has type 'any' because no interface 'JSX.IntrinsicElements' exists.
components/Sidebar.tsx(240,9): error TS7026: JSX element implicitly has type 'any' because no interface 'JSX.IntrinsicElements' exists.
components/Sidebar.tsx(241,11): error TS7026: JSX element implicitly has type 'any' because no interface 'JSX.IntrinsicElements' exists.
components/Sidebar.tsx(242,13): error TS7026: JSX element implicitly has type 'any' because no interface 'JSX.IntrinsicElements' exists.
components/Sidebar.tsx(244,13): error TS7026: JSX element implicitly has type 'any' because no interface 'JSX.IntrinsicElements' exists.
components/Sidebar.tsx(245,13): error TS7026: JSX element implicitly has type 'any' because no interface 'JSX.IntrinsicElements' exists.
components/Sidebar.tsx(247,13): error TS7026: JSX element implicitly has type 'any' because no interface 'JSX.IntrinsicElements' exists.
components/Sidebar.tsx(248,11): error TS7026: JSX element implicitly has type 'any' because no interface 'JSX.IntrinsicElements' exists.
components/Sidebar.tsx(250,11): error TS7026: JSX element implicitly has type 'any' because no interface 'JSX.IntrinsicElements' exists.
components/Sidebar.tsx(254,15): error TS7026: JSX element implicitly has type 'any' because no interface 'JSX.IntrinsicElements' exists.
components/Sidebar.tsx(255,17): error TS7026: JSX element implicitly has type 'any' because no interface 'JSX.IntrinsicElements' exists.
components/Sidebar.tsx(255,108): error TS7026: JSX element implicitly has type 'any' because no interface 'JSX.IntrinsicElements' exists.
components/Sidebar.tsx(256,39): error TS7006: Parameter 'category' implicitly has an 'any' type.
components/Sidebar.tsx(259,15): error TS7026: JSX element implicitly has type 'any' because no interface 'JSX.IntrinsicElements' exists.
components/Sidebar.tsx(265,11): error TS7026: JSX element implicitly has type 'any' because no interface 'JSX.IntrinsicElements' exists.
components/Sidebar.tsx(269,13): error TS7026: JSX element implicitly has type 'any' because no interface 'JSX.IntrinsicElements' exists.
components/Sidebar.tsx(270,15): error TS7026: JSX element implicitly has type 'any' because no interface 'JSX.IntrinsicElements' exists.
components/Sidebar.tsx(271,17): error TS7026: JSX element implicitly has type 'any' because no interface 'JSX.IntrinsicElements' exists.
components/Sidebar.tsx(275,30): error TS7006: Parameter 'e' implicitly has an 'any' type.
components/Sidebar.tsx(280,15): error TS7026: JSX element implicitly has type 'any' because no interface 'JSX.IntrinsicElements' exists.
components/Sidebar.tsx(281,13): error TS7026: JSX element implicitly has type 'any' because no interface 'JSX.IntrinsicElements' exists.
components/Sidebar.tsx(283,9): error TS7026: JSX element implicitly has type 'any' because no interface 'JSX.IntrinsicElements' exists.
components/Sidebar.tsx(284,7): error TS7026: JSX element implicitly has type 'any' because no interface 'JSX.IntrinsicElements' exists.
components/Sidebar.tsx(288,9): error TS7026: JSX element implicitly has type 'any' because no interface 'JSX.IntrinsicElements' exists.
components/Sidebar.tsx(291,21): error TS7006: Parameter 'e' implicitly has an 'any' type.
components/Sidebar.tsx(293,11): error TS7026: JSX element implicitly has type 'any' because no interface 'JSX.IntrinsicElements' exists.
components/Sidebar.tsx(295,11): error TS7026: JSX element implicitly has type 'any' because no interface 'JSX.IntrinsicElements' exists.
components/Sidebar.tsx(299,15): error TS7026: JSX element implicitly has type 'any' because no interface 'JSX.IntrinsicElements' exists.
components/Sidebar.tsx(307,17): error TS7026: JSX element implicitly has type 'any' because no interface 'JSX.IntrinsicElements' exists.
components/Sidebar.tsx(307,45): error TS7026: JSX element implicitly has type 'any' because no interface 'JSX.IntrinsicElements' exists.
components/Sidebar.tsx(307,61): error TS7026: JSX element implicitly has type 'any' because no interface 'JSX.IntrinsicElements' exists.
components/Sidebar.tsx(308,15): error TS7026: JSX element implicitly has type 'any' because no interface 'JSX.IntrinsicElements' exists.
components/Sidebar.tsx(309,15): error TS7026: JSX element implicitly has type 'any' because no interface 'JSX.IntrinsicElements' exists.
components/Sidebar.tsx(310,15): error TS7026: JSX element implicitly has type 'any' because no interface 'JSX.IntrinsicElements' exists.
components/Sidebar.tsx(319,48): error TS7026: JSX element implicitly has type 'any' because no interface 'JSX.IntrinsicElements' exists.
components/Sidebar.tsx(319,61): error TS7026: JSX element implicitly has type 'any' because no interface 'JSX.IntrinsicElements' exists.
components/Sidebar.tsx(320,15): error TS7026: JSX element implicitly has type 'any' because no interface 'JSX.IntrinsicElements' exists.
components/Sidebar.tsx(321,15): error TS7026: JSX element implicitly has type 'any' because no interface 'JSX.IntrinsicElements' exists.
components/Sidebar.tsx(325,11): error TS7026: JSX element implicitly has type 'any' because no interface 'JSX.IntrinsicElements' exists.
components/Sidebar.tsx(332,13): error TS7026: JSX element implicitly has type 'any' because no interface 'JSX.IntrinsicElements' exists.
components/Sidebar.tsx(332,41): error TS7026: JSX element implicitly has type 'any' because no interface 'JSX.IntrinsicElements' exists.
components/Sidebar.tsx(332,58): error TS7026: JSX element implicitly has type 'any' because no interface 'JSX.IntrinsicElements' exists.
components/Sidebar.tsx(333,11): error TS7026: JSX element implicitly has type 'any' because no interface 'JSX.IntrinsicElements' exists.
components/Sidebar.tsx(334,9): error TS7026: JSX element implicitly has type 'any' because no interface 'JSX.IntrinsicElements' exists.
components/Sidebar.tsx(338,7): error TS7026: JSX element implicitly has type 'any' because no interface 'JSX.IntrinsicElements' exists.
components/Sidebar.tsx(339,9): error TS7026: JSX element implicitly has type 'any' because no interface 'JSX.IntrinsicElements' exists.
components/Sidebar.tsx(340,11): error TS7026: JSX element implicitly has type 'any' because no interface 'JSX.IntrinsicElements' exists.
components/Sidebar.tsx(342,13): error TS7026: JSX element implicitly has type 'any' because no interface 'JSX.IntrinsicElements' exists.
components/Sidebar.tsx(342,27): error TS7026: JSX element implicitly has type 'any' because no interface 'JSX.IntrinsicElements' exists.
components/Sidebar.tsx(343,11): error TS7026: JSX element implicitly has type 'any' because no interface 'JSX.IntrinsicElements' exists.
components/Sidebar.tsx(345,13): error TS7026: JSX element implicitly has type 'any' because no interface 'JSX.IntrinsicElements' exists.
components/Sidebar.tsx(345,234): error TS7026: JSX element implicitly has type 'any' because no interface 'JSX.IntrinsicElements' exists.
components/Sidebar.tsx(347,13): error TS7026: JSX element implicitly has type 'any' because no interface 'JSX.IntrinsicElements' exists.
components/Sidebar.tsx(347,28): error TS7026: JSX element implicitly has type 'any' because no interface 'JSX.IntrinsicElements' exists.
components/Sidebar.tsx(349,9): error TS7026: JSX element implicitly has type 'any' because no interface 'JSX.IntrinsicElements' exists.
components/Sidebar.tsx(352,11): error TS7026: JSX element implicitly has type 'any' because no interface 'JSX.IntrinsicElements' exists.
components/Sidebar.tsx(353,13): error TS7026: JSX element implicitly has type 'any' because no interface 'JSX.IntrinsicElements' exists.
components/Sidebar.tsx(357,11): error TS7026: JSX element implicitly has type 'any' because no interface 'JSX.IntrinsicElements' exists.
components/Sidebar.tsx(359,11): error TS7026: JSX element implicitly has type 'any' because no interface 'JSX.IntrinsicElements' exists.
components/Sidebar.tsx(360,13): error TS7026: JSX element implicitly has type 'any' because no interface 'JSX.IntrinsicElements' exists.
components/Sidebar.tsx(361,11): error TS7026: JSX element implicitly has type 'any' because no interface 'JSX.IntrinsicElements' exists.
components/Sidebar.tsx(363,7): error TS7026: JSX element implicitly has type 'any' because no interface 'JSX.IntrinsicElements' exists.
components/Sidebar.tsx(365,7): error TS7026: JSX element implicitly has type 'any' because no interface 'JSX.IntrinsicElements' exists.
components/Sidebar.tsx(366,9): error TS7026: JSX element implicitly has type 'any' because no interface 'JSX.IntrinsicElements' exists.
components/Sidebar.tsx(372,9): error TS7026: JSX element implicitly has type 'any' because no interface 'JSX.IntrinsicElements' exists.
components/Sidebar.tsx(373,9): error TS7026: JSX element implicitly has type 'any' because no interface 'JSX.IntrinsicElements' exists.
components/Sidebar.tsx(378,11): error TS7026: JSX element implicitly has type 'any' because no interface 'JSX.IntrinsicElements' exists.
components/Sidebar.tsx(378,23): error TS7026: JSX element implicitly has type 'any' because no interface 'JSX.IntrinsicElements' exists.
components/Sidebar.tsx(379,9): error TS7026: JSX element implicitly has type 'any' because no interface 'JSX.IntrinsicElements' exists.
components/Sidebar.tsx(380,7): error TS7026: JSX element implicitly has type 'any' because no interface 'JSX.IntrinsicElements' exists.
components/Sidebar.tsx(381,5): error TS7026: JSX element implicitly has type 'any' because no interface 'JSX.IntrinsicElements' exists.
components/SimulationStart.tsx(1,33): error TS7016: Could not find a declaration file for module 'react'. '/home/adi/Projects/SmartMailSorter/node_modules/react/index.js' implicitly has an 'any' type.
  Try `npm i --save-dev @types/react` if it exists or add a new declaration (.d.ts) file containing `declare module 'react';`
components/SimulationStart.tsx(9,45): error TS7031: Binding element 'onStart' implicitly has an 'any' type.
components/SimulationStart.tsx(9,54): error TS7031: Binding element 'isConnecting' implicitly has an 'any' type.
components/SimulationStart.tsx(14,5): error TS7026: JSX element implicitly has type 'any' because no interface 'JSX.IntrinsicElements' exists.
components/SimulationStart.tsx(14,5): error TS7016: Could not find a declaration file for module 'react/jsx-runtime'. '/home/adi/Projects/SmartMailSorter/node_modules/react/jsx-runtime.js' implicitly has an 'any' type.
  Try `npm i --save-dev @types/react` if it exists or add a new declaration (.d.ts) file containing `declare module 'react/jsx-runtime';`
components/SimulationStart.tsx(15,7): error TS7026: JSX element implicitly has type 'any' because no interface 'JSX.IntrinsicElements' exists.
components/SimulationStart.tsx(16,9): error TS7026: JSX element implicitly has type 'any' because no interface 'JSX.IntrinsicElements' exists.
components/SimulationStart.tsx(18,11): error TS7026: JSX element implicitly has type 'any' because no interface 'JSX.IntrinsicElements' exists.
components/SimulationStart.tsx(18,70): error TS7026: JSX element implicitly has type 'any' because no interface 'JSX.IntrinsicElements' exists.
components/SimulationStart.tsx(19,11): error TS7026: JSX element implicitly has type 'any' because no interface 'JSX.IntrinsicElements' exists.
components/SimulationStart.tsx(19,87): error TS7026: JSX element implicitly has type 'any' because no interface 'JSX.IntrinsicElements' exists.
components/SimulationStart.tsx(20,9): error TS7026: JSX element implicitly has type 'any' because no interface 'JSX.IntrinsicElements' exists.
components/SimulationStart.tsx(22,9): error TS7026: JSX element implicitly has type 'any' because no interface 'JSX.IntrinsicElements' exists.
components/SimulationStart.tsx(23,11): error TS7026: JSX element implicitly has type 'any' because no interface 'JSX.IntrinsicElements' exists.
components/SimulationStart.tsx(24,14): error TS7026: JSX element implicitly has type 'any' because no interface 'JSX.IntrinsicElements' exists.
components/SimulationStart.tsx(26,16): error TS7026: JSX element implicitly has type 'any' because no interface 'JSX.IntrinsicElements' exists.
components/SimulationStart.tsx(27,18): error TS7026: JSX element implicitly has type 'any' because no interface 'JSX.IntrinsicElements' exists.
components/SimulationStart.tsx(27,42): error TS7026: JSX element implicitly has type 'any' because no interface 'JSX.IntrinsicElements' exists.
components/SimulationStart.tsx(28,16): error TS7026: JSX element implicitly has type 'any' because no interface 'JSX.IntrinsicElements' exists.
components/SimulationStart.tsx(29,14): error TS7026: JSX element implicitly has type 'any' because no interface 'JSX.IntrinsicElements' exists.
components/SimulationStart.tsx(30,11): error TS7026: JSX element implicitly has type 'any' because no interface 'JSX.IntrinsicElements' exists.
components/SimulationStart.tsx(32,11): error TS7026: JSX element implicitly has type 'any' because no interface 'JSX.IntrinsicElements' exists.
components/SimulationStart.tsx(34,11): error TS7026: JSX element implicitly has type 'any' because no interface 'JSX.IntrinsicElements' exists.
components/SimulationStart.tsx(36,11): error TS7026: JSX element implicitly has type 'any' because no interface 'JSX.IntrinsicElements' exists.
components/SimulationStart.tsx(43,17): error TS7026: JSX element implicitly has type 'any' because no interface 'JSX.IntrinsicElements' exists.
components/SimulationStart.tsx(44,17): error TS7026: JSX element implicitly has type 'any' because no interface 'JSX.IntrinsicElements' exists.
components/SimulationStart.tsx(44,44): error TS7026: JSX element implicitly has type 'any' because no interface 'JSX.IntrinsicElements' exists.
components/SimulationStart.tsx(49,11): error TS7026: JSX element implicitly has type 'any' because no interface 'JSX.IntrinsicElements' exists.
components/SimulationStart.tsx(50,9): error TS7026: JSX element implicitly has type 'any' because no interface 'JSX.IntrinsicElements' exists.
components/SimulationStart.tsx(52,9): error TS7026: JSX element implicitly has type 'any' because no interface 'JSX.IntrinsicElements' exists.
components/SimulationStart.tsx(53,11): error TS7026: JSX element implicitly has type 'any' because no interface 'JSX.IntrinsicElements' exists.
components/SimulationStart.tsx(53,82): error TS7026: JSX element implicitly has type 'any' because no interface 'JSX.IntrinsicElements' exists.
components/SimulationStart.tsx(54,9): error TS7026: JSX element implicitly has type 'any' because no interface 'JSX.IntrinsicElements' exists.
components/SimulationStart.tsx(55,7): error TS7026: JSX element implicitly has type 'any' because no interface 'JSX.IntrinsicElements' exists.
components/SimulationStart.tsx(56,5): error TS7026: JSX element implicitly has type 'any' because no interface 'JSX.IntrinsicElements' exists.
components/TopBar.tsx(1,19): error TS7016: Could not find a declaration file for module 'react'. '/home/adi/Projects/SmartMailSorter/node_modules/react/index.js' implicitly has an 'any' type.
  Try `npm i --save-dev @types/react` if it exists or add a new declaration (.d.ts) file containing `declare module 'react';`
components/TopBar.tsx(20,3): error TS7031: Binding element 'selectedCategory' implicitly has an 'any' type.
components/TopBar.tsx(21,3): error TS7031: Binding element 'filteredEmailsCount' implicitly has an 'any' type.
components/TopBar.tsx(22,3): error TS7031: Binding element 'searchTerm' implicitly has an 'any' type.
components/TopBar.tsx(23,3): error TS7031: Binding element 'onSearchChange' implicitly has an 'any' type.
components/TopBar.tsx(24,3): error TS7031: Binding element 'searchConfig' implicitly has an 'any' type.
components/TopBar.tsx(25,3): error TS7031: Binding element 'onSearchConfigChange' implicitly has an 'any' type.
components/TopBar.tsx(26,3): error TS7031: Binding element 'showUnsortedOnly' implicitly has an 'any' type.
components/TopBar.tsx(27,3): error TS7031: Binding element 'onToggleUnsorted' implicitly has an 'any' type.
components/TopBar.tsx(28,3): error TS7031: Binding element 'onSync' implicitly has an 'any' type.
components/TopBar.tsx(29,3): error TS7031: Binding element 'isSorting' implicitly has an 'any' type.
components/TopBar.tsx(32,5): error TS7026: JSX element implicitly has type 'any' because no interface 'JSX.IntrinsicElements' exists.
components/TopBar.tsx(32,5): error TS7016: Could not find a declaration file for module 'react/jsx-runtime'. '/home/adi/Projects/SmartMailSorter/node_modules/react/jsx-runtime.js' implicitly has an 'any' type.
  Try `npm i --save-dev @types/react` if it exists or add a new declaration (.d.ts) file containing `declare module 'react/jsx-runtime';`
components/TopBar.tsx(33,7): error TS7026: JSX element implicitly has type 'any' because no interface 'JSX.IntrinsicElements' exists.
components/TopBar.tsx(35,11): error TS7026: JSX element implicitly has type 'any' because no interface 'JSX.IntrinsicElements' exists.
components/TopBar.tsx(36,13): error TS7026: JSX element implicitly has type 'any' because no interface 'JSX.IntrinsicElements' exists.
components/TopBar.tsx(38,15): error TS7026: JSX element implicitly has type 'any' because no interface 'JSX.IntrinsicElements' exists.
components/TopBar.tsx(40,15): error TS7026: JSX element implicitly has type 'any' because no interface 'JSX.IntrinsicElements' exists.
components/TopBar.tsx(41,13): error TS7026: JSX element implicitly has type 'any' because no interface 'JSX.IntrinsicElements' exists.
components/TopBar.tsx(45,15): error TS7026: JSX element implicitly has type 'any' because no interface 'JSX.IntrinsicElements' exists.
components/TopBar.tsx(53,17): error TS7026: JSX element implicitly has type 'any' because no interface 'JSX.IntrinsicElements' exists.
components/TopBar.tsx(53,38): error TS7026: JSX element implicitly has type 'any' because no interface 'JSX.IntrinsicElements' exists.
components/TopBar.tsx(54,15): error TS7026: JSX element implicitly has type 'any' because no interface 'JSX.IntrinsicElements' exists.
components/TopBar.tsx(56,11): error TS7026: JSX element implicitly has type 'any' because no interface 'JSX.IntrinsicElements' exists.
components/TopBar.tsx(58,11): error TS7026: JSX element implicitly has type 'any' because no interface 'JSX.IntrinsicElements' exists.
components/TopBar.tsx(61,11): error TS7026: JSX element implicitly has type 'any' because no interface 'JSX.IntrinsicElements' exists.
components/TopBar.tsx(70,7): error TS7026: JSX element implicitly has type 'any' because no interface 'JSX.IntrinsicElements' exists.
components/TopBar.tsx(72,7): error TS7026: JSX element implicitly has type 'any' because no interface 'JSX.IntrinsicElements' exists.
components/TopBar.tsx(73,9): error TS7026: JSX element implicitly has type 'any' because no interface 'JSX.IntrinsicElements' exists.
components/TopBar.tsx(80,9): error TS7026: JSX element implicitly has type 'any' because no interface 'JSX.IntrinsicElements' exists.
components/TopBar.tsx(81,7): error TS7026: JSX element implicitly has type 'any' because no interface 'JSX.IntrinsicElements' exists.
components/TopBar.tsx(82,5): error TS7026: JSX element implicitly has type 'any' because no interface 'JSX.IntrinsicElements' exists.
components/__tests__/BatchActionBar.test.tsx(55,20): error TS7016: Could not find a declaration file for module 'react/jsx-runtime'. '/home/adi/Projects/SmartMailSorter/node_modules/react/jsx-runtime.js' implicitly has an 'any' type.
  Try `npm i --save-dev @types/react` if it exists or add a new declaration (.d.ts) file containing `declare module 'react/jsx-runtime';`
components/__tests__/EmailList.test.tsx(49,20): error TS7016: Could not find a declaration file for module 'react/jsx-runtime'. '/home/adi/Projects/SmartMailSorter/node_modules/react/jsx-runtime.js' implicitly has an 'any' type.
  Try `npm i --save-dev @types/react` if it exists or add a new declaration (.d.ts) file containing `declare module 'react/jsx-runtime';`
components/__tests__/EmailView.test.tsx(41,20): error TS7016: Could not find a declaration file for module 'react/jsx-runtime'. '/home/adi/Projects/SmartMailSorter/node_modules/react/jsx-runtime.js' implicitly has an 'any' type.
  Try `npm i --save-dev @types/react` if it exists or add a new declaration (.d.ts) file containing `declare module 'react/jsx-runtime';`
components/__tests__/Icon.test.tsx(9,20): error TS7016: Could not find a declaration file for module 'react/jsx-runtime'. '/home/adi/Projects/SmartMailSorter/node_modules/react/jsx-runtime.js' implicitly has an 'any' type.
  Try `npm i --save-dev @types/react` if it exists or add a new declaration (.d.ts) file containing `declare module 'react/jsx-runtime';`
components/__tests__/SearchBar.test.tsx(27,20): error TS7016: Could not find a declaration file for module 'react/jsx-runtime'. '/home/adi/Projects/SmartMailSorter/node_modules/react/jsx-runtime.js' implicitly has an 'any' type.
  Try `npm i --save-dev @types/react` if it exists or add a new declaration (.d.ts) file containing `declare module 'react/jsx-runtime';`
components/__tests__/SearchBar.test.tsx(133,17): error TS7026: JSX element implicitly has type 'any' because no interface 'JSX.IntrinsicElements' exists.
components/__tests__/SearchBar.test.tsx(134,21): error TS7026: JSX element implicitly has type 'any' because no interface 'JSX.IntrinsicElements' exists.
components/__tests__/SearchBar.test.tsx(134,55): error TS7026: JSX element implicitly has type 'any' because no interface 'JSX.IntrinsicElements' exists.
components/__tests__/SearchBar.test.tsx(136,17): error TS7026: JSX element implicitly has type 'any' because no interface 'JSX.IntrinsicElements' exists.
components/__tests__/SettingsModal.test.tsx(62,20): error TS7016: Could not find a declaration file for module 'react/jsx-runtime'. '/home/adi/Projects/SmartMailSorter/node_modules/react/jsx-runtime.js' implicitly has an 'any' type.
  Try `npm i --save-dev @types/react` if it exists or add a new declaration (.d.ts) file containing `declare module 'react/jsx-runtime';`
components/__tests__/Sidebar.test.tsx(70,20): error TS7016: Could not find a declaration file for module 'react/jsx-runtime'. '/home/adi/Projects/SmartMailSorter/node_modules/react/jsx-runtime.js' implicitly has an 'any' type.
  Try `npm i --save-dev @types/react` if it exists or add a new declaration (.d.ts) file containing `declare module 'react/jsx-runtime';`
components/__tests__/SimulationStart.test.tsx(17,20): error TS7016: Could not find a declaration file for module 'react/jsx-runtime'. '/home/adi/Projects/SmartMailSorter/node_modules/react/jsx-runtime.js' implicitly has an 'any' type.
  Try `npm i --save-dev @types/react` if it exists or add a new declaration (.d.ts) file containing `declare module 'react/jsx-runtime';`
components/__tests__/TopBar.test.tsx(34,20): error TS7016: Could not find a declaration file for module 'react/jsx-runtime'. '/home/adi/Projects/SmartMailSorter/node_modules/react/jsx-runtime.js' implicitly has an 'any' type.
  Try `npm i --save-dev @types/react` if it exists or add a new declaration (.d.ts) file containing `declare module 'react/jsx-runtime';`
electron/tests/db.accounts.test.ts(11,1): error TS2740: Type '{ exports: { app: { getPath: () => string; }; }; }' is missing the following properties from type 'Module': children, filename, id, isPreloading, and 5 more.
electron/tests/db.accounts.test.ts(762,21): error TS2339: Property 'changes' does not exist on type '{ changes: number; } | { run: () => void; }'.
  Property 'changes' does not exist on type '{ run: () => void; }'.
electron/tests/db.attachments.test.ts(11,1): error TS2740: Type '{ exports: { app: { getPath: () => string; }; }; }' is missing the following properties from type 'Module': children, filename, id, isPreloading, and 5 more.
electron/tests/db.categories.test.ts(10,1): error TS2740: Type '{ exports: { app: { getPath: () => string; }; }; }' is missing the following properties from type 'Module': children, filename, id, isPreloading, and 5 more.
electron/tests/db.emails.test.ts(11,1): error TS2740: Type '{ exports: { app: { getPath: () => string; }; }; }' is missing the following properties from type 'Module': children, filename, id, isPreloading, and 5 more.
electron/tests/db.emails.test.ts(88,20): error TS2345: Argument of type '{ id: string; sender: string; senderEmail: string; subject: string; body: string; bodyHtml: string; date: string; folder: string; smartCategory: string | null; category?: string | undefined; isRead: boolean; ... 6 more ...; accountId: string; }' is not assignable to parameter of type 'Partial<Email> & { id: string; accountId: string; attachments?: { id?: string | undefined; filename?: string | undefined; contentType?: string | undefined; size?: number | undefined; data?: Buffer<...> | undefined; }[] | undefined; }'.
  Type '{ id: string; sender: string; senderEmail: string; subject: string; body: string; bodyHtml: string; date: string; folder: string; smartCategory: string | null; category?: string | undefined; isRead: boolean; ... 6 more ...; accountId: string; }' is not assignable to type 'Partial<Email>'.
    Types of property 'smartCategory' are incompatible.
      Type 'string | null' is not assignable to type 'string | undefined'.
        Type 'null' is not assignable to type 'string | undefined'.
electron/tests/db.emails.test.ts(115,20): error TS2345: Argument of type '{ id: string; sender: string; senderEmail: string; subject: string; body: string; bodyHtml: string; date: string; folder: string; smartCategory: string | null; category?: string | undefined; isRead: boolean; ... 6 more ...; accountId: string; }' is not assignable to parameter of type 'Partial<Email> & { id: string; accountId: string; attachments?: { id?: string | undefined; filename?: string | undefined; contentType?: string | undefined; size?: number | undefined; data?: Buffer<...> | undefined; }[] | undefined; }'.
  Type '{ id: string; sender: string; senderEmail: string; subject: string; body: string; bodyHtml: string; date: string; folder: string; smartCategory: string | null; category?: string | undefined; isRead: boolean; ... 6 more ...; accountId: string; }' is not assignable to type 'Partial<Email>'.
    Types of property 'smartCategory' are incompatible.
      Type 'string | null' is not assignable to type 'string | undefined'.
        Type 'null' is not assignable to type 'string | undefined'.
electron/tests/db.emails.test.ts(151,20): error TS2345: Argument of type '{ id: string; sender: string; senderEmail: string; subject: string; body: string; bodyHtml: string; date: string; folder: string; smartCategory: string | null; category?: string | undefined; isRead: boolean; ... 6 more ...; accountId: string; }' is not assignable to parameter of type 'Partial<Email> & { id: string; accountId: string; attachments?: { id?: string | undefined; filename?: string | undefined; contentType?: string | undefined; size?: number | undefined; data?: Buffer<...> | undefined; }[] | undefined; }'.
  Type '{ id: string; sender: string; senderEmail: string; subject: string; body: string; bodyHtml: string; date: string; folder: string; smartCategory: string | null; category?: string | undefined; isRead: boolean; ... 6 more ...; accountId: string; }' is not assignable to type 'Partial<Email>'.
    Types of property 'smartCategory' are incompatible.
      Type 'string | null' is not assignable to type 'string | undefined'.
        Type 'null' is not assignable to type 'string | undefined'.
electron/tests/db.emails.test.ts(152,20): error TS2345: Argument of type '{ id: string; sender: string; senderEmail: string; subject: string; body: string; bodyHtml: string; date: string; folder: string; smartCategory: string | null; category?: string | undefined; isRead: boolean; ... 6 more ...; accountId: string; }' is not assignable to parameter of type 'Partial<Email> & { id: string; accountId: string; attachments?: { id?: string | undefined; filename?: string | undefined; contentType?: string | undefined; size?: number | undefined; data?: Buffer<...> | undefined; }[] | undefined; }'.
  Type '{ id: string; sender: string; senderEmail: string; subject: string; body: string; bodyHtml: string; date: string; folder: string; smartCategory: string | null; category?: string | undefined; isRead: boolean; ... 6 more ...; accountId: string; }' is not assignable to type 'Partial<Email>'.
    Types of property 'smartCategory' are incompatible.
      Type 'string | null' is not assignable to type 'string | undefined'.
        Type 'null' is not assignable to type 'string | undefined'.
electron/tests/db.emails.test.ts(181,20): error TS2345: Argument of type '{ hasAttachments: boolean; attachments: { id: string; filename: string; contentType: string; size: number; data: Buffer<ArrayBuffer>; }[]; id: string; sender: string; senderEmail: string; ... 13 more ...; accountId: string; }' is not assignable to parameter of type 'Partial<Email> & { id: string; accountId: string; attachments?: { id?: string | undefined; filename?: string | undefined; contentType?: string | undefined; size?: number | undefined; data?: Buffer<...> | undefined; }[] | undefined; }'.
  Type '{ hasAttachments: boolean; attachments: { id: string; filename: string; contentType: string; size: number; data: Buffer<ArrayBuffer>; }[]; id: string; sender: string; senderEmail: string; ... 13 more ...; accountId: string; }' is not assignable to type 'Partial<Email>'.
    Types of property 'smartCategory' are incompatible.
      Type 'string | null' is not assignable to type 'string | undefined'.
        Type 'null' is not assignable to type 'string | undefined'.
electron/tests/db.emails.test.ts(201,20): error TS2345: Argument of type '{ id: string; sender: string; senderEmail: string; subject: string; body: string; bodyHtml: string; date: string; folder: string; smartCategory: string | null; category?: string | undefined; isRead: boolean; ... 6 more ...; accountId: string; }' is not assignable to parameter of type 'Partial<Email> & { id: string; accountId: string; attachments?: { id?: string | undefined; filename?: string | undefined; contentType?: string | undefined; size?: number | undefined; data?: Buffer<...> | undefined; }[] | undefined; }'.
  Type '{ id: string; sender: string; senderEmail: string; subject: string; body: string; bodyHtml: string; date: string; folder: string; smartCategory: string | null; category?: string | undefined; isRead: boolean; ... 6 more ...; accountId: string; }' is not assignable to type 'Partial<Email>'.
    Types of property 'smartCategory' are incompatible.
      Type 'string | null' is not assignable to type 'string | undefined'.
        Type 'null' is not assignable to type 'string | undefined'.
electron/tests/db.emails.test.ts(202,20): error TS2345: Argument of type '{ id: string; sender: string; senderEmail: string; subject: string; body: string; bodyHtml: string; date: string; folder: string; smartCategory: string | null; category?: string | undefined; isRead: boolean; ... 6 more ...; accountId: string; }' is not assignable to parameter of type 'Partial<Email> & { id: string; accountId: string; attachments?: { id?: string | undefined; filename?: string | undefined; contentType?: string | undefined; size?: number | undefined; data?: Buffer<...> | undefined; }[] | undefined; }'.
  Type '{ id: string; sender: string; senderEmail: string; subject: string; body: string; bodyHtml: string; date: string; folder: string; smartCategory: string | null; category?: string | undefined; isRead: boolean; ... 6 more ...; accountId: string; }' is not assignable to type 'Partial<Email>'.
    Types of property 'smartCategory' are incompatible.
      Type 'string | null' is not assignable to type 'string | undefined'.
        Type 'null' is not assignable to type 'string | undefined'.
electron/tests/db.emails.test.ts(203,20): error TS2345: Argument of type '{ id: string; sender: string; senderEmail: string; subject: string; body: string; bodyHtml: string; date: string; folder: string; smartCategory: string | null; category?: string | undefined; isRead: boolean; ... 6 more ...; accountId: string; }' is not assignable to parameter of type 'Partial<Email> & { id: string; accountId: string; attachments?: { id?: string | undefined; filename?: string | undefined; contentType?: string | undefined; size?: number | undefined; data?: Buffer<...> | undefined; }[] | undefined; }'.
  Type '{ id: string; sender: string; senderEmail: string; subject: string; body: string; bodyHtml: string; date: string; folder: string; smartCategory: string | null; category?: string | undefined; isRead: boolean; ... 6 more ...; accountId: string; }' is not assignable to type 'Partial<Email>'.
    Types of property 'smartCategory' are incompatible.
      Type 'string | null' is not assignable to type 'string | undefined'.
        Type 'null' is not assignable to type 'string | undefined'.
electron/tests/db.emails.test.ts(217,20): error TS2345: Argument of type '{ id: string; sender: string; senderEmail: string; subject: string; body: string; bodyHtml: string; date: string; folder: string; smartCategory: string | null; category?: string | undefined; isRead: boolean; ... 6 more ...; accountId: string; }' is not assignable to parameter of type 'Partial<Email> & { id: string; accountId: string; attachments?: { id?: string | undefined; filename?: string | undefined; contentType?: string | undefined; size?: number | undefined; data?: Buffer<...> | undefined; }[] | undefined; }'.
  Type '{ id: string; sender: string; senderEmail: string; subject: string; body: string; bodyHtml: string; date: string; folder: string; smartCategory: string | null; category?: string | undefined; isRead: boolean; ... 6 more ...; accountId: string; }' is not assignable to type 'Partial<Email>'.
    Types of property 'smartCategory' are incompatible.
      Type 'string | null' is not assignable to type 'string | undefined'.
        Type 'null' is not assignable to type 'string | undefined'.
electron/tests/db.emails.test.ts(218,20): error TS2345: Argument of type '{ id: string; sender: string; senderEmail: string; subject: string; body: string; bodyHtml: string; date: string; folder: string; smartCategory: string | null; category?: string | undefined; isRead: boolean; ... 6 more ...; accountId: string; }' is not assignable to parameter of type 'Partial<Email> & { id: string; accountId: string; attachments?: { id?: string | undefined; filename?: string | undefined; contentType?: string | undefined; size?: number | undefined; data?: Buffer<...> | undefined; }[] | undefined; }'.
  Type '{ id: string; sender: string; senderEmail: string; subject: string; body: string; bodyHtml: string; date: string; folder: string; smartCategory: string | null; category?: string | undefined; isRead: boolean; ... 6 more ...; accountId: string; }' is not assignable to type 'Partial<Email>'.
    Types of property 'smartCategory' are incompatible.
      Type 'string | null' is not assignable to type 'string | undefined'.
        Type 'null' is not assignable to type 'string | undefined'.
electron/tests/db.emails.test.ts(230,20): error TS2345: Argument of type '{ id: string; sender: string; senderEmail: string; subject: string; body: string; bodyHtml: string; date: string; folder: string; smartCategory: string | null; category?: string | undefined; isRead: boolean; ... 6 more ...; accountId: string; }' is not assignable to parameter of type 'Partial<Email> & { id: string; accountId: string; attachments?: { id?: string | undefined; filename?: string | undefined; contentType?: string | undefined; size?: number | undefined; data?: Buffer<...> | undefined; }[] | undefined; }'.
  Type '{ id: string; sender: string; senderEmail: string; subject: string; body: string; bodyHtml: string; date: string; folder: string; smartCategory: string | null; category?: string | undefined; isRead: boolean; ... 6 more ...; accountId: string; }' is not assignable to type 'Partial<Email>'.
    Types of property 'smartCategory' are incompatible.
      Type 'string | null' is not assignable to type 'string | undefined'.
        Type 'null' is not assignable to type 'string | undefined'.
electron/tests/db.emails.test.ts(247,20): error TS2345: Argument of type '{ id: string; sender: string; senderEmail: string; subject: string; body: string; bodyHtml: string; date: string; folder: string; smartCategory: string | null; category?: string | undefined; isRead: boolean; ... 6 more ...; accountId: string; }' is not assignable to parameter of type 'Partial<Email> & { id: string; accountId: string; attachments?: { id?: string | undefined; filename?: string | undefined; contentType?: string | undefined; size?: number | undefined; data?: Buffer<...> | undefined; }[] | undefined; }'.
  Type '{ id: string; sender: string; senderEmail: string; subject: string; body: string; bodyHtml: string; date: string; folder: string; smartCategory: string | null; category?: string | undefined; isRead: boolean; ... 6 more ...; accountId: string; }' is not assignable to type 'Partial<Email>'.
    Types of property 'smartCategory' are incompatible.
      Type 'string | null' is not assignable to type 'string | undefined'.
        Type 'null' is not assignable to type 'string | undefined'.
electron/tests/db.emails.test.ts(262,20): error TS2345: Argument of type '{ id: string; sender: string; senderEmail: string; subject: string; body: string; bodyHtml: string; date: string; folder: string; smartCategory: string | null; category?: string | undefined; isRead: boolean; ... 6 more ...; accountId: string; }' is not assignable to parameter of type 'Partial<Email> & { id: string; accountId: string; attachments?: { id?: string | undefined; filename?: string | undefined; contentType?: string | undefined; size?: number | undefined; data?: Buffer<...> | undefined; }[] | undefined; }'.
  Type '{ id: string; sender: string; senderEmail: string; subject: string; body: string; bodyHtml: string; date: string; folder: string; smartCategory: string | null; category?: string | undefined; isRead: boolean; ... 6 more ...; accountId: string; }' is not assignable to type 'Partial<Email>'.
    Types of property 'smartCategory' are incompatible.
      Type 'string | null' is not assignable to type 'string | undefined'.
        Type 'null' is not assignable to type 'string | undefined'.
electron/tests/db.emails.test.ts(296,20): error TS2345: Argument of type '{ id: string; sender: string; senderEmail: string; subject: string; body: string; bodyHtml: string; date: string; folder: string; smartCategory: string | null; category?: string | undefined; isRead: boolean; ... 6 more ...; accountId: string; }' is not assignable to parameter of type 'Partial<Email> & { id: string; accountId: string; attachments?: { id?: string | undefined; filename?: string | undefined; contentType?: string | undefined; size?: number | undefined; data?: Buffer<...> | undefined; }[] | undefined; }'.
  Type '{ id: string; sender: string; senderEmail: string; subject: string; body: string; bodyHtml: string; date: string; folder: string; smartCategory: string | null; category?: string | undefined; isRead: boolean; ... 6 more ...; accountId: string; }' is not assignable to type 'Partial<Email>'.
    Types of property 'smartCategory' are incompatible.
      Type 'string | null' is not assignable to type 'string | undefined'.
        Type 'null' is not assignable to type 'string | undefined'.
electron/tests/db.emails.test.ts(308,20): error TS2345: Argument of type '{ id: string; sender: string; senderEmail: string; subject: string; body: string; bodyHtml: string; date: string; folder: string; smartCategory: string | null; category?: string | undefined; isRead: boolean; ... 6 more ...; accountId: string; }' is not assignable to parameter of type 'Partial<Email> & { id: string; accountId: string; attachments?: { id?: string | undefined; filename?: string | undefined; contentType?: string | undefined; size?: number | undefined; data?: Buffer<...> | undefined; }[] | undefined; }'.
  Type '{ id: string; sender: string; senderEmail: string; subject: string; body: string; bodyHtml: string; date: string; folder: string; smartCategory: string | null; category?: string | undefined; isRead: boolean; ... 6 more ...; accountId: string; }' is not assignable to type 'Partial<Email>'.
    Types of property 'smartCategory' are incompatible.
      Type 'string | null' is not assignable to type 'string | undefined'.
        Type 'null' is not assignable to type 'string | undefined'.
electron/tests/db.emails.test.ts(309,20): error TS2345: Argument of type '{ id: string; sender: string; senderEmail: string; subject: string; body: string; bodyHtml: string; date: string; folder: string; smartCategory: string | null; category?: string | undefined; isRead: boolean; ... 6 more ...; accountId: string; }' is not assignable to parameter of type 'Partial<Email> & { id: string; accountId: string; attachments?: { id?: string | undefined; filename?: string | undefined; contentType?: string | undefined; size?: number | undefined; data?: Buffer<...> | undefined; }[] | undefined; }'.
  Type '{ id: string; sender: string; senderEmail: string; subject: string; body: string; bodyHtml: string; date: string; folder: string; smartCategory: string | null; category?: string | undefined; isRead: boolean; ... 6 more ...; accountId: string; }' is not assignable to type 'Partial<Email>'.
    Types of property 'smartCategory' are incompatible.
      Type 'string | null' is not assignable to type 'string | undefined'.
        Type 'null' is not assignable to type 'string | undefined'.
electron/tests/db.emails.test.ts(327,20): error TS2345: Argument of type '{ id: string; sender: string; senderEmail: string; subject: string; body: string; bodyHtml: string; date: string; folder: string; smartCategory: string | null; category?: string | undefined; isRead: boolean; ... 6 more ...; accountId: string; }' is not assignable to parameter of type 'Partial<Email> & { id: string; accountId: string; attachments?: { id?: string | undefined; filename?: string | undefined; contentType?: string | undefined; size?: number | undefined; data?: Buffer<...> | undefined; }[] | undefined; }'.
  Type '{ id: string; sender: string; senderEmail: string; subject: string; body: string; bodyHtml: string; date: string; folder: string; smartCategory: string | null; category?: string | undefined; isRead: boolean; ... 6 more ...; accountId: string; }' is not assignable to type 'Partial<Email>'.
    Types of property 'smartCategory' are incompatible.
      Type 'string | null' is not assignable to type 'string | undefined'.
        Type 'null' is not assignable to type 'string | undefined'.
electron/tests/db.emails.test.ts(328,20): error TS2345: Argument of type '{ id: string; sender: string; senderEmail: string; subject: string; body: string; bodyHtml: string; date: string; folder: string; smartCategory: string | null; category?: string | undefined; isRead: boolean; ... 6 more ...; accountId: string; }' is not assignable to parameter of type 'Partial<Email> & { id: string; accountId: string; attachments?: { id?: string | undefined; filename?: string | undefined; contentType?: string | undefined; size?: number | undefined; data?: Buffer<...> | undefined; }[] | undefined; }'.
  Type '{ id: string; sender: string; senderEmail: string; subject: string; body: string; bodyHtml: string; date: string; folder: string; smartCategory: string | null; category?: string | undefined; isRead: boolean; ... 6 more ...; accountId: string; }' is not assignable to type 'Partial<Email>'.
    Types of property 'smartCategory' are incompatible.
      Type 'string | null' is not assignable to type 'string | undefined'.
        Type 'null' is not assignable to type 'string | undefined'.
electron/tests/db.emails.test.ts(329,20): error TS2345: Argument of type '{ id: string; sender: string; senderEmail: string; subject: string; body: string; bodyHtml: string; date: string; folder: string; smartCategory: string | null; category?: string | undefined; isRead: boolean; ... 6 more ...; accountId: string; }' is not assignable to parameter of type 'Partial<Email> & { id: string; accountId: string; attachments?: { id?: string | undefined; filename?: string | undefined; contentType?: string | undefined; size?: number | undefined; data?: Buffer<...> | undefined; }[] | undefined; }'.
  Type '{ id: string; sender: string; senderEmail: string; subject: string; body: string; bodyHtml: string; date: string; folder: string; smartCategory: string | null; category?: string | undefined; isRead: boolean; ... 6 more ...; accountId: string; }' is not assignable to type 'Partial<Email>'.
    Types of property 'smartCategory' are incompatible.
      Type 'string | null' is not assignable to type 'string | undefined'.
        Type 'null' is not assignable to type 'string | undefined'.
electron/tests/db.emails.test.ts(330,20): error TS2345: Argument of type '{ id: string; sender: string; senderEmail: string; subject: string; body: string; bodyHtml: string; date: string; folder: string; smartCategory: string | null; category?: string | undefined; isRead: boolean; ... 6 more ...; accountId: string; }' is not assignable to parameter of type 'Partial<Email> & { id: string; accountId: string; attachments?: { id?: string | undefined; filename?: string | undefined; contentType?: string | undefined; size?: number | undefined; data?: Buffer<...> | undefined; }[] | undefined; }'.
  Type '{ id: string; sender: string; senderEmail: string; subject: string; body: string; bodyHtml: string; date: string; folder: string; smartCategory: string | null; category?: string | undefined; isRead: boolean; ... 6 more ...; accountId: string; }' is not assignable to type 'Partial<Email>'.
    Types of property 'smartCategory' are incompatible.
      Type 'string | null' is not assignable to type 'string | undefined'.
        Type 'null' is not assignable to type 'string | undefined'.
electron/tests/db.emails.test.ts(354,20): error TS2345: Argument of type '{ id: string; sender: string; senderEmail: string; subject: string; body: string; bodyHtml: string; date: string; folder: string; smartCategory: string | null; category?: string | undefined; isRead: boolean; ... 6 more ...; accountId: string; }' is not assignable to parameter of type 'Partial<Email> & { id: string; accountId: string; attachments?: { id?: string | undefined; filename?: string | undefined; contentType?: string | undefined; size?: number | undefined; data?: Buffer<...> | undefined; }[] | undefined; }'.
  Type '{ id: string; sender: string; senderEmail: string; subject: string; body: string; bodyHtml: string; date: string; folder: string; smartCategory: string | null; category?: string | undefined; isRead: boolean; ... 6 more ...; accountId: string; }' is not assignable to type 'Partial<Email>'.
    Types of property 'smartCategory' are incompatible.
      Type 'string | null' is not assignable to type 'string | undefined'.
        Type 'null' is not assignable to type 'string | undefined'.
electron/tests/db.emails.test.ts(377,20): error TS2345: Argument of type '{ id: string; sender: string; senderEmail: string; subject: string; body: string; bodyHtml: string; date: string; folder: string; smartCategory: string | null; category?: string | undefined; isRead: boolean; ... 6 more ...; accountId: string; }' is not assignable to parameter of type 'Partial<Email> & { id: string; accountId: string; attachments?: { id?: string | undefined; filename?: string | undefined; contentType?: string | undefined; size?: number | undefined; data?: Buffer<...> | undefined; }[] | undefined; }'.
  Type '{ id: string; sender: string; senderEmail: string; subject: string; body: string; bodyHtml: string; date: string; folder: string; smartCategory: string | null; category?: string | undefined; isRead: boolean; ... 6 more ...; accountId: string; }' is not assignable to type 'Partial<Email>'.
    Types of property 'smartCategory' are incompatible.
      Type 'string | null' is not assignable to type 'string | undefined'.
        Type 'null' is not assignable to type 'string | undefined'.
electron/tests/db.emails.test.ts(387,20): error TS2345: Argument of type '{ id: string; sender: string; senderEmail: string; subject: string; body: string; bodyHtml: string; date: string; folder: string; smartCategory: string | null; category?: string | undefined; isRead: boolean; ... 6 more ...; accountId: string; }' is not assignable to parameter of type 'Partial<Email> & { id: string; accountId: string; attachments?: { id?: string | undefined; filename?: string | undefined; contentType?: string | undefined; size?: number | undefined; data?: Buffer<...> | undefined; }[] | undefined; }'.
  Type '{ id: string; sender: string; senderEmail: string; subject: string; body: string; bodyHtml: string; date: string; folder: string; smartCategory: string | null; category?: string | undefined; isRead: boolean; ... 6 more ...; accountId: string; }' is not assignable to type 'Partial<Email>'.
    Types of property 'smartCategory' are incompatible.
      Type 'string | null' is not assignable to type 'string | undefined'.
        Type 'null' is not assignable to type 'string | undefined'.
electron/tests/db.emails.test.ts(404,20): error TS2345: Argument of type '{ id: string; sender: string; senderEmail: string; subject: string; body: string; bodyHtml: string; date: string; folder: string; smartCategory: string | null; category?: string | undefined; isRead: boolean; ... 6 more ...; accountId: string; }' is not assignable to parameter of type 'Partial<Email> & { id: string; accountId: string; attachments?: { id?: string | undefined; filename?: string | undefined; contentType?: string | undefined; size?: number | undefined; data?: Buffer<...> | undefined; }[] | undefined; }'.
  Type '{ id: string; sender: string; senderEmail: string; subject: string; body: string; bodyHtml: string; date: string; folder: string; smartCategory: string | null; category?: string | undefined; isRead: boolean; ... 6 more ...; accountId: string; }' is not assignable to type 'Partial<Email>'.
    Types of property 'smartCategory' are incompatible.
      Type 'string | null' is not assignable to type 'string | undefined'.
        Type 'null' is not assignable to type 'string | undefined'.
electron/tests/db.emails.test.ts(414,20): error TS2345: Argument of type '{ id: string; sender: string; senderEmail: string; subject: string; body: string; bodyHtml: string; date: string; folder: string; smartCategory: string | null; category?: string | undefined; isRead: boolean; ... 6 more ...; accountId: string; }' is not assignable to parameter of type 'Partial<Email> & { id: string; accountId: string; attachments?: { id?: string | undefined; filename?: string | undefined; contentType?: string | undefined; size?: number | undefined; data?: Buffer<...> | undefined; }[] | undefined; }'.
  Type '{ id: string; sender: string; senderEmail: string; subject: string; body: string; bodyHtml: string; date: string; folder: string; smartCategory: string | null; category?: string | undefined; isRead: boolean; ... 6 more ...; accountId: string; }' is not assignable to type 'Partial<Email>'.
    Types of property 'smartCategory' are incompatible.
      Type 'string | null' is not assignable to type 'string | undefined'.
        Type 'null' is not assignable to type 'string | undefined'.
electron/tests/db.emails.test.ts(431,20): error TS2345: Argument of type '{ id: string; sender: string; senderEmail: string; subject: string; body: string; bodyHtml: string; date: string; folder: string; smartCategory: string | null; category?: string | undefined; isRead: boolean; ... 6 more ...; accountId: string; }' is not assignable to parameter of type 'Partial<Email> & { id: string; accountId: string; attachments?: { id?: string | undefined; filename?: string | undefined; contentType?: string | undefined; size?: number | undefined; data?: Buffer<...> | undefined; }[] | undefined; }'.
  Type '{ id: string; sender: string; senderEmail: string; subject: string; body: string; bodyHtml: string; date: string; folder: string; smartCategory: string | null; category?: string | undefined; isRead: boolean; ... 6 more ...; accountId: string; }' is not assignable to type 'Partial<Email>'.
    Types of property 'smartCategory' are incompatible.
      Type 'string | null' is not assignable to type 'string | undefined'.
        Type 'null' is not assignable to type 'string | undefined'.
electron/tests/db.emails.test.ts(450,20): error TS2345: Argument of type '{ id: string; sender: string; senderEmail: string; subject: string; body: string; bodyHtml: string; date: string; folder: string; smartCategory: string | null; category?: string | undefined; isRead: boolean; ... 6 more ...; accountId: string; }' is not assignable to parameter of type 'Partial<Email> & { id: string; accountId: string; attachments?: { id?: string | undefined; filename?: string | undefined; contentType?: string | undefined; size?: number | undefined; data?: Buffer<...> | undefined; }[] | undefined; }'.
  Type '{ id: string; sender: string; senderEmail: string; subject: string; body: string; bodyHtml: string; date: string; folder: string; smartCategory: string | null; category?: string | undefined; isRead: boolean; ... 6 more ...; accountId: string; }' is not assignable to type 'Partial<Email>'.
    Types of property 'smartCategory' are incompatible.
      Type 'string | null' is not assignable to type 'string | undefined'.
        Type 'null' is not assignable to type 'string | undefined'.
electron/tests/db.emails.test.ts(468,20): error TS2345: Argument of type '{ id: string; sender: string; senderEmail: string; subject: string; body: string; bodyHtml: string; date: string; folder: string; smartCategory: string | null; category?: string | undefined; isRead: boolean; ... 6 more ...; accountId: string; }' is not assignable to parameter of type 'Partial<Email> & { id: string; accountId: string; attachments?: { id?: string | undefined; filename?: string | undefined; contentType?: string | undefined; size?: number | undefined; data?: Buffer<...> | undefined; }[] | undefined; }'.
  Type '{ id: string; sender: string; senderEmail: string; subject: string; body: string; bodyHtml: string; date: string; folder: string; smartCategory: string | null; category?: string | undefined; isRead: boolean; ... 6 more ...; accountId: string; }' is not assignable to type 'Partial<Email>'.
    Types of property 'smartCategory' are incompatible.
      Type 'string | null' is not assignable to type 'string | undefined'.
        Type 'null' is not assignable to type 'string | undefined'.
electron/tests/db.emails.test.ts(469,20): error TS2345: Argument of type '{ id: string; sender: string; senderEmail: string; subject: string; body: string; bodyHtml: string; date: string; folder: string; smartCategory: string | null; category?: string | undefined; isRead: boolean; ... 6 more ...; accountId: string; }' is not assignable to parameter of type 'Partial<Email> & { id: string; accountId: string; attachments?: { id?: string | undefined; filename?: string | undefined; contentType?: string | undefined; size?: number | undefined; data?: Buffer<...> | undefined; }[] | undefined; }'.
  Type '{ id: string; sender: string; senderEmail: string; subject: string; body: string; bodyHtml: string; date: string; folder: string; smartCategory: string | null; category?: string | undefined; isRead: boolean; ... 6 more ...; accountId: string; }' is not assignable to type 'Partial<Email>'.
    Types of property 'smartCategory' are incompatible.
      Type 'string | null' is not assignable to type 'string | undefined'.
        Type 'null' is not assignable to type 'string | undefined'.
electron/tests/db.emails.test.ts(491,22): error TS2345: Argument of type '{ id: string; sender: string; senderEmail: string; subject: string; body: string; bodyHtml: string; date: string; folder: string; smartCategory: string | null; category?: string | undefined; isRead: boolean; ... 6 more ...; accountId: string; }' is not assignable to parameter of type 'Partial<Email> & { id: string; accountId: string; attachments?: { id?: string | undefined; filename?: string | undefined; contentType?: string | undefined; size?: number | undefined; data?: Buffer<...> | undefined; }[] | undefined; }'.
  Type '{ id: string; sender: string; senderEmail: string; subject: string; body: string; bodyHtml: string; date: string; folder: string; smartCategory: string | null; category?: string | undefined; isRead: boolean; ... 6 more ...; accountId: string; }' is not assignable to type 'Partial<Email>'.
    Types of property 'smartCategory' are incompatible.
      Type 'string | null' is not assignable to type 'string | undefined'.
        Type 'null' is not assignable to type 'string | undefined'.
electron/tests/db.emails.test.ts(522,20): error TS2345: Argument of type '{ hasAttachments: boolean; attachments: { id: string; filename: string; contentType: string; size: number; data: Buffer<ArrayBuffer>; }[]; id: string; sender: string; senderEmail: string; ... 13 more ...; accountId: string; }' is not assignable to parameter of type 'Partial<Email> & { id: string; accountId: string; attachments?: { id?: string | undefined; filename?: string | undefined; contentType?: string | undefined; size?: number | undefined; data?: Buffer<...> | undefined; }[] | undefined; }'.
  Type '{ hasAttachments: boolean; attachments: { id: string; filename: string; contentType: string; size: number; data: Buffer<ArrayBuffer>; }[]; id: string; sender: string; senderEmail: string; ... 13 more ...; accountId: string; }' is not assignable to type 'Partial<Email>'.
    Types of property 'smartCategory' are incompatible.
      Type 'string | null' is not assignable to type 'string | undefined'.
        Type 'null' is not assignable to type 'string | undefined'.
electron/tests/db.emails.test.ts(562,20): error TS2345: Argument of type '{ hasAttachments: boolean; attachments: { id: string; filename: string; contentType: string; size: number; data: Buffer<ArrayBuffer>; }[]; id: string; sender: string; senderEmail: string; ... 13 more ...; accountId: string; }' is not assignable to parameter of type 'Partial<Email> & { id: string; accountId: string; attachments?: { id?: string | undefined; filename?: string | undefined; contentType?: string | undefined; size?: number | undefined; data?: Buffer<...> | undefined; }[] | undefined; }'.
  Type '{ hasAttachments: boolean; attachments: { id: string; filename: string; contentType: string; size: number; data: Buffer<ArrayBuffer>; }[]; id: string; sender: string; senderEmail: string; ... 13 more ...; accountId: string; }' is not assignable to type 'Partial<Email>'.
    Types of property 'smartCategory' are incompatible.
      Type 'string | null' is not assignable to type 'string | undefined'.
        Type 'null' is not assignable to type 'string | undefined'.
electron/tests/db.emails.test.ts(584,20): error TS2345: Argument of type '{ hasAttachments: boolean; attachments: {}[]; id: string; sender: string; senderEmail: string; subject: string; body: string; bodyHtml: string; date: string; folder: string; smartCategory: string | null; ... 7 more ...; accountId: string; }' is not assignable to parameter of type 'Partial<Email> & { id: string; accountId: string; attachments?: { id?: string | undefined; filename?: string | undefined; contentType?: string | undefined; size?: number | undefined; data?: Buffer<...> | undefined; }[] | undefined; }'.
  Type '{ hasAttachments: boolean; attachments: {}[]; id: string; sender: string; senderEmail: string; subject: string; body: string; bodyHtml: string; date: string; folder: string; smartCategory: string | null; ... 7 more ...; accountId: string; }' is not assignable to type 'Partial<Email>'.
    Types of property 'smartCategory' are incompatible.
      Type 'string | null' is not assignable to type 'string | undefined'.
        Type 'null' is not assignable to type 'string | undefined'.
electron/tests/db.unit.test.ts(11,1): error TS2740: Type '{ exports: { app: { getPath: () => string; }; }; }' is missing the following properties from type 'Module': children, filename, id, isPreloading, and 5 more.
electron/tests/main.attachments.security.test.ts(11,1): error TS2740: Type '{ exports: { app: { getPath: () => string; }; }; }' is missing the following properties from type 'Module': children, filename, id, isPreloading, and 5 more.
hooks/useAISettings.ts(1,37): error TS7016: Could not find a declaration file for module 'react'. '/home/adi/Projects/SmartMailSorter/node_modules/react/index.js' implicitly has an 'any' type.
  Try `npm i --save-dev @types/react` if it exists or add a new declaration (.d.ts) file containing `declare module 'react';`
hooks/useAccounts.ts(1,35): error TS7016: Could not find a declaration file for module 'react'. '/home/adi/Projects/SmartMailSorter/node_modules/react/index.js' implicitly has an 'any' type.
  Try `npm i --save-dev @types/react` if it exists or add a new declaration (.d.ts) file containing `declare module 'react';`
hooks/useAccounts.ts(21,26): error TS7006: Parameter 'a' implicitly has an 'any' type.
hooks/useAccounts.ts(26,17): error TS7006: Parameter 'prev' implicitly has an 'any' type.
hooks/useAccounts.ts(37,17): error TS7006: Parameter 'prev' implicitly has an 'any' type.
hooks/useAccounts.ts(38,36): error TS7006: Parameter 'a' implicitly has an 'any' type.
hooks/useAuth.ts(1,26): error TS7016: Could not find a declaration file for module 'react'. '/home/adi/Projects/SmartMailSorter/node_modules/react/index.js' implicitly has an 'any' type.
  Try `npm i --save-dev @types/react` if it exists or add a new declaration (.d.ts) file containing `declare module 'react';`
hooks/useBatchOperations.ts(1,26): error TS7016: Could not find a declaration file for module 'react'. '/home/adi/Projects/SmartMailSorter/node_modules/react/index.js' implicitly has an 'any' type.
  Try `npm i --save-dev @types/react` if it exists or add a new declaration (.d.ts) file containing `declare module 'react';`
hooks/useBatchOperations.ts(45,5): error TS2322: Type '(Email | { body: string; bodyHtml: string | null; id: string; sender: string; senderEmail: string; subject: string; date: string; folder: string; smartCategory?: string | undefined; ... 7 more ...; confidence?: number | undefined; })[]' is not assignable to type 'Email[]'.
  Type 'Email | { body: string; bodyHtml: string | null; id: string; sender: string; senderEmail: string; subject: string; date: string; folder: string; smartCategory?: string | undefined; ... 7 more ...; confidence?: number | undefined; }' is not assignable to type 'Email'.
    Type '{ body: string; bodyHtml: string | null; id: string; sender: string; senderEmail: string; subject: string; date: string; folder: string; smartCategory?: string; category?: string; isRead: boolean; ... 5 more ...; confidence?: number; }' is not assignable to type 'Email'.
      Types of property 'bodyHtml' are incompatible.
        Type 'string | null' is not assignable to type 'string | undefined'.
          Type 'null' is not assignable to type 'string | undefined'.
hooks/useCategories.ts(1,29): error TS7016: Could not find a declaration file for module 'react'. '/home/adi/Projects/SmartMailSorter/node_modules/react/index.js' implicitly has an 'any' type.
  Try `npm i --save-dev @types/react` if it exists or add a new declaration (.d.ts) file containing `declare module 'react';`
hooks/useEmails.ts(1,53): error TS7016: Could not find a declaration file for module 'react'. '/home/adi/Projects/SmartMailSorter/node_modules/react/index.js' implicitly has an 'any' type.
  Try `npm i --save-dev @types/react` if it exists or add a new declaration (.d.ts) file containing `declare module 'react';`
hooks/useEmails.ts(76,30): error TS7006: Parameter 'e' implicitly has an 'any' type.
hooks/useEmails.ts(80,32): error TS7006: Parameter 'e' implicitly has an 'any' type.
hooks/useEmails.ts(83,30): error TS7006: Parameter 'e' implicitly has an 'any' type.
hooks/useEmails.ts(86,46): error TS7006: Parameter 'c' implicitly has an 'any' type.
hooks/useEmails.ts(90,32): error TS7006: Parameter 'e' implicitly has an 'any' type.
hooks/useEmails.ts(98,32): error TS7006: Parameter 'e' implicitly has an 'any' type.
hooks/useEmails.ts(104,64): error TS7006: Parameter 't' implicitly has an 'any' type.
hooks/useEmails.ts(105,30): error TS7006: Parameter 'email' implicitly has an 'any' type.
hooks/useEmails.ts(127,44): error TS7006: Parameter 'e' implicitly has an 'any' type.
hooks/useEmails.ts(136,63): error TS7006: Parameter 'e' implicitly has an 'any' type.
hooks/useEmails.ts(137,47): error TS7006: Parameter 'e' implicitly has an 'any' type.
hooks/useEmails.ts(138,43): error TS7006: Parameter 'e' implicitly has an 'any' type.
hooks/useEmails.ts(139,49): error TS7006: Parameter 'e' implicitly has an 'any' type.
hooks/useEmails.ts(142,31): error TS7006: Parameter 'cat' implicitly has an 'any' type.
hooks/useEmails.ts(147,48): error TS7006: Parameter 'e' implicitly has an 'any' type.
hooks/useEmails.ts(149,48): error TS7006: Parameter 'e' implicitly has an 'any' type.
hooks/useEmails.ts(158,13): error TS7006: Parameter 'prev' implicitly has an 'any' type.
hooks/useEmails.ts(166,21): error TS7006: Parameter 'prev' implicitly has an 'any' type.
hooks/useSelection.ts(1,33): error TS7016: Could not find a declaration file for module 'react'. '/home/adi/Projects/SmartMailSorter/node_modules/react/index.js' implicitly has an 'any' type.
  Try `npm i --save-dev @types/react` if it exists or add a new declaration (.d.ts) file containing `declare module 'react';`
hooks/useSync.ts(1,39): error TS7016: Could not find a declaration file for module 'react'. '/home/adi/Projects/SmartMailSorter/node_modules/react/index.js' implicitly has an 'any' type.
  Try `npm i --save-dev @types/react` if it exists or add a new declaration (.d.ts) file containing `declare module 'react';`
index.tsx(1,19): error TS7016: Could not find a declaration file for module 'react'. '/home/adi/Projects/SmartMailSorter/node_modules/react/index.js' implicitly has an 'any' type.
  Try `npm i --save-dev @types/react` if it exists or add a new declaration (.d.ts) file containing `declare module 'react';`
index.tsx(2,22): error TS7016: Could not find a declaration file for module 'react-dom/client'. '/home/adi/Projects/SmartMailSorter/node_modules/react-dom/client.js' implicitly has an 'any' type.
  Try `npm i --save-dev @types/react-dom` if it exists or add a new declaration (.d.ts) file containing `declare module 'react-dom/client';`
index.tsx(12,3): error TS7016: Could not find a declaration file for module 'react/jsx-runtime'. '/home/adi/Projects/SmartMailSorter/node_modules/react/jsx-runtime.js' implicitly has an 'any' type.
  Try `npm i --save-dev @types/react` if it exists or add a new declaration (.d.ts) file containing `declare module 'react/jsx-runtime';`
vitest.workspace.ts(1,10): error TS2305: Module '"vitest/config"' has no exported member 'defineWorkspace'.
