{"/home/adi/projects/SmartMailSorter/.auto-claude/worktrees/tasks/011-design-and-implement-90-test-coverage-strategy/components/EmailList.tsx": {"path":"/home/adi/projects/SmartMailSorter/.auto-claude/worktrees/tasks/011-design-and-implement-90-test-coverage-strategy/components/EmailList.tsx","statementMap":{"0":{"start":{"line":20,"column":44},"end":{"line":186,"column":null}},"1":{"start":{"line":34,"column":42},"end":{"line":34,"column":null}},"2":{"start":{"line":37,"column":2},"end":{"line":39,"column":null}},"3":{"start":{"line":38,"column":4},"end":{"line":38,"column":null}},"4":{"start":{"line":41,"column":2},"end":{"line":47,"column":null}},"5":{"start":{"line":42,"column":4},"end":{"line":45,"column":null}},"6":{"start":{"line":49,"column":2},"end":{"line":55,"column":null}},"7":{"start":{"line":50,"column":4},"end":{"line":53,"column":null}},"8":{"start":{"line":57,"column":2},"end":{"line":184,"column":null}},"9":{"start":{"line":67,"column":25},"end":{"line":67,"column":null}},"10":{"start":{"line":68,"column":10},"end":{"line":73,"column":null}},"11":{"start":{"line":70,"column":12},"end":{"line":72,"column":null}},"12":{"start":{"line":71,"column":14},"end":{"line":71,"column":null}},"13":{"start":{"line":71,"column":38},"end":{"line":71,"column":72}},"14":{"start":{"line":77,"column":29},"end":{"line":77,"column":null}},"15":{"start":{"line":78,"column":10},"end":{"line":165,"column":null}},"16":{"start":{"line":82,"column":16},"end":{"line":82,"column":null}},"17":{"start":{"line":83,"column":16},"end":{"line":83,"column":null}},"18":{"start":{"line":92,"column":18},"end":{"line":92,"column":null}},"19":{"start":{"line":93,"column":18},"end":{"line":93,"column":null}},"20":{"start":{"line":110,"column":36},"end":{"line":110,"column":57}},"21":{"start":{"line":110,"column":57},"end":{"line":110,"column":81}},"22":{"start":{"line":123,"column":38},"end":{"line":123,"column":59}},"23":{"start":{"line":123,"column":59},"end":{"line":123,"column":83}},"24":{"start":{"line":130,"column":38},"end":{"line":130,"column":59}},"25":{"start":{"line":130,"column":59},"end":{"line":130,"column":84}},"26":{"start":{"line":174,"column":16},"end":{"line":174,"column":null}},"27":{"start":{"line":175,"column":16},"end":{"line":175,"column":null}}},"fnMap":{"0":{"name":"(anonymous_0)","decl":{"start":{"line":20,"column":44},"end":{"line":20,"column":45}},"loc":{"start":{"line":33,"column":6},"end":{"line":186,"column":null}},"line":33},"1":{"name":"(anonymous_1)","decl":{"start":{"line":37,"column":18},"end":{"line":37,"column":24}},"loc":{"start":{"line":37,"column":24},"end":{"line":39,"column":5}},"line":37},"2":{"name":"(anonymous_2)","decl":{"start":{"line":66,"column":18},"end":{"line":66,"column":19}},"loc":{"start":{"line":66,"column":25},"end":{"line":74,"column":null}},"line":66},"3":{"name":"(anonymous_3)","decl":{"start":{"line":71,"column":30},"end":{"line":71,"column":38}},"loc":{"start":{"line":71,"column":38},"end":{"line":71,"column":72}},"line":71},"4":{"name":"(anonymous_4)","decl":{"start":{"line":76,"column":43},"end":{"line":76,"column":44}},"loc":{"start":{"line":76,"column":54},"end":{"line":167,"column":9}},"line":76},"5":{"name":"(anonymous_5)","decl":{"start":{"line":81,"column":23},"end":{"line":81,"column":24}},"loc":{"start":{"line":81,"column":30},"end":{"line":84,"column":null}},"line":81},"6":{"name":"(anonymous_6)","decl":{"start":{"line":91,"column":25},"end":{"line":91,"column":26}},"loc":{"start":{"line":91,"column":32},"end":{"line":94,"column":null}},"line":91},"7":{"name":"(anonymous_7)","decl":{"start":{"line":110,"column":27},"end":{"line":110,"column":28}},"loc":{"start":{"line":110,"column":34},"end":{"line":110,"column":null}},"line":110},"8":{"name":"(anonymous_8)","decl":{"start":{"line":123,"column":29},"end":{"line":123,"column":30}},"loc":{"start":{"line":123,"column":36},"end":{"line":123,"column":null}},"line":123},"9":{"name":"(anonymous_9)","decl":{"start":{"line":130,"column":29},"end":{"line":130,"column":30}},"loc":{"start":{"line":130,"column":36},"end":{"line":130,"column":null}},"line":130},"10":{"name":"(anonymous_10)","decl":{"start":{"line":173,"column":23},"end":{"line":173,"column":24}},"loc":{"start":{"line":173,"column":30},"end":{"line":176,"column":null}},"line":173}},"branchMap":{"0":{"loc":{"start":{"line":41,"column":2},"end":{"line":47,"column":null}},"type":"if","locations":[{"start":{"line":41,"column":2},"end":{"line":47,"column":null}},{"start":{},"end":{}}],"line":41},"1":{"loc":{"start":{"line":49,"column":2},"end":{"line":55,"column":null}},"type":"if","locations":[{"start":{"line":49,"column":2},"end":{"line":55,"column":null}},{"start":{},"end":{}}],"line":49},"2":{"loc":{"start":{"line":68,"column":10},"end":{"line":73,"column":null}},"type":"if","locations":[{"start":{"line":68,"column":10},"end":{"line":73,"column":null}},{"start":{},"end":{}}],"line":68},"3":{"loc":{"start":{"line":70,"column":12},"end":{"line":72,"column":null}},"type":"if","locations":[{"start":{"line":70,"column":12},"end":{"line":72,"column":null}},{"start":{},"end":{}}],"line":70},"4":{"loc":{"start":{"line":85,"column":130},"end":{"line":85,"column":null}},"type":"cond-expr","locations":[{"start":{"line":85,"column":161},"end":{"line":85,"column":205}},{"start":{"line":85,"column":205},"end":{"line":85,"column":null}}],"line":85},"5":{"loc":{"start":{"line":86,"column":20},"end":{"line":86,"column":53}},"type":"cond-expr","locations":[{"start":{"line":86,"column":33},"end":{"line":86,"column":51}},{"start":{"line":86,"column":51},"end":{"line":86,"column":53}}],"line":86},"6":{"loc":{"start":{"line":96,"column":112},"end":{"line":98,"column":null}},"type":"cond-expr","locations":[{"start":{"line":97,"column":20},"end":{"line":97,"column":null}},{"start":{"line":98,"column":20},"end":{"line":98,"column":null}}],"line":96},"7":{"loc":{"start":{"line":111,"column":66},"end":{"line":113,"column":null}},"type":"cond-expr","locations":[{"start":{"line":112,"column":22},"end":{"line":112,"column":null}},{"start":{"line":113,"column":22},"end":{"line":113,"column":null}}],"line":111},"8":{"loc":{"start":{"line":115,"column":25},"end":{"line":115,"column":null}},"type":"cond-expr","locations":[{"start":{"line":115,"column":43},"end":{"line":115,"column":68}},{"start":{"line":115,"column":68},"end":{"line":115,"column":null}}],"line":115},"9":{"loc":{"start":{"line":117,"column":46},"end":{"line":117,"column":83}},"type":"cond-expr","locations":[{"start":{"line":117,"column":64},"end":{"line":117,"column":81}},{"start":{"line":117,"column":81},"end":{"line":117,"column":83}}],"line":117},"10":{"loc":{"start":{"line":125,"column":27},"end":{"line":125,"column":null}},"type":"cond-expr","locations":[{"start":{"line":125,"column":42},"end":{"line":125,"column":70}},{"start":{"line":125,"column":70},"end":{"line":125,"column":null}}],"line":125},"11":{"loc":{"start":{"line":127,"column":21},"end":{"line":127,"column":null}},"type":"cond-expr","locations":[{"start":{"line":127,"column":36},"end":{"line":127,"column":71}},{"start":{"line":127,"column":71},"end":{"line":127,"column":null}}],"line":127},"12":{"loc":{"start":{"line":140,"column":69},"end":{"line":140,"column":119}},"type":"cond-expr","locations":[{"start":{"line":140,"column":84},"end":{"line":140,"column":103}},{"start":{"line":140,"column":103},"end":{"line":140,"column":119}}],"line":140},"13":{"loc":{"start":{"line":148,"column":84},"end":{"line":148,"column":146}},"type":"cond-expr","locations":[{"start":{"line":148,"column":99},"end":{"line":148,"column":118}},{"start":{"line":148,"column":118},"end":{"line":148,"column":146}}],"line":148},"14":{"loc":{"start":{"line":150,"column":17},"end":{"line":151,"column":null}},"type":"binary-expr","locations":[{"start":{"line":150,"column":17},"end":{"line":150,"column":null}},{"start":{"line":151,"column":18},"end":{"line":151,"column":null}}],"line":150},"15":{"loc":{"start":{"line":159,"column":15},"end":{"line":163,"column":null}},"type":"binary-expr","locations":[{"start":{"line":159,"column":15},"end":{"line":159,"column":null}},{"start":{"line":160,"column":16},"end":{"line":163,"column":null}}],"line":159},"16":{"loc":{"start":{"line":170,"column":9},"end":{"line":181,"column":null}},"type":"binary-expr","locations":[{"start":{"line":170,"column":9},"end":{"line":170,"column":20}},{"start":{"line":170,"column":20},"end":{"line":170,"column":null}},{"start":{"line":171,"column":10},"end":{"line":181,"column":null}}],"line":170}},"s":{"0":1,"1":53,"2":53,"3":53,"4":53,"5":3,"6":50,"7":2,"8":48,"9":0,"10":0,"11":0,"12":0,"13":0,"14":253,"15":253,"16":2,"17":2,"18":3,"19":3,"20":2,"21":2,"22":2,"23":2,"24":2,"25":2,"26":2,"27":2},"f":{"0":53,"1":53,"2":0,"3":0,"4":253,"5":2,"6":3,"7":2,"8":2,"9":2,"10":2},"b":{"0":[3,50],"1":[2,48],"2":[0,0],"3":[0,0],"4":[2,251],"5":[4,249],"6":[4,249],"7":[26,227],"8":[26,227],"9":[26,227],"10":[26,227],"11":[26,227],"12":[26,227],"13":[26,227],"14":[253,1],"15":[253,1],"16":[48,4,3]},"meta":{"lastBranch":17,"lastFunction":11,"lastStatement":28,"seen":{"s:20:44:186:Infinity":0,"f:20:44:20:45":0,"s:34:42:34:Infinity":1,"s:37:2:39:Infinity":2,"f:37:18:37:24":1,"s:38:4:38:Infinity":3,"b:41:2:47:Infinity:undefined:undefined:undefined:undefined":0,"s:41:2:47:Infinity":4,"s:42:4:45:Infinity":5,"b:49:2:55:Infinity:undefined:undefined:undefined:undefined":1,"s:49:2:55:Infinity":6,"s:50:4:53:Infinity":7,"s:57:2:184:Infinity":8,"f:66:18:66:19":2,"s:67:25:67:Infinity":9,"b:68:10:73:Infinity:undefined:undefined:undefined:undefined":2,"s:68:10:73:Infinity":10,"b:70:12:72:Infinity:undefined:undefined:undefined:undefined":3,"s:70:12:72:Infinity":11,"s:71:14:71:Infinity":12,"f:71:30:71:38":3,"s:71:38:71:72":13,"f:76:43:76:44":4,"s:77:29:77:Infinity":14,"s:78:10:165:Infinity":15,"f:81:23:81:24":5,"s:82:16:82:Infinity":16,"s:83:16:83:Infinity":17,"b:85:161:85:205:85:205:85:Infinity":4,"b:86:33:86:51:86:51:86:53":5,"f:91:25:91:26":6,"s:92:18:92:Infinity":18,"s:93:18:93:Infinity":19,"b:97:20:97:Infinity:98:20:98:Infinity":6,"f:110:27:110:28":7,"s:110:36:110:57":20,"s:110:57:110:81":21,"b:112:22:112:Infinity:113:22:113:Infinity":7,"b:115:43:115:68:115:68:115:Infinity":8,"b:117:64:117:81:117:81:117:83":9,"f:123:29:123:30":8,"s:123:38:123:59":22,"s:123:59:123:83":23,"b:125:42:125:70:125:70:125:Infinity":10,"b:127:36:127:71:127:71:127:Infinity":11,"f:130:29:130:30":9,"s:130:38:130:59":24,"s:130:59:130:84":25,"b:140:84:140:103:140:103:140:119":12,"b:148:99:148:118:148:118:148:146":13,"b:150:17:150:Infinity:151:18:151:Infinity":14,"b:159:15:159:Infinity:160:16:163:Infinity":15,"b:170:9:170:20:170:20:170:Infinity:171:10:181:Infinity":16,"f:173:23:173:24":10,"s:174:16:174:Infinity":26,"s:175:16:175:Infinity":27}}}
,"/home/adi/projects/SmartMailSorter/.auto-claude/worktrees/tasks/011-design-and-implement-90-test-coverage-strategy/components/EmailView.tsx": {"path":"/home/adi/projects/SmartMailSorter/.auto-claude/worktrees/tasks/011-design-and-implement-90-test-coverage-strategy/components/EmailView.tsx","statementMap":{"0":{"start":{"line":9,"column":44},"end":{"line":153,"column":null}},"1":{"start":{"line":10,"column":30},"end":{"line":10,"column":null}},"2":{"start":{"line":11,"column":36},"end":{"line":11,"column":null}},"3":{"start":{"line":12,"column":54},"end":{"line":12,"column":null}},"4":{"start":{"line":14,"column":2},"end":{"line":26,"column":null}},"5":{"start":{"line":15,"column":4},"end":{"line":23,"column":null}},"6":{"start":{"line":16,"column":6},"end":{"line":16,"column":null}},"7":{"start":{"line":17,"column":6},"end":{"line":20,"column":null}},"8":{"start":{"line":18,"column":29},"end":{"line":18,"column":49}},"9":{"start":{"line":19,"column":29},"end":{"line":19,"column":47}},"10":{"start":{"line":20,"column":23},"end":{"line":20,"column":53}},"11":{"start":{"line":22,"column":6},"end":{"line":22,"column":null}},"12":{"start":{"line":25,"column":4},"end":{"line":25,"column":null}},"13":{"start":{"line":28,"column":2},"end":{"line":37,"column":null}},"14":{"start":{"line":29,"column":4},"end":{"line":35,"column":null}},"15":{"start":{"line":40,"column":2},"end":{"line":47,"column":null}},"16":{"start":{"line":41,"column":4},"end":{"line":45,"column":null}},"17":{"start":{"line":50,"column":18},"end":{"line":50,"column":null}},"18":{"start":{"line":52,"column":2},"end":{"line":151,"column":null}},"19":{"start":{"line":93,"column":14},"end":{"line":96,"column":null}},"20":{"start":{"line":120,"column":29},"end":{"line":120,"column":null}},"21":{"start":{"line":127,"column":29},"end":{"line":127,"column":null}}},"fnMap":{"0":{"name":"(anonymous_0)","decl":{"start":{"line":9,"column":44},"end":{"line":9,"column":45}},"loc":{"start":{"line":9,"column":59},"end":{"line":153,"column":null}},"line":9},"1":{"name":"(anonymous_1)","decl":{"start":{"line":14,"column":12},"end":{"line":14,"column":18}},"loc":{"start":{"line":14,"column":18},"end":{"line":26,"column":5}},"line":14},"2":{"name":"(anonymous_2)","decl":{"start":{"line":18,"column":14},"end":{"line":18,"column":15}},"loc":{"start":{"line":18,"column":29},"end":{"line":18,"column":49}},"line":18},"3":{"name":"(anonymous_3)","decl":{"start":{"line":19,"column":15},"end":{"line":19,"column":16}},"loc":{"start":{"line":19,"column":29},"end":{"line":19,"column":47}},"line":19},"4":{"name":"(anonymous_4)","decl":{"start":{"line":20,"column":17},"end":{"line":20,"column":23}},"loc":{"start":{"line":20,"column":23},"end":{"line":20,"column":53}},"line":20},"5":{"name":"(anonymous_5)","decl":{"start":{"line":92,"column":29},"end":{"line":92,"column":30}},"loc":{"start":{"line":93,"column":14},"end":{"line":96,"column":null}},"line":93},"6":{"name":"(anonymous_6)","decl":{"start":{"line":120,"column":23},"end":{"line":120,"column":29}},"loc":{"start":{"line":120,"column":29},"end":{"line":120,"column":null}},"line":120},"7":{"name":"(anonymous_7)","decl":{"start":{"line":127,"column":23},"end":{"line":127,"column":29}},"loc":{"start":{"line":127,"column":29},"end":{"line":127,"column":null}},"line":127}},"branchMap":{"0":{"loc":{"start":{"line":15,"column":4},"end":{"line":23,"column":null}},"type":"if","locations":[{"start":{"line":15,"column":4},"end":{"line":23,"column":null}},{"start":{"line":21,"column":11},"end":{"line":23,"column":null}}],"line":15},"1":{"loc":{"start":{"line":15,"column":8},"end":{"line":15,"column":58}},"type":"binary-expr","locations":[{"start":{"line":15,"column":8},"end":{"line":15,"column":17}},{"start":{"line":15,"column":17},"end":{"line":15,"column":41}},{"start":{"line":15,"column":41},"end":{"line":15,"column":58}}],"line":15},"2":{"loc":{"start":{"line":28,"column":2},"end":{"line":37,"column":null}},"type":"if","locations":[{"start":{"line":28,"column":2},"end":{"line":37,"column":null}},{"start":{},"end":{}}],"line":28},"3":{"loc":{"start":{"line":40,"column":2},"end":{"line":47,"column":null}},"type":"if","locations":[{"start":{"line":40,"column":2},"end":{"line":47,"column":null}},{"start":{},"end":{}}],"line":40},"4":{"loc":{"start":{"line":40,"column":6},"end":{"line":40,"column":64}},"type":"binary-expr","locations":[{"start":{"line":40,"column":6},"end":{"line":40,"column":34}},{"start":{"line":40,"column":34},"end":{"line":40,"column":64}}],"line":40},"5":{"loc":{"start":{"line":58,"column":11},"end":{"line":64,"column":null}},"type":"binary-expr","locations":[{"start":{"line":58,"column":11},"end":{"line":58,"column":null}},{"start":{"line":59,"column":12},"end":{"line":64,"column":null}}],"line":58},"6":{"loc":{"start":{"line":90,"column":9},"end":{"line":98,"column":null}},"type":"binary-expr","locations":[{"start":{"line":90,"column":9},"end":{"line":90,"column":null}},{"start":{"line":91,"column":10},"end":{"line":98,"column":null}}],"line":90},"7":{"loc":{"start":{"line":103,"column":7},"end":{"line":112,"column":null}},"type":"binary-expr","locations":[{"start":{"line":103,"column":7},"end":{"line":103,"column":null}},{"start":{"line":104,"column":8},"end":{"line":112,"column":null}}],"line":103},"8":{"loc":{"start":{"line":116,"column":7},"end":{"line":133,"column":null}},"type":"binary-expr","locations":[{"start":{"line":116,"column":7},"end":{"line":116,"column":null}},{"start":{"line":117,"column":8},"end":{"line":133,"column":null}}],"line":116},"9":{"loc":{"start":{"line":121,"column":38},"end":{"line":121,"column":126}},"type":"cond-expr","locations":[{"start":{"line":121,"column":50},"end":{"line":121,"column":92}},{"start":{"line":121,"column":92},"end":{"line":121,"column":126}}],"line":121},"10":{"loc":{"start":{"line":128,"column":38},"end":{"line":128,"column":125}},"type":"cond-expr","locations":[{"start":{"line":128,"column":49},"end":{"line":128,"column":91}},{"start":{"line":128,"column":91},"end":{"line":128,"column":125}}],"line":128},"11":{"loc":{"start":{"line":139,"column":11},"end":{"line":147,"column":null}},"type":"cond-expr","locations":[{"start":{"line":140,"column":12},"end":{"line":143,"column":null}},{"start":{"line":145,"column":12},"end":{"line":147,"column":null}}],"line":139},"12":{"loc":{"start":{"line":139,"column":11},"end":{"line":139,"column":null}},"type":"binary-expr","locations":[{"start":{"line":139,"column":11},"end":{"line":139,"column":23}},{"start":{"line":139,"column":23},"end":{"line":139,"column":null}}],"line":139}},"s":{"0":1,"1":137,"2":137,"3":137,"4":137,"5":62,"6":8,"7":8,"8":7,"9":1,"10":8,"11":54,"12":62,"13":137,"14":8,"15":129,"16":6,"17":123,"18":123,"19":12,"20":4,"21":1},"f":{"0":137,"1":62,"2":7,"3":1,"4":8,"5":12,"6":4,"7":1},"b":{"0":[8,54],"1":[62,58,9],"2":[8,129],"3":[6,123],"4":[129,6],"5":[123,8],"6":[137,10],"7":[137,6],"8":[137,25],"9":[5,20],"10":[20,5],"11":[20,103],"12":[137,118]},"meta":{"lastBranch":13,"lastFunction":8,"lastStatement":22,"seen":{"s:9:44:153:Infinity":0,"f:9:44:9:45":0,"s:10:30:10:Infinity":1,"s:11:36:11:Infinity":2,"s:12:54:12:Infinity":3,"s:14:2:26:Infinity":4,"f:14:12:14:18":1,"b:15:4:23:Infinity:21:11:23:Infinity":0,"s:15:4:23:Infinity":5,"b:15:8:15:17:15:17:15:41:15:41:15:58":1,"s:16:6:16:Infinity":6,"s:17:6:20:Infinity":7,"f:18:14:18:15":2,"s:18:29:18:49":8,"f:19:15:19:16":3,"s:19:29:19:47":9,"f:20:17:20:23":4,"s:20:23:20:53":10,"s:22:6:22:Infinity":11,"s:25:4:25:Infinity":12,"b:28:2:37:Infinity:undefined:undefined:undefined:undefined":2,"s:28:2:37:Infinity":13,"s:29:4:35:Infinity":14,"b:40:2:47:Infinity:undefined:undefined:undefined:undefined":3,"s:40:2:47:Infinity":15,"b:40:6:40:34:40:34:40:64":4,"s:41:4:45:Infinity":16,"s:50:18:50:Infinity":17,"s:52:2:151:Infinity":18,"b:58:11:58:Infinity:59:12:64:Infinity":5,"b:90:9:90:Infinity:91:10:98:Infinity":6,"f:92:29:92:30":5,"s:93:14:96:Infinity":19,"b:103:7:103:Infinity:104:8:112:Infinity":7,"b:116:7:116:Infinity:117:8:133:Infinity":8,"f:120:23:120:29":6,"s:120:29:120:Infinity":20,"b:121:50:121:92:121:92:121:126":9,"f:127:23:127:29":7,"s:127:29:127:Infinity":21,"b:128:49:128:91:128:91:128:125":10,"b:140:12:143:Infinity:145:12:147:Infinity":11,"b:139:11:139:23:139:23:139:Infinity":12}}}
,"/home/adi/projects/SmartMailSorter/.auto-claude/worktrees/tasks/011-design-and-implement-90-test-coverage-strategy/components/Icon.tsx": {"path":"/home/adi/projects/SmartMailSorter/.auto-claude/worktrees/tasks/011-design-and-implement-90-test-coverage-strategy/components/Icon.tsx","statementMap":{"0":{"start":{"line":47,"column":80},"end":{"line":73,"column":null}},"1":{"start":{"line":48,"column":2},"end":{"line":72,"column":null}},"2":{"start":{"line":49,"column":37},"end":{"line":49,"column":null}},"3":{"start":{"line":50,"column":36},"end":{"line":50,"column":null}},"4":{"start":{"line":51,"column":39},"end":{"line":51,"column":null}},"5":{"start":{"line":52,"column":42},"end":{"line":52,"column":null}},"6":{"start":{"line":53,"column":39},"end":{"line":53,"column":null}},"7":{"start":{"line":54,"column":40},"end":{"line":54,"column":null}},"8":{"start":{"line":55,"column":44},"end":{"line":55,"column":null}},"9":{"start":{"line":56,"column":37},"end":{"line":56,"column":null}},"10":{"start":{"line":58,"column":21},"end":{"line":58,"column":null}},"11":{"start":{"line":59,"column":23},"end":{"line":59,"column":null}},"12":{"start":{"line":60,"column":17},"end":{"line":60,"column":null}},"13":{"start":{"line":64,"column":19},"end":{"line":64,"column":null}},"14":{"start":{"line":66,"column":20},"end":{"line":66,"column":null}},"15":{"start":{"line":68,"column":21},"end":{"line":68,"column":null}},"16":{"start":{"line":71,"column":13},"end":{"line":71,"column":null}}},"fnMap":{"0":{"name":"(anonymous_0)","decl":{"start":{"line":47,"column":80},"end":{"line":47,"column":81}},"loc":{"start":{"line":47,"column":109},"end":{"line":73,"column":null}},"line":47}},"branchMap":{"0":{"loc":{"start":{"line":48,"column":2},"end":{"line":72,"column":null}},"type":"switch","locations":[{"start":{"line":49,"column":4},"end":{"line":49,"column":null}},{"start":{"line":50,"column":4},"end":{"line":50,"column":null}},{"start":{"line":51,"column":4},"end":{"line":51,"column":null}},{"start":{"line":52,"column":4},"end":{"line":52,"column":null}},{"start":{"line":53,"column":4},"end":{"line":53,"column":null}},{"start":{"line":54,"column":4},"end":{"line":54,"column":null}},{"start":{"line":55,"column":4},"end":{"line":55,"column":null}},{"start":{"line":56,"column":4},"end":{"line":56,"column":null}},{"start":{"line":58,"column":4},"end":{"line":58,"column":null}},{"start":{"line":59,"column":4},"end":{"line":59,"column":null}},{"start":{"line":60,"column":4},"end":{"line":60,"column":null}},{"start":{"line":63,"column":4},"end":{"line":63,"column":null}},{"start":{"line":64,"column":4},"end":{"line":64,"column":null}},{"start":{"line":65,"column":4},"end":{"line":65,"column":null}},{"start":{"line":66,"column":4},"end":{"line":66,"column":null}},{"start":{"line":67,"column":4},"end":{"line":67,"column":null}},{"start":{"line":68,"column":4},"end":{"line":68,"column":null}},{"start":{"line":71,"column":4},"end":{"line":71,"column":null}}],"line":48}},"s":{"0":6,"1":553,"2":99,"3":99,"4":4,"5":2,"6":2,"7":2,"8":2,"9":2,"10":98,"11":97,"12":0,"13":5,"14":4,"15":4,"16":133},"f":{"0":553},"b":{"0":[99,99,4,2,2,2,2,2,98,97,0,2,5,2,4,2,4,133]},"meta":{"lastBranch":1,"lastFunction":1,"lastStatement":17,"seen":{"s:47:80:73:Infinity":0,"f:47:80:47:81":0,"b:49:4:49:Infinity:50:4:50:Infinity:51:4:51:Infinity:52:4:52:Infinity:53:4:53:Infinity:54:4:54:Infinity:55:4:55:Infinity:56:4:56:Infinity:58:4:58:Infinity:59:4:59:Infinity:60:4:60:Infinity:63:4:63:Infinity:64:4:64:Infinity:65:4:65:Infinity:66:4:66:Infinity:67:4:67:Infinity:68:4:68:Infinity:71:4:71:Infinity":0,"s:48:2:72:Infinity":1,"s:49:37:49:Infinity":2,"s:50:36:50:Infinity":3,"s:51:39:51:Infinity":4,"s:52:42:52:Infinity":5,"s:53:39:53:Infinity":6,"s:54:40:54:Infinity":7,"s:55:44:55:Infinity":8,"s:56:37:56:Infinity":9,"s:58:21:58:Infinity":10,"s:59:23:59:Infinity":11,"s:60:17:60:Infinity":12,"s:64:19:64:Infinity":13,"s:66:20:66:Infinity":14,"s:68:21:68:Infinity":15,"s:71:13:71:Infinity":16}}}
,"/home/adi/projects/SmartMailSorter/.auto-claude/worktrees/tasks/011-design-and-implement-90-test-coverage-strategy/components/SearchBar.tsx": {"path":"/home/adi/projects/SmartMailSorter/.auto-claude/worktrees/tasks/011-design-and-implement-90-test-coverage-strategy/components/SearchBar.tsx","statementMap":{"0":{"start":{"line":18,"column":44},"end":{"line":144,"column":null}},"1":{"start":{"line":24,"column":36},"end":{"line":24,"column":null}},"2":{"start":{"line":25,"column":8},"end":{"line":25,"column":null}},"3":{"start":{"line":28,"column":2},"end":{"line":36,"column":null}},"4":{"start":{"line":29,"column":31},"end":{"line":33,"column":null}},"5":{"start":{"line":30,"column":6},"end":{"line":32,"column":null}},"6":{"start":{"line":31,"column":8},"end":{"line":31,"column":null}},"7":{"start":{"line":34,"column":4},"end":{"line":34,"column":null}},"8":{"start":{"line":35,"column":4},"end":{"line":35,"column":null}},"9":{"start":{"line":35,"column":17},"end":{"line":35,"column":null}},"10":{"start":{"line":38,"column":23},"end":{"line":48,"column":null}},"11":{"start":{"line":39,"column":4},"end":{"line":47,"column":null}},"12":{"start":{"line":40,"column":6},"end":{"line":40,"column":null}},"13":{"start":{"line":43,"column":27},"end":{"line":43,"column":null}},"14":{"start":{"line":44,"column":6},"end":{"line":44,"column":null}},"15":{"start":{"line":44,"column":45},"end":{"line":44,"column":null}},"16":{"start":{"line":46,"column":6},"end":{"line":46,"column":null}},"17":{"start":{"line":50,"column":2},"end":{"line":142,"column":null}},"18":{"start":{"line":60,"column":27},"end":{"line":60,"column":null}},"19":{"start":{"line":68,"column":30},"end":{"line":68,"column":null}},"20":{"start":{"line":75,"column":27},"end":{"line":75,"column":null}},"21":{"start":{"line":96,"column":32},"end":{"line":96,"column":null}},"22":{"start":{"line":105,"column":32},"end":{"line":105,"column":null}},"23":{"start":{"line":114,"column":32},"end":{"line":114,"column":null}},"24":{"start":{"line":124,"column":29},"end":{"line":124,"column":null}},"25":{"start":{"line":132,"column":29},"end":{"line":132,"column":null}}},"fnMap":{"0":{"name":"(anonymous_0)","decl":{"start":{"line":18,"column":44},"end":{"line":18,"column":45}},"loc":{"start":{"line":23,"column":6},"end":{"line":144,"column":null}},"line":23},"1":{"name":"(anonymous_1)","decl":{"start":{"line":28,"column":12},"end":{"line":28,"column":18}},"loc":{"start":{"line":28,"column":18},"end":{"line":36,"column":5}},"line":28},"2":{"name":"(anonymous_2)","decl":{"start":{"line":29,"column":31},"end":{"line":29,"column":32}},"loc":{"start":{"line":29,"column":54},"end":{"line":33,"column":null}},"line":29},"3":{"name":"(anonymous_3)","decl":{"start":{"line":35,"column":11},"end":{"line":35,"column":17}},"loc":{"start":{"line":35,"column":17},"end":{"line":35,"column":null}},"line":35},"4":{"name":"(anonymous_4)","decl":{"start":{"line":38,"column":23},"end":{"line":38,"column":24}},"loc":{"start":{"line":38,"column":52},"end":{"line":48,"column":null}},"line":38},"5":{"name":"(anonymous_5)","decl":{"start":{"line":60,"column":20},"end":{"line":60,"column":21}},"loc":{"start":{"line":60,"column":27},"end":{"line":60,"column":null}},"line":60},"6":{"name":"(anonymous_6)","decl":{"start":{"line":68,"column":24},"end":{"line":68,"column":30}},"loc":{"start":{"line":68,"column":30},"end":{"line":68,"column":null}},"line":68},"7":{"name":"(anonymous_7)","decl":{"start":{"line":75,"column":21},"end":{"line":75,"column":27}},"loc":{"start":{"line":75,"column":27},"end":{"line":75,"column":null}},"line":75},"8":{"name":"(anonymous_8)","decl":{"start":{"line":96,"column":26},"end":{"line":96,"column":32}},"loc":{"start":{"line":96,"column":32},"end":{"line":96,"column":null}},"line":96},"9":{"name":"(anonymous_9)","decl":{"start":{"line":105,"column":26},"end":{"line":105,"column":32}},"loc":{"start":{"line":105,"column":32},"end":{"line":105,"column":null}},"line":105},"10":{"name":"(anonymous_10)","decl":{"start":{"line":114,"column":26},"end":{"line":114,"column":32}},"loc":{"start":{"line":114,"column":32},"end":{"line":114,"column":null}},"line":114},"11":{"name":"(anonymous_11)","decl":{"start":{"line":124,"column":23},"end":{"line":124,"column":29}},"loc":{"start":{"line":124,"column":29},"end":{"line":124,"column":null}},"line":124},"12":{"name":"(anonymous_12)","decl":{"start":{"line":132,"column":23},"end":{"line":132,"column":29}},"loc":{"start":{"line":132,"column":29},"end":{"line":132,"column":null}},"line":132}},"branchMap":{"0":{"loc":{"start":{"line":30,"column":6},"end":{"line":32,"column":null}},"type":"if","locations":[{"start":{"line":30,"column":6},"end":{"line":32,"column":null}},{"start":{},"end":{}}],"line":30},"1":{"loc":{"start":{"line":30,"column":10},"end":{"line":30,"column":82}},"type":"binary-expr","locations":[{"start":{"line":30,"column":10},"end":{"line":30,"column":31}},{"start":{"line":30,"column":31},"end":{"line":30,"column":82}}],"line":30},"2":{"loc":{"start":{"line":39,"column":4},"end":{"line":47,"column":null}},"type":"if","locations":[{"start":{"line":39,"column":4},"end":{"line":47,"column":null}},{"start":{"line":41,"column":11},"end":{"line":47,"column":null}}],"line":39},"3":{"loc":{"start":{"line":40,"column":41},"end":{"line":40,"column":79}},"type":"cond-expr","locations":[{"start":{"line":40,"column":66},"end":{"line":40,"column":73}},{"start":{"line":40,"column":73},"end":{"line":40,"column":79}}],"line":40},"4":{"loc":{"start":{"line":44,"column":6},"end":{"line":44,"column":null}},"type":"if","locations":[{"start":{"line":44,"column":6},"end":{"line":44,"column":null}},{"start":{},"end":{}}],"line":44},"5":{"loc":{"start":{"line":44,"column":10},"end":{"line":44,"column":45}},"type":"binary-expr","locations":[{"start":{"line":44,"column":10},"end":{"line":44,"column":32}},{"start":{"line":44,"column":32},"end":{"line":44,"column":45}}],"line":44},"6":{"loc":{"start":{"line":66,"column":11},"end":{"line":72,"column":null}},"type":"binary-expr","locations":[{"start":{"line":66,"column":11},"end":{"line":66,"column":null}},{"start":{"line":67,"column":13},"end":{"line":72,"column":null}}],"line":66},"7":{"loc":{"start":{"line":77,"column":14},"end":{"line":77,"column":null}},"type":"cond-expr","locations":[{"start":{"line":77,"column":28},"end":{"line":77,"column":58}},{"start":{"line":77,"column":58},"end":{"line":77,"column":null}}],"line":77},"8":{"loc":{"start":{"line":87,"column":7},"end":{"line":140,"column":null}},"type":"binary-expr","locations":[{"start":{"line":87,"column":7},"end":{"line":87,"column":null}},{"start":{"line":88,"column":8},"end":{"line":140,"column":null}}],"line":87},"9":{"loc":{"start":{"line":126,"column":16},"end":{"line":126,"column":null}},"type":"cond-expr","locations":[{"start":{"line":126,"column":41},"end":{"line":126,"column":75}},{"start":{"line":126,"column":75},"end":{"line":126,"column":null}}],"line":126},"10":{"loc":{"start":{"line":134,"column":16},"end":{"line":134,"column":null}},"type":"cond-expr","locations":[{"start":{"line":134,"column":40},"end":{"line":134,"column":74}},{"start":{"line":134,"column":74},"end":{"line":134,"column":null}}],"line":134}},"s":{"0":1,"1":55,"2":55,"3":55,"4":32,"5":1,"6":1,"7":32,"8":32,"9":32,"10":55,"11":6,"12":0,"13":6,"14":6,"15":1,"16":5,"17":55,"18":2,"19":1,"20":22,"21":2,"22":3,"23":1,"24":1,"25":1},"f":{"0":55,"1":32,"2":1,"3":32,"4":6,"5":2,"6":1,"7":22,"8":2,"9":3,"10":1,"11":1,"12":1},"b":{"0":[1,0],"1":[1,1],"2":[0,6],"3":[0,0],"4":[1,5],"5":[6,2],"6":[55,3],"7":[20,35],"8":[55,20],"9":[18,2],"10":[2,18]},"meta":{"lastBranch":11,"lastFunction":13,"lastStatement":26,"seen":{"s:18:44:144:Infinity":0,"f:18:44:18:45":0,"s:24:36:24:Infinity":1,"s:25:8:25:Infinity":2,"s:28:2:36:Infinity":3,"f:28:12:28:18":1,"s:29:31:33:Infinity":4,"f:29:31:29:32":2,"b:30:6:32:Infinity:undefined:undefined:undefined:undefined":0,"s:30:6:32:Infinity":5,"b:30:10:30:31:30:31:30:82":1,"s:31:8:31:Infinity":6,"s:34:4:34:Infinity":7,"s:35:4:35:Infinity":8,"f:35:11:35:17":3,"s:35:17:35:Infinity":9,"s:38:23:48:Infinity":10,"f:38:23:38:24":4,"b:39:4:47:Infinity:41:11:47:Infinity":2,"s:39:4:47:Infinity":11,"s:40:6:40:Infinity":12,"b:40:66:40:73:40:73:40:79":3,"s:43:27:43:Infinity":13,"b:44:6:44:Infinity:undefined:undefined:undefined:undefined":4,"s:44:6:44:Infinity":14,"b:44:10:44:32:44:32:44:45":5,"s:44:45:44:Infinity":15,"s:46:6:46:Infinity":16,"s:50:2:142:Infinity":17,"f:60:20:60:21":5,"s:60:27:60:Infinity":18,"b:66:11:66:Infinity:67:13:72:Infinity":6,"f:68:24:68:30":6,"s:68:30:68:Infinity":19,"f:75:21:75:27":7,"s:75:27:75:Infinity":20,"b:77:28:77:58:77:58:77:Infinity":7,"b:87:7:87:Infinity:88:8:140:Infinity":8,"f:96:26:96:32":8,"s:96:32:96:Infinity":21,"f:105:26:105:32":9,"s:105:32:105:Infinity":22,"f:114:26:114:32":10,"s:114:32:114:Infinity":23,"f:124:23:124:29":11,"s:124:29:124:Infinity":24,"b:126:41:126:75:126:75:126:Infinity":9,"f:132:23:132:29":12,"s:132:29:132:Infinity":25,"b:134:40:134:74:134:74:134:Infinity":10}}}
,"/home/adi/projects/SmartMailSorter/.auto-claude/worktrees/tasks/011-design-and-implement-90-test-coverage-strategy/components/SettingsModal.tsx": {"path":"/home/adi/projects/SmartMailSorter/.auto-claude/worktrees/tasks/011-design-and-implement-90-test-coverage-strategy/components/SettingsModal.tsx","statementMap":{"0":{"start":{"line":16,"column":52},"end":{"line":438,"column":null}},"1":{"start":{"line":25,"column":32},"end":{"line":25,"column":null}},"2":{"start":{"line":26,"column":30},"end":{"line":26,"column":null}},"3":{"start":{"line":29,"column":28},"end":{"line":29,"column":null}},"4":{"start":{"line":30,"column":30},"end":{"line":30,"column":null}},"5":{"start":{"line":31,"column":36},"end":{"line":31,"column":null}},"6":{"start":{"line":32,"column":36},"end":{"line":32,"column":null}},"7":{"start":{"line":33,"column":28},"end":{"line":33,"column":null}},"8":{"start":{"line":34,"column":28},"end":{"line":34,"column":null}},"9":{"start":{"line":37,"column":42},"end":{"line":37,"column":null}},"10":{"start":{"line":40,"column":34},"end":{"line":40,"column":null}},"11":{"start":{"line":41,"column":36},"end":{"line":41,"column":null}},"12":{"start":{"line":44,"column":2},"end":{"line":50,"column":null}},"13":{"start":{"line":45,"column":4},"end":{"line":49,"column":null}},"14":{"start":{"line":46,"column":6},"end":{"line":46,"column":null}},"15":{"start":{"line":47,"column":6},"end":{"line":47,"column":null}},"16":{"start":{"line":48,"column":6},"end":{"line":48,"column":null}},"17":{"start":{"line":52,"column":31},"end":{"line":88,"column":null}},"18":{"start":{"line":53,"column":4},"end":{"line":53,"column":null}},"19":{"start":{"line":53,"column":35},"end":{"line":53,"column":null}},"20":{"start":{"line":55,"column":4},"end":{"line":55,"column":null}},"21":{"start":{"line":56,"column":4},"end":{"line":56,"column":null}},"22":{"start":{"line":58,"column":4},"end":{"line":62,"column":null}},"23":{"start":{"line":59,"column":6},"end":{"line":59,"column":null}},"24":{"start":{"line":60,"column":6},"end":{"line":60,"column":null}},"25":{"start":{"line":61,"column":6},"end":{"line":61,"column":null}},"26":{"start":{"line":64,"column":4},"end":{"line":87,"column":null}},"27":{"start":{"line":65,"column":39},"end":{"line":75,"column":null}},"28":{"start":{"line":77,"column":21},"end":{"line":77,"column":null}},"29":{"start":{"line":78,"column":6},"end":{"line":83,"column":null}},"30":{"start":{"line":79,"column":8},"end":{"line":79,"column":null}},"31":{"start":{"line":81,"column":8},"end":{"line":81,"column":null}},"32":{"start":{"line":82,"column":8},"end":{"line":82,"column":null}},"33":{"start":{"line":85,"column":6},"end":{"line":85,"column":null}},"34":{"start":{"line":86,"column":6},"end":{"line":86,"column":null}},"35":{"start":{"line":90,"column":2},"end":{"line":90,"column":null}},"36":{"start":{"line":90,"column":15},"end":{"line":90,"column":null}},"37":{"start":{"line":92,"column":28},"end":{"line":113,"column":null}},"38":{"start":{"line":93,"column":4},"end":{"line":112,"column":null}},"39":{"start":{"line":94,"column":21},"end":{"line":94,"column":null}},"40":{"start":{"line":95,"column":26},"end":{"line":95,"column":null}},"41":{"start":{"line":97,"column":6},"end":{"line":107,"column":null}},"42":{"start":{"line":108,"column":6},"end":{"line":108,"column":null}},"43":{"start":{"line":109,"column":6},"end":{"line":109,"column":null}},"44":{"start":{"line":110,"column":6},"end":{"line":110,"column":null}},"45":{"start":{"line":111,"column":6},"end":{"line":111,"column":null}},"46":{"start":{"line":115,"column":23},"end":{"line":117,"column":null}},"47":{"start":{"line":116,"column":4},"end":{"line":116,"column":null}},"48":{"start":{"line":119,"column":31},"end":{"line":126,"column":null}},"49":{"start":{"line":120,"column":4},"end":{"line":125,"column":null}},"50":{"start":{"line":128,"column":2},"end":{"line":436,"column":null}},"51":{"start":{"line":143,"column":29},"end":{"line":143,"column":null}},"52":{"start":{"line":150,"column":29},"end":{"line":150,"column":null}},"53":{"start":{"line":158,"column":29},"end":{"line":158,"column":null}},"54":{"start":{"line":174,"column":37},"end":{"line":174,"column":null}},"55":{"start":{"line":193,"column":28},"end":{"line":208,"column":null}},"56":{"start":{"line":196,"column":32},"end":{"line":196,"column":null}},"57":{"start":{"line":197,"column":32},"end":{"line":197,"column":null}},"58":{"start":{"line":197,"column":51},"end":{"line":197,"column":79}},"59":{"start":{"line":197,"column":79},"end":{"line":197,"column":96}},"60":{"start":{"line":198,"column":32},"end":{"line":198,"column":null}},"61":{"start":{"line":198,"column":53},"end":{"line":198,"column":80}},"62":{"start":{"line":198,"column":80},"end":{"line":198,"column":97}},"63":{"start":{"line":199,"column":32},"end":{"line":199,"column":null}},"64":{"start":{"line":199,"column":53},"end":{"line":199,"column":83}},"65":{"start":{"line":199,"column":83},"end":{"line":199,"column":100}},"66":{"start":{"line":200,"column":32},"end":{"line":200,"column":null}},"67":{"start":{"line":200,"column":53},"end":{"line":200,"column":69}},"68":{"start":{"line":222,"column":41},"end":{"line":222,"column":null}},"69":{"start":{"line":232,"column":41},"end":{"line":232,"column":null}},"70":{"start":{"line":243,"column":41},"end":{"line":243,"column":null}},"71":{"start":{"line":256,"column":45},"end":{"line":256,"column":null}},"72":{"start":{"line":266,"column":45},"end":{"line":266,"column":null}},"73":{"start":{"line":288,"column":43},"end":{"line":288,"column":null}},"74":{"start":{"line":308,"column":20},"end":{"line":331,"column":null}},"75":{"start":{"line":324,"column":41},"end":{"line":324,"column":null}},"76":{"start":{"line":359,"column":39},"end":{"line":359,"column":null}},"77":{"start":{"line":362,"column":24},"end":{"line":362,"column":null}},"78":{"start":{"line":376,"column":39},"end":{"line":376,"column":null}},"79":{"start":{"line":379,"column":24},"end":{"line":379,"column":null}},"80":{"start":{"line":395,"column":39},"end":{"line":395,"column":null}},"81":{"start":{"line":421,"column":20},"end":{"line":424,"column":null}},"82":{"start":{"line":422,"column":22},"end":{"line":422,"column":null}},"83":{"start":{"line":422,"column":43},"end":{"line":422,"column":null}},"84":{"start":{"line":423,"column":22},"end":{"line":423,"column":null}}},"fnMap":{"0":{"name":"(anonymous_0)","decl":{"start":{"line":16,"column":52},"end":{"line":16,"column":53}},"loc":{"start":{"line":24,"column":6},"end":{"line":438,"column":null}},"line":24},"1":{"name":"(anonymous_1)","decl":{"start":{"line":44,"column":12},"end":{"line":44,"column":18}},"loc":{"start":{"line":44,"column":18},"end":{"line":50,"column":5}},"line":44},"2":{"name":"(anonymous_2)","decl":{"start":{"line":52,"column":31},"end":{"line":52,"column":43}},"loc":{"start":{"line":52,"column":43},"end":{"line":88,"column":null}},"line":52},"3":{"name":"(anonymous_3)","decl":{"start":{"line":92,"column":28},"end":{"line":92,"column":34}},"loc":{"start":{"line":92,"column":34},"end":{"line":113,"column":null}},"line":92},"4":{"name":"(anonymous_4)","decl":{"start":{"line":115,"column":23},"end":{"line":115,"column":29}},"loc":{"start":{"line":115,"column":29},"end":{"line":117,"column":null}},"line":115},"5":{"name":"(anonymous_5)","decl":{"start":{"line":119,"column":31},"end":{"line":119,"column":32}},"loc":{"start":{"line":119,"column":58},"end":{"line":126,"column":null}},"line":119},"6":{"name":"(anonymous_6)","decl":{"start":{"line":143,"column":23},"end":{"line":143,"column":29}},"loc":{"start":{"line":143,"column":29},"end":{"line":143,"column":null}},"line":143},"7":{"name":"(anonymous_7)","decl":{"start":{"line":150,"column":23},"end":{"line":150,"column":29}},"loc":{"start":{"line":150,"column":29},"end":{"line":150,"column":null}},"line":150},"8":{"name":"(anonymous_8)","decl":{"start":{"line":158,"column":23},"end":{"line":158,"column":29}},"loc":{"start":{"line":158,"column":29},"end":{"line":158,"column":null}},"line":158},"9":{"name":"(anonymous_9)","decl":{"start":{"line":174,"column":31},"end":{"line":174,"column":37}},"loc":{"start":{"line":174,"column":37},"end":{"line":174,"column":null}},"line":174},"10":{"name":"(anonymous_10)","decl":{"start":{"line":192,"column":66},"end":{"line":192,"column":null}},"loc":{"start":{"line":193,"column":28},"end":{"line":208,"column":null}},"line":193},"11":{"name":"(anonymous_11)","decl":{"start":{"line":195,"column":39},"end":{"line":195,"column":45}},"loc":{"start":{"line":195,"column":45},"end":{"line":201,"column":null}},"line":195},"12":{"name":"(anonymous_12)","decl":{"start":{"line":222,"column":36},"end":{"line":222,"column":41}},"loc":{"start":{"line":222,"column":41},"end":{"line":222,"column":null}},"line":222},"13":{"name":"(anonymous_13)","decl":{"start":{"line":232,"column":36},"end":{"line":232,"column":41}},"loc":{"start":{"line":232,"column":41},"end":{"line":232,"column":null}},"line":232},"14":{"name":"(anonymous_14)","decl":{"start":{"line":243,"column":36},"end":{"line":243,"column":41}},"loc":{"start":{"line":243,"column":41},"end":{"line":243,"column":null}},"line":243},"15":{"name":"(anonymous_15)","decl":{"start":{"line":256,"column":40},"end":{"line":256,"column":45}},"loc":{"start":{"line":256,"column":45},"end":{"line":256,"column":null}},"line":256},"16":{"name":"(anonymous_16)","decl":{"start":{"line":266,"column":40},"end":{"line":266,"column":45}},"loc":{"start":{"line":266,"column":45},"end":{"line":266,"column":null}},"line":266},"17":{"name":"(anonymous_17)","decl":{"start":{"line":288,"column":37},"end":{"line":288,"column":43}},"loc":{"start":{"line":288,"column":43},"end":{"line":288,"column":null}},"line":288},"18":{"name":"(anonymous_18)","decl":{"start":{"line":307,"column":32},"end":{"line":307,"column":null}},"loc":{"start":{"line":308,"column":20},"end":{"line":331,"column":null}},"line":308},"19":{"name":"(anonymous_19)","decl":{"start":{"line":324,"column":35},"end":{"line":324,"column":41}},"loc":{"start":{"line":324,"column":41},"end":{"line":324,"column":null}},"line":324},"20":{"name":"(anonymous_20)","decl":{"start":{"line":359,"column":32},"end":{"line":359,"column":33}},"loc":{"start":{"line":359,"column":39},"end":{"line":359,"column":null}},"line":359},"21":{"name":"(anonymous_21)","decl":{"start":{"line":361,"column":54},"end":{"line":361,"column":null}},"loc":{"start":{"line":362,"column":24},"end":{"line":362,"column":null}},"line":362},"22":{"name":"(anonymous_22)","decl":{"start":{"line":376,"column":32},"end":{"line":376,"column":33}},"loc":{"start":{"line":376,"column":39},"end":{"line":376,"column":null}},"line":376},"23":{"name":"(anonymous_23)","decl":{"start":{"line":378,"column":69},"end":{"line":378,"column":null}},"loc":{"start":{"line":379,"column":24},"end":{"line":379,"column":null}},"line":379},"24":{"name":"(anonymous_24)","decl":{"start":{"line":395,"column":32},"end":{"line":395,"column":33}},"loc":{"start":{"line":395,"column":39},"end":{"line":395,"column":null}},"line":395},"25":{"name":"(anonymous_25)","decl":{"start":{"line":420,"column":27},"end":{"line":420,"column":39}},"loc":{"start":{"line":420,"column":39},"end":{"line":425,"column":null}},"line":420}},"branchMap":{"0":{"loc":{"start":{"line":45,"column":4},"end":{"line":49,"column":null}},"type":"if","locations":[{"start":{"line":45,"column":4},"end":{"line":49,"column":null}},{"start":{},"end":{}}],"line":45},"1":{"loc":{"start":{"line":53,"column":4},"end":{"line":53,"column":null}},"type":"if","locations":[{"start":{"line":53,"column":4},"end":{"line":53,"column":null}},{"start":{},"end":{}}],"line":53},"2":{"loc":{"start":{"line":53,"column":8},"end":{"line":53,"column":35}},"type":"binary-expr","locations":[{"start":{"line":53,"column":8},"end":{"line":53,"column":21}},{"start":{"line":53,"column":21},"end":{"line":53,"column":35}}],"line":53},"3":{"loc":{"start":{"line":58,"column":4},"end":{"line":62,"column":null}},"type":"if","locations":[{"start":{"line":58,"column":4},"end":{"line":62,"column":null}},{"start":{},"end":{}}],"line":58},"4":{"loc":{"start":{"line":78,"column":6},"end":{"line":83,"column":null}},"type":"if","locations":[{"start":{"line":78,"column":6},"end":{"line":83,"column":null}},{"start":{"line":80,"column":13},"end":{"line":83,"column":null}}],"line":78},"5":{"loc":{"start":{"line":82,"column":23},"end":{"line":82,"column":66}},"type":"binary-expr","locations":[{"start":{"line":82,"column":23},"end":{"line":82,"column":39}},{"start":{"line":82,"column":39},"end":{"line":82,"column":66}}],"line":82},"6":{"loc":{"start":{"line":90,"column":2},"end":{"line":90,"column":null}},"type":"if","locations":[{"start":{"line":90,"column":2},"end":{"line":90,"column":null}},{"start":{},"end":{}}],"line":90},"7":{"loc":{"start":{"line":93,"column":4},"end":{"line":112,"column":null}},"type":"if","locations":[{"start":{"line":93,"column":4},"end":{"line":112,"column":null}},{"start":{},"end":{}}],"line":93},"8":{"loc":{"start":{"line":93,"column":8},"end":{"line":93,"column":44}},"type":"binary-expr","locations":[{"start":{"line":93,"column":8},"end":{"line":93,"column":19}},{"start":{"line":93,"column":19},"end":{"line":93,"column":31}},{"start":{"line":93,"column":31},"end":{"line":93,"column":44}}],"line":93},"9":{"loc":{"start":{"line":144,"column":104},"end":{"line":144,"column":null}},"type":"cond-expr","locations":[{"start":{"line":144,"column":131},"end":{"line":144,"column":161}},{"start":{"line":144,"column":161},"end":{"line":144,"column":null}}],"line":144},"10":{"loc":{"start":{"line":151,"column":128},"end":{"line":151,"column":null}},"type":"cond-expr","locations":[{"start":{"line":151,"column":156},"end":{"line":151,"column":186}},{"start":{"line":151,"column":186},"end":{"line":151,"column":null}}],"line":151},"11":{"loc":{"start":{"line":159,"column":104},"end":{"line":159,"column":null}},"type":"cond-expr","locations":[{"start":{"line":159,"column":130},"end":{"line":159,"column":160}},{"start":{"line":159,"column":160},"end":{"line":159,"column":null}}],"line":159},"12":{"loc":{"start":{"line":168,"column":13},"end":{"line":334,"column":null}},"type":"binary-expr","locations":[{"start":{"line":168,"column":13},"end":{"line":168,"column":null}},{"start":{"line":169,"column":14},"end":{"line":334,"column":null}}],"line":168},"13":{"loc":{"start":{"line":172,"column":19},"end":{"line":179,"column":null}},"type":"binary-expr","locations":[{"start":{"line":172,"column":19},"end":{"line":172,"column":null}},{"start":{"line":173,"column":20},"end":{"line":179,"column":null}}],"line":172},"14":{"loc":{"start":{"line":183,"column":17},"end":{"line":303,"column":null}},"type":"binary-expr","locations":[{"start":{"line":183,"column":17},"end":{"line":183,"column":null}},{"start":{"line":184,"column":18},"end":{"line":303,"column":null}}],"line":183},"15":{"loc":{"start":{"line":197,"column":32},"end":{"line":197,"column":null}},"type":"if","locations":[{"start":{"line":197,"column":32},"end":{"line":197,"column":null}},{"start":{},"end":{}}],"line":197},"16":{"loc":{"start":{"line":198,"column":32},"end":{"line":198,"column":null}},"type":"if","locations":[{"start":{"line":198,"column":32},"end":{"line":198,"column":null}},{"start":{},"end":{}}],"line":198},"17":{"loc":{"start":{"line":199,"column":32},"end":{"line":199,"column":null}},"type":"if","locations":[{"start":{"line":199,"column":32},"end":{"line":199,"column":null}},{"start":{},"end":{}}],"line":199},"18":{"loc":{"start":{"line":200,"column":32},"end":{"line":200,"column":null}},"type":"if","locations":[{"start":{"line":200,"column":32},"end":{"line":200,"column":null}},{"start":{},"end":{}}],"line":200},"19":{"loc":{"start":{"line":202,"column":80},"end":{"line":204,"column":null}},"type":"cond-expr","locations":[{"start":{"line":203,"column":34},"end":{"line":203,"column":null}},{"start":{"line":204,"column":34},"end":{"line":204,"column":null}}],"line":202},"20":{"loc":{"start":{"line":207,"column":31},"end":{"line":207,"column":null}},"type":"cond-expr","locations":[{"start":{"line":207,"column":45},"end":{"line":207,"column":53}},{"start":{"line":207,"column":53},"end":{"line":207,"column":null}}],"line":207},"21":{"loc":{"start":{"line":207,"column":53},"end":{"line":207,"column":null}},"type":"cond-expr","locations":[{"start":{"line":207,"column":69},"end":{"line":207,"column":80}},{"start":{"line":207,"column":80},"end":{"line":207,"column":null}}],"line":207},"22":{"loc":{"start":{"line":207,"column":80},"end":{"line":207,"column":null}},"type":"cond-expr","locations":[{"start":{"line":207,"column":96},"end":{"line":207,"column":106}},{"start":{"line":207,"column":106},"end":{"line":207,"column":null}}],"line":207},"23":{"loc":{"start":{"line":247,"column":23},"end":{"line":269,"column":null}},"type":"binary-expr","locations":[{"start":{"line":247,"column":23},"end":{"line":247,"column":null}},{"start":{"line":248,"column":24},"end":{"line":269,"column":null}}],"line":247},"24":{"loc":{"start":{"line":275,"column":27},"end":{"line":275,"column":null}},"type":"binary-expr","locations":[{"start":{"line":275,"column":27},"end":{"line":275,"column":55}},{"start":{"line":275,"column":55},"end":{"line":275,"column":null}}],"line":275},"25":{"loc":{"start":{"line":276,"column":27},"end":{"line":276,"column":null}},"type":"binary-expr","locations":[{"start":{"line":276,"column":27},"end":{"line":276,"column":55}},{"start":{"line":276,"column":55},"end":{"line":276,"column":null}}],"line":276},"26":{"loc":{"start":{"line":277,"column":27},"end":{"line":277,"column":null}},"type":"binary-expr","locations":[{"start":{"line":277,"column":27},"end":{"line":277,"column":53}},{"start":{"line":277,"column":53},"end":{"line":277,"column":null}}],"line":277},"27":{"loc":{"start":{"line":282,"column":38},"end":{"line":282,"column":null}},"type":"binary-expr","locations":[{"start":{"line":282,"column":38},"end":{"line":282,"column":51}},{"start":{"line":282,"column":51},"end":{"line":282,"column":67}},{"start":{"line":282,"column":67},"end":{"line":282,"column":null}}],"line":282},"28":{"loc":{"start":{"line":295,"column":38},"end":{"line":295,"column":null}},"type":"binary-expr","locations":[{"start":{"line":295,"column":38},"end":{"line":295,"column":51}},{"start":{"line":295,"column":51},"end":{"line":295,"column":null}}],"line":295},"29":{"loc":{"start":{"line":318,"column":60},"end":{"line":318,"column":null}},"type":"binary-expr","locations":[{"start":{"line":318,"column":60},"end":{"line":318,"column":76}},{"start":{"line":318,"column":76},"end":{"line":318,"column":null}}],"line":318},"30":{"loc":{"start":{"line":322,"column":23},"end":{"line":329,"column":null}},"type":"binary-expr","locations":[{"start":{"line":322,"column":23},"end":{"line":322,"column":null}},{"start":{"line":323,"column":24},"end":{"line":329,"column":null}}],"line":322},"31":{"loc":{"start":{"line":337,"column":13},"end":{"line":413,"column":null}},"type":"binary-expr","locations":[{"start":{"line":337,"column":13},"end":{"line":337,"column":null}},{"start":{"line":338,"column":14},"end":{"line":413,"column":null}}],"line":337},"32":{"loc":{"start":{"line":393,"column":35},"end":{"line":393,"column":null}},"type":"cond-expr","locations":[{"start":{"line":393,"column":84},"end":{"line":393,"column":122}},{"start":{"line":393,"column":122},"end":{"line":393,"column":null}}],"line":393},"33":{"loc":{"start":{"line":398,"column":23},"end":{"line":400,"column":null}},"type":"cond-expr","locations":[{"start":{"line":399,"column":26},"end":{"line":399,"column":null}},{"start":{"line":400,"column":26},"end":{"line":400,"column":null}}],"line":398},"34":{"loc":{"start":{"line":416,"column":13},"end":{"line":431,"column":null}},"type":"binary-expr","locations":[{"start":{"line":416,"column":13},"end":{"line":416,"column":null}},{"start":{"line":417,"column":14},"end":{"line":431,"column":null}}],"line":416},"35":{"loc":{"start":{"line":421,"column":20},"end":{"line":424,"column":null}},"type":"if","locations":[{"start":{"line":421,"column":20},"end":{"line":424,"column":null}},{"start":{},"end":{}}],"line":421},"36":{"loc":{"start":{"line":422,"column":22},"end":{"line":422,"column":null}},"type":"if","locations":[{"start":{"line":422,"column":22},"end":{"line":422,"column":null}},{"start":{},"end":{}}],"line":422}},"s":{"0":1,"1":242,"2":242,"3":242,"4":242,"5":242,"6":242,"7":242,"8":242,"9":242,"10":242,"11":242,"12":242,"13":67,"14":65,"15":65,"16":65,"17":242,"18":1,"19":0,"20":1,"21":1,"22":1,"23":1,"24":1,"25":1,"26":0,"27":0,"28":0,"29":0,"30":0,"31":0,"32":0,"33":0,"34":0,"35":242,"36":2,"37":240,"38":8,"39":7,"40":7,"41":7,"42":7,"43":7,"44":7,"45":7,"46":240,"47":4,"48":240,"49":4,"50":240,"51":1,"52":18,"53":4,"54":30,"55":452,"56":7,"57":7,"58":0,"59":0,"60":7,"61":2,"62":2,"63":7,"64":2,"65":2,"66":7,"67":3,"68":12,"69":15,"70":15,"71":2,"72":2,"73":2,"74":373,"75":1,"76":4,"77":132,"78":2,"79":94,"80":2,"81":0,"82":0,"83":0,"84":0},"f":{"0":242,"1":67,"2":1,"3":8,"4":4,"5":4,"6":1,"7":18,"8":4,"9":30,"10":452,"11":7,"12":12,"13":15,"14":15,"15":2,"16":2,"17":2,"18":373,"19":1,"20":4,"21":132,"22":2,"23":94,"24":2,"25":0},"b":{"0":[65,2],"1":[0,1],"2":[1,1],"3":[1,0],"4":[0,0],"5":[0,0],"6":[2,240],"7":[7,1],"8":[8,7,7],"9":[188,52],"10":[44,196],"11":[8,232],"12":[242,188],"13":[188,75],"14":[188,113],"15":[0,7],"16":[2,5],"17":[2,5],"18":[3,4],"19":[113,339],"20":[113,339],"21":[113,226],"22":[113,113],"23":[113,10],"24":[113,0],"25":[113,0],"26":[113,1],"27":[113,31,16],"28":[113,31],"29":[373,0],"30":[373,372],"31":[242,44],"32":[38,6],"33":[38,6],"34":[242,8],"35":[0,0],"36":[0,0]},"meta":{"lastBranch":37,"lastFunction":26,"lastStatement":85,"seen":{"s:16:52:438:Infinity":0,"f:16:52:16:53":0,"s:25:32:25:Infinity":1,"s:26:30:26:Infinity":2,"s:29:28:29:Infinity":3,"s:30:30:30:Infinity":4,"s:31:36:31:Infinity":5,"s:32:36:32:Infinity":6,"s:33:28:33:Infinity":7,"s:34:28:34:Infinity":8,"s:37:42:37:Infinity":9,"s:40:34:40:Infinity":10,"s:41:36:41:Infinity":11,"s:44:2:50:Infinity":12,"f:44:12:44:18":1,"b:45:4:49:Infinity:undefined:undefined:undefined:undefined":0,"s:45:4:49:Infinity":13,"s:46:6:46:Infinity":14,"s:47:6:47:Infinity":15,"s:48:6:48:Infinity":16,"s:52:31:88:Infinity":17,"f:52:31:52:43":2,"b:53:4:53:Infinity:undefined:undefined:undefined:undefined":1,"s:53:4:53:Infinity":18,"b:53:8:53:21:53:21:53:35":2,"s:53:35:53:Infinity":19,"s:55:4:55:Infinity":20,"s:56:4:56:Infinity":21,"b:58:4:62:Infinity:undefined:undefined:undefined:undefined":3,"s:58:4:62:Infinity":22,"s:59:6:59:Infinity":23,"s:60:6:60:Infinity":24,"s:61:6:61:Infinity":25,"s:64:4:87:Infinity":26,"s:65:39:75:Infinity":27,"s:77:21:77:Infinity":28,"b:78:6:83:Infinity:80:13:83:Infinity":4,"s:78:6:83:Infinity":29,"s:79:8:79:Infinity":30,"s:81:8:81:Infinity":31,"s:82:8:82:Infinity":32,"b:82:23:82:39:82:39:82:66":5,"s:85:6:85:Infinity":33,"s:86:6:86:Infinity":34,"b:90:2:90:Infinity:undefined:undefined:undefined:undefined":6,"s:90:2:90:Infinity":35,"s:90:15:90:Infinity":36,"s:92:28:113:Infinity":37,"f:92:28:92:34":3,"b:93:4:112:Infinity:undefined:undefined:undefined:undefined":7,"s:93:4:112:Infinity":38,"b:93:8:93:19:93:19:93:31:93:31:93:44":8,"s:94:21:94:Infinity":39,"s:95:26:95:Infinity":40,"s:97:6:107:Infinity":41,"s:108:6:108:Infinity":42,"s:109:6:109:Infinity":43,"s:110:6:110:Infinity":44,"s:111:6:111:Infinity":45,"s:115:23:117:Infinity":46,"f:115:23:115:29":4,"s:116:4:116:Infinity":47,"s:119:31:126:Infinity":48,"f:119:31:119:32":5,"s:120:4:125:Infinity":49,"s:128:2:436:Infinity":50,"f:143:23:143:29":6,"s:143:29:143:Infinity":51,"b:144:131:144:161:144:161:144:Infinity":9,"f:150:23:150:29":7,"s:150:29:150:Infinity":52,"b:151:156:151:186:151:186:151:Infinity":10,"f:158:23:158:29":8,"s:158:29:158:Infinity":53,"b:159:130:159:160:159:160:159:Infinity":11,"b:168:13:168:Infinity:169:14:334:Infinity":12,"b:172:19:172:Infinity:173:20:179:Infinity":13,"f:174:31:174:37":9,"s:174:37:174:Infinity":54,"b:183:17:183:Infinity:184:18:303:Infinity":14,"f:192:66:192:Infinity":10,"s:193:28:208:Infinity":55,"f:195:39:195:45":11,"s:196:32:196:Infinity":56,"b:197:32:197:Infinity:undefined:undefined:undefined:undefined":15,"s:197:32:197:Infinity":57,"s:197:51:197:79":58,"s:197:79:197:96":59,"b:198:32:198:Infinity:undefined:undefined:undefined:undefined":16,"s:198:32:198:Infinity":60,"s:198:53:198:80":61,"s:198:80:198:97":62,"b:199:32:199:Infinity:undefined:undefined:undefined:undefined":17,"s:199:32:199:Infinity":63,"s:199:53:199:83":64,"s:199:83:199:100":65,"b:200:32:200:Infinity:undefined:undefined:undefined:undefined":18,"s:200:32:200:Infinity":66,"s:200:53:200:69":67,"b:203:34:203:Infinity:204:34:204:Infinity":19,"b:207:45:207:53:207:53:207:Infinity":20,"b:207:69:207:80:207:80:207:Infinity":21,"b:207:96:207:106:207:106:207:Infinity":22,"f:222:36:222:41":12,"s:222:41:222:Infinity":68,"f:232:36:232:41":13,"s:232:41:232:Infinity":69,"f:243:36:243:41":14,"s:243:41:243:Infinity":70,"b:247:23:247:Infinity:248:24:269:Infinity":23,"f:256:40:256:45":15,"s:256:45:256:Infinity":71,"f:266:40:266:45":16,"s:266:45:266:Infinity":72,"b:275:27:275:55:275:55:275:Infinity":24,"b:276:27:276:55:276:55:276:Infinity":25,"b:277:27:277:53:277:53:277:Infinity":26,"b:282:38:282:51:282:51:282:67:282:67:282:Infinity":27,"f:288:37:288:43":17,"s:288:43:288:Infinity":73,"b:295:38:295:51:295:51:295:Infinity":28,"f:307:32:307:Infinity":18,"s:308:20:331:Infinity":74,"b:318:60:318:76:318:76:318:Infinity":29,"b:322:23:322:Infinity:323:24:329:Infinity":30,"f:324:35:324:41":19,"s:324:41:324:Infinity":75,"b:337:13:337:Infinity:338:14:413:Infinity":31,"f:359:32:359:33":20,"s:359:39:359:Infinity":76,"f:361:54:361:Infinity":21,"s:362:24:362:Infinity":77,"f:376:32:376:33":22,"s:376:39:376:Infinity":78,"f:378:69:378:Infinity":23,"s:379:24:379:Infinity":79,"b:393:84:393:122:393:122:393:Infinity":32,"f:395:32:395:33":24,"s:395:39:395:Infinity":80,"b:399:26:399:Infinity:400:26:400:Infinity":33,"b:416:13:416:Infinity:417:14:431:Infinity":34,"f:420:27:420:39":25,"b:421:20:424:Infinity:undefined:undefined:undefined:undefined":35,"s:421:20:424:Infinity":81,"b:422:22:422:Infinity:undefined:undefined:undefined:undefined":36,"s:422:22:422:Infinity":82,"s:422:43:422:Infinity":83,"s:423:22:423:Infinity":84}}}
,"/home/adi/projects/SmartMailSorter/.auto-claude/worktrees/tasks/011-design-and-implement-90-test-coverage-strategy/components/Sidebar.tsx": {"path":"/home/adi/projects/SmartMailSorter/.auto-claude/worktrees/tasks/011-design-and-implement-90-test-coverage-strategy/components/Sidebar.tsx","statementMap":{"0":{"start":{"line":28,"column":40},"end":{"line":382,"column":null}},"1":{"start":{"line":44,"column":30},"end":{"line":44,"column":null}},"2":{"start":{"line":45,"column":44},"end":{"line":45,"column":null}},"3":{"start":{"line":46,"column":48},"end":{"line":46,"column":null}},"4":{"start":{"line":47,"column":36},"end":{"line":47,"column":null}},"5":{"start":{"line":49,"column":24},"end":{"line":49,"column":null}},"6":{"start":{"line":49,"column":43},"end":{"line":49,"column":67}},"7":{"start":{"line":51,"column":31},"end":{"line":58,"column":null}},"8":{"start":{"line":52,"column":4},"end":{"line":52,"column":null}},"9":{"start":{"line":53,"column":4},"end":{"line":57,"column":null}},"10":{"start":{"line":54,"column":6},"end":{"line":54,"column":null}},"11":{"start":{"line":55,"column":6},"end":{"line":55,"column":null}},"12":{"start":{"line":56,"column":6},"end":{"line":56,"column":null}},"13":{"start":{"line":60,"column":30},"end":{"line":60,"column":null}},"14":{"start":{"line":60,"column":36},"end":{"line":60,"column":null}},"15":{"start":{"line":64,"column":29},"end":{"line":64,"column":null}},"16":{"start":{"line":64,"column":52},"end":{"line":64,"column":118}},"17":{"start":{"line":68,"column":26},"end":{"line":68,"column":null}},"18":{"start":{"line":68,"column":49},"end":{"line":68,"column":103}},"19":{"start":{"line":71,"column":26},"end":{"line":71,"column":null}},"20":{"start":{"line":71,"column":44},"end":{"line":71,"column":169}},"21":{"start":{"line":78,"column":2},"end":{"line":78,"column":null}},"22":{"start":{"line":78,"column":33},"end":{"line":78,"column":61}},"23":{"start":{"line":79,"column":2},"end":{"line":79,"column":null}},"24":{"start":{"line":79,"column":33},"end":{"line":79,"column":61}},"25":{"start":{"line":85,"column":29},"end":{"line":111,"column":null}},"26":{"start":{"line":86,"column":23},"end":{"line":86,"column":null}},"27":{"start":{"line":87,"column":18},"end":{"line":87,"column":null}},"28":{"start":{"line":89,"column":4},"end":{"line":109,"column":null}},"29":{"start":{"line":92,"column":23},"end":{"line":92,"column":null}},"30":{"start":{"line":93,"column":30},"end":{"line":93,"column":null}},"31":{"start":{"line":113,"column":28},"end":{"line":116,"column":null}},"32":{"start":{"line":114,"column":4},"end":{"line":114,"column":null}},"33":{"start":{"line":115,"column":4},"end":{"line":115,"column":null}},"34":{"start":{"line":119,"column":2},"end":{"line":123,"column":null}},"35":{"start":{"line":120,"column":18},"end":{"line":120,"column":null}},"36":{"start":{"line":120,"column":24},"end":{"line":120,"column":null}},"37":{"start":{"line":121,"column":4},"end":{"line":121,"column":null}},"38":{"start":{"line":122,"column":4},"end":{"line":122,"column":null}},"39":{"start":{"line":122,"column":17},"end":{"line":122,"column":null}},"40":{"start":{"line":125,"column":2},"end":{"line":380,"column":null}},"41":{"start":{"line":131,"column":25},"end":{"line":131,"column":null}},"42":{"start":{"line":160,"column":16},"end":{"line":174,"column":null}},"43":{"start":{"line":163,"column":20},"end":{"line":163,"column":null}},"44":{"start":{"line":164,"column":20},"end":{"line":164,"column":null}},"45":{"start":{"line":179,"column":20},"end":{"line":179,"column":null}},"46":{"start":{"line":180,"column":20},"end":{"line":180,"column":null}},"47":{"start":{"line":202,"column":31},"end":{"line":202,"column":null}},"48":{"start":{"line":203,"column":28},"end":{"line":203,"column":null}},"49":{"start":{"line":205,"column":14},"end":{"line":232,"column":null}},"50":{"start":{"line":208,"column":35},"end":{"line":208,"column":null}},"51":{"start":{"line":229,"column":48},"end":{"line":229,"column":125}},"52":{"start":{"line":256,"column":18},"end":{"line":256,"column":null}},"53":{"start":{"line":274,"column":35},"end":{"line":274,"column":null}},"54":{"start":{"line":275,"column":32},"end":{"line":275,"column":null}},"55":{"start":{"line":290,"column":26},"end":{"line":290,"column":null}},"56":{"start":{"line":300,"column":34},"end":{"line":300,"column":null}},"57":{"start":{"line":301,"column":18},"end":{"line":301,"column":null}},"58":{"start":{"line":301,"column":49},"end":{"line":301,"column":null}},"59":{"start":{"line":302,"column":18},"end":{"line":302,"column":null}},"60":{"start":{"line":311,"column":18},"end":{"line":313,"column":null}},"61":{"start":{"line":312,"column":20},"end":{"line":312,"column":null}},"62":{"start":{"line":314,"column":18},"end":{"line":314,"column":null}},"63":{"start":{"line":326,"column":14},"end":{"line":326,"column":null}},"64":{"start":{"line":327,"column":14},"end":{"line":327,"column":null}}},"fnMap":{"0":{"name":"(anonymous_0)","decl":{"start":{"line":28,"column":40},"end":{"line":28,"column":41}},"loc":{"start":{"line":43,"column":6},"end":{"line":382,"column":null}},"line":43},"1":{"name":"(anonymous_1)","decl":{"start":{"line":49,"column":38},"end":{"line":49,"column":43}},"loc":{"start":{"line":49,"column":43},"end":{"line":49,"column":67}},"line":49},"2":{"name":"(anonymous_2)","decl":{"start":{"line":51,"column":31},"end":{"line":51,"column":32}},"loc":{"start":{"line":51,"column":55},"end":{"line":58,"column":null}},"line":51},"3":{"name":"(anonymous_3)","decl":{"start":{"line":60,"column":30},"end":{"line":60,"column":36}},"loc":{"start":{"line":60,"column":36},"end":{"line":60,"column":null}},"line":60},"4":{"name":"(anonymous_4)","decl":{"start":{"line":64,"column":47},"end":{"line":64,"column":52}},"loc":{"start":{"line":64,"column":52},"end":{"line":64,"column":118}},"line":64},"5":{"name":"(anonymous_5)","decl":{"start":{"line":68,"column":44},"end":{"line":68,"column":49}},"loc":{"start":{"line":68,"column":49},"end":{"line":68,"column":103}},"line":68},"6":{"name":"(anonymous_6)","decl":{"start":{"line":71,"column":44},"end":{"line":71,"column":50}},"loc":{"start":{"line":71,"column":44},"end":{"line":71,"column":169}},"line":71},"7":{"name":"(anonymous_7)","decl":{"start":{"line":78,"column":23},"end":{"line":78,"column":24}},"loc":{"start":{"line":78,"column":33},"end":{"line":78,"column":61}},"line":78},"8":{"name":"(anonymous_8)","decl":{"start":{"line":79,"column":23},"end":{"line":79,"column":24}},"loc":{"start":{"line":79,"column":33},"end":{"line":79,"column":61}},"line":79},"9":{"name":"(anonymous_9)","decl":{"start":{"line":85,"column":29},"end":{"line":85,"column":30}},"loc":{"start":{"line":85,"column":89},"end":{"line":111,"column":null}},"line":85},"10":{"name":"(anonymous_10)","decl":{"start":{"line":92,"column":17},"end":{"line":92,"column":23}},"loc":{"start":{"line":92,"column":23},"end":{"line":92,"column":null}},"line":92},"11":{"name":"(anonymous_11)","decl":{"start":{"line":93,"column":23},"end":{"line":93,"column":24}},"loc":{"start":{"line":93,"column":30},"end":{"line":93,"column":null}},"line":93},"12":{"name":"(anonymous_12)","decl":{"start":{"line":113,"column":28},"end":{"line":113,"column":29}},"loc":{"start":{"line":113,"column":71},"end":{"line":116,"column":null}},"line":113},"13":{"name":"(anonymous_13)","decl":{"start":{"line":119,"column":18},"end":{"line":119,"column":24}},"loc":{"start":{"line":119,"column":24},"end":{"line":123,"column":5}},"line":119},"14":{"name":"(anonymous_14)","decl":{"start":{"line":120,"column":18},"end":{"line":120,"column":24}},"loc":{"start":{"line":120,"column":24},"end":{"line":120,"column":null}},"line":120},"15":{"name":"(anonymous_15)","decl":{"start":{"line":122,"column":11},"end":{"line":122,"column":17}},"loc":{"start":{"line":122,"column":17},"end":{"line":122,"column":null}},"line":122},"16":{"name":"(anonymous_16)","decl":{"start":{"line":131,"column":19},"end":{"line":131,"column":25}},"loc":{"start":{"line":131,"column":25},"end":{"line":131,"column":null}},"line":131},"17":{"name":"(anonymous_17)","decl":{"start":{"line":159,"column":28},"end":{"line":159,"column":null}},"loc":{"start":{"line":160,"column":16},"end":{"line":174,"column":null}},"line":160},"18":{"name":"(anonymous_18)","decl":{"start":{"line":162,"column":27},"end":{"line":162,"column":33}},"loc":{"start":{"line":162,"column":33},"end":{"line":165,"column":null}},"line":162},"19":{"name":"(anonymous_19)","decl":{"start":{"line":178,"column":27},"end":{"line":178,"column":33}},"loc":{"start":{"line":178,"column":33},"end":{"line":181,"column":null}},"line":178},"20":{"name":"(anonymous_20)","decl":{"start":{"line":201,"column":80},"end":{"line":201,"column":87}},"loc":{"start":{"line":201,"column":87},"end":{"line":234,"column":13}},"line":201},"21":{"name":"(anonymous_21)","decl":{"start":{"line":208,"column":29},"end":{"line":208,"column":35}},"loc":{"start":{"line":208,"column":35},"end":{"line":208,"column":null}},"line":208},"22":{"name":"(anonymous_22)","decl":{"start":{"line":229,"column":43},"end":{"line":229,"column":48}},"loc":{"start":{"line":229,"column":48},"end":{"line":229,"column":125}},"line":229},"23":{"name":"(anonymous_23)","decl":{"start":{"line":255,"column":37},"end":{"line":255,"column":38}},"loc":{"start":{"line":256,"column":18},"end":{"line":256,"column":null}},"line":256},"24":{"name":"(anonymous_24)","decl":{"start":{"line":274,"column":28},"end":{"line":274,"column":29}},"loc":{"start":{"line":274,"column":35},"end":{"line":274,"column":null}},"line":274},"25":{"name":"(anonymous_25)","decl":{"start":{"line":275,"column":26},"end":{"line":275,"column":32}},"loc":{"start":{"line":275,"column":32},"end":{"line":275,"column":null}},"line":275},"26":{"name":"(anonymous_26)","decl":{"start":{"line":290,"column":19},"end":{"line":290,"column":20}},"loc":{"start":{"line":290,"column":26},"end":{"line":290,"column":null}},"line":290},"27":{"name":"(anonymous_27)","decl":{"start":{"line":299,"column":25},"end":{"line":299,"column":31}},"loc":{"start":{"line":299,"column":31},"end":{"line":303,"column":null}},"line":299},"28":{"name":"(anonymous_28)","decl":{"start":{"line":310,"column":25},"end":{"line":310,"column":31}},"loc":{"start":{"line":310,"column":31},"end":{"line":315,"column":null}},"line":310},"29":{"name":"(anonymous_29)","decl":{"start":{"line":325,"column":21},"end":{"line":325,"column":27}},"loc":{"start":{"line":325,"column":27},"end":{"line":328,"column":null}},"line":325}},"branchMap":{"0":{"loc":{"start":{"line":49,"column":24},"end":{"line":49,"column":null}},"type":"binary-expr","locations":[{"start":{"line":49,"column":24},"end":{"line":49,"column":72}},{"start":{"line":49,"column":72},"end":{"line":49,"column":null}}],"line":49},"1":{"loc":{"start":{"line":53,"column":4},"end":{"line":57,"column":null}},"type":"if","locations":[{"start":{"line":53,"column":4},"end":{"line":57,"column":null}},{"start":{},"end":{}}],"line":53},"2":{"loc":{"start":{"line":68,"column":49},"end":{"line":68,"column":103}},"type":"binary-expr","locations":[{"start":{"line":68,"column":49},"end":{"line":68,"column":72}},{"start":{"line":68,"column":72},"end":{"line":68,"column":103}}],"line":68},"3":{"loc":{"start":{"line":71,"column":44},"end":{"line":71,"column":169}},"type":"binary-expr","locations":[{"start":{"line":71,"column":50},"end":{"line":71,"column":73}},{"start":{"line":71,"column":73},"end":{"line":71,"column":97}},{"start":{"line":71,"column":97},"end":{"line":71,"column":132}},{"start":{"line":71,"column":132},"end":{"line":71,"column":169}}],"line":71},"4":{"loc":{"start":{"line":85,"column":75},"end":{"line":85,"column":89}},"type":"default-arg","locations":[{"start":{"line":85,"column":83},"end":{"line":85,"column":89}}],"line":85},"5":{"loc":{"start":{"line":87,"column":18},"end":{"line":87,"column":null}},"type":"binary-expr","locations":[{"start":{"line":87,"column":18},"end":{"line":87,"column":33}},{"start":{"line":87,"column":33},"end":{"line":87,"column":null}}],"line":87},"6":{"loc":{"start":{"line":96,"column":14},"end":{"line":96,"column":120}},"type":"cond-expr","locations":[{"start":{"line":96,"column":27},"end":{"line":96,"column":64}},{"start":{"line":96,"column":64},"end":{"line":96,"column":120}}],"line":96},"7":{"loc":{"start":{"line":97,"column":14},"end":{"line":97,"column":68}},"type":"cond-expr","locations":[{"start":{"line":97,"column":26},"end":{"line":97,"column":66}},{"start":{"line":97,"column":66},"end":{"line":97,"column":68}}],"line":97},"8":{"loc":{"start":{"line":101,"column":60},"end":{"line":101,"column":135}},"type":"cond-expr","locations":[{"start":{"line":101,"column":73},"end":{"line":101,"column":91}},{"start":{"line":101,"column":91},"end":{"line":101,"column":135}}],"line":101},"9":{"loc":{"start":{"line":104,"column":9},"end":{"line":107,"column":null}},"type":"binary-expr","locations":[{"start":{"line":104,"column":9},"end":{"line":104,"column":null}},{"start":{"line":105,"column":10},"end":{"line":107,"column":null}}],"line":104},"10":{"loc":{"start":{"line":105,"column":63},"end":{"line":105,"column":132}},"type":"cond-expr","locations":[{"start":{"line":105,"column":76},"end":{"line":105,"column":103}},{"start":{"line":105,"column":103},"end":{"line":105,"column":132}}],"line":105},"11":{"loc":{"start":{"line":135,"column":13},"end":{"line":149,"column":null}},"type":"cond-expr","locations":[{"start":{"line":136,"column":14},"end":{"line":144,"column":null}},{"start":{"line":146,"column":14},"end":{"line":149,"column":null}}],"line":135},"12":{"loc":{"start":{"line":137,"column":59},"end":{"line":137,"column":88}},"type":"binary-expr","locations":[{"start":{"line":137,"column":59},"end":{"line":137,"column":82}},{"start":{"line":137,"column":82},"end":{"line":137,"column":88}}],"line":137},"13":{"loc":{"start":{"line":152,"column":11},"end":{"line":152,"column":null}},"type":"cond-expr","locations":[{"start":{"line":152,"column":31},"end":{"line":152,"column":67}},{"start":{"line":152,"column":67},"end":{"line":152,"column":null}}],"line":152},"14":{"loc":{"start":{"line":156,"column":9},"end":{"line":189,"column":null}},"type":"binary-expr","locations":[{"start":{"line":156,"column":9},"end":{"line":156,"column":null}},{"start":{"line":157,"column":10},"end":{"line":189,"column":null}}],"line":156},"15":{"loc":{"start":{"line":166,"column":120},"end":{"line":166,"column":null}},"type":"cond-expr","locations":[{"start":{"line":166,"column":149},"end":{"line":166,"column":180}},{"start":{"line":166,"column":180},"end":{"line":166,"column":null}}],"line":166},"16":{"loc":{"start":{"line":173,"column":19},"end":{"line":173,"column":null}},"type":"binary-expr","locations":[{"start":{"line":173,"column":19},"end":{"line":173,"column":49}},{"start":{"line":173,"column":49},"end":{"line":173,"column":null}}],"line":173},"17":{"loc":{"start":{"line":203,"column":28},"end":{"line":203,"column":null}},"type":"binary-expr","locations":[{"start":{"line":203,"column":28},"end":{"line":203,"column":43}},{"start":{"line":203,"column":43},"end":{"line":203,"column":null}}],"line":203},"18":{"loc":{"start":{"line":209,"column":134},"end":{"line":211,"column":null}},"type":"cond-expr","locations":[{"start":{"line":210,"column":24},"end":{"line":210,"column":null}},{"start":{"line":211,"column":24},"end":{"line":211,"column":null}}],"line":209},"19":{"loc":{"start":{"line":215,"column":73},"end":{"line":215,"column":118}},"type":"cond-expr","locations":[{"start":{"line":215,"column":84},"end":{"line":215,"column":102}},{"start":{"line":215,"column":102},"end":{"line":215,"column":118}}],"line":215},"20":{"loc":{"start":{"line":218,"column":21},"end":{"line":222,"column":null}},"type":"binary-expr","locations":[{"start":{"line":218,"column":21},"end":{"line":218,"column":null}},{"start":{"line":219,"column":22},"end":{"line":222,"column":null}}],"line":218},"21":{"loc":{"start":{"line":219,"column":75},"end":{"line":219,"column":null}},"type":"cond-expr","locations":[{"start":{"line":219,"column":86},"end":{"line":219,"column":113}},{"start":{"line":219,"column":113},"end":{"line":219,"column":null}}],"line":219},"22":{"loc":{"start":{"line":227,"column":19},"end":{"line":230,"column":null}},"type":"binary-expr","locations":[{"start":{"line":227,"column":19},"end":{"line":227,"column":57}},{"start":{"line":227,"column":57},"end":{"line":227,"column":null}},{"start":{"line":228,"column":20},"end":{"line":230,"column":null}}],"line":227},"23":{"loc":{"start":{"line":252,"column":13},"end":{"line":258,"column":null}},"type":"binary-expr","locations":[{"start":{"line":252,"column":13},"end":{"line":252,"column":null}},{"start":{"line":253,"column":14},"end":{"line":258,"column":null}}],"line":252},"24":{"loc":{"start":{"line":267,"column":11},"end":{"line":280,"column":null}},"type":"binary-expr","locations":[{"start":{"line":267,"column":11},"end":{"line":267,"column":null}},{"start":{"line":268,"column":12},"end":{"line":280,"column":null}}],"line":267},"25":{"loc":{"start":{"line":275,"column":32},"end":{"line":275,"column":null}},"type":"binary-expr","locations":[{"start":{"line":275,"column":32},"end":{"line":275,"column":52}},{"start":{"line":275,"column":52},"end":{"line":275,"column":null}}],"line":275},"26":{"loc":{"start":{"line":286,"column":7},"end":{"line":333,"column":null}},"type":"binary-expr","locations":[{"start":{"line":286,"column":7},"end":{"line":286,"column":null}},{"start":{"line":287,"column":8},"end":{"line":333,"column":null}}],"line":286},"27":{"loc":{"start":{"line":296,"column":11},"end":{"line":321,"column":null}},"type":"binary-expr","locations":[{"start":{"line":296,"column":11},"end":{"line":296,"column":null}},{"start":{"line":297,"column":12},"end":{"line":321,"column":null}}],"line":296},"28":{"loc":{"start":{"line":301,"column":18},"end":{"line":301,"column":null}},"type":"if","locations":[{"start":{"line":301,"column":18},"end":{"line":301,"column":null}},{"start":{},"end":{}}],"line":301},"29":{"loc":{"start":{"line":301,"column":22},"end":{"line":301,"column":49}},"type":"binary-expr","locations":[{"start":{"line":301,"column":22},"end":{"line":301,"column":33}},{"start":{"line":301,"column":33},"end":{"line":301,"column":49}}],"line":301},"30":{"loc":{"start":{"line":311,"column":18},"end":{"line":313,"column":null}},"type":"if","locations":[{"start":{"line":311,"column":18},"end":{"line":313,"column":null}},{"start":{},"end":{}}],"line":311},"31":{"loc":{"start":{"line":343,"column":11},"end":{"line":346,"column":null}},"type":"cond-expr","locations":[{"start":{"line":344,"column":12},"end":{"line":344,"column":null}},{"start":{"line":346,"column":12},"end":{"line":346,"column":null}}],"line":343},"32":{"loc":{"start":{"line":343,"column":11},"end":{"line":343,"column":null}},"type":"binary-expr","locations":[{"start":{"line":343,"column":11},"end":{"line":343,"column":28}},{"start":{"line":343,"column":28},"end":{"line":343,"column":null}}],"line":343},"33":{"loc":{"start":{"line":344,"column":31},"end":{"line":344,"column":65}},"type":"binary-expr","locations":[{"start":{"line":344,"column":31},"end":{"line":344,"column":60}},{"start":{"line":344,"column":60},"end":{"line":344,"column":65}}],"line":344},"34":{"loc":{"start":{"line":344,"column":162},"end":{"line":344,"column":196}},"type":"binary-expr","locations":[{"start":{"line":344,"column":162},"end":{"line":344,"column":191}},{"start":{"line":344,"column":191},"end":{"line":344,"column":196}}],"line":344},"35":{"loc":{"start":{"line":350,"column":9},"end":{"line":360,"column":null}},"type":"cond-expr","locations":[{"start":{"line":351,"column":10},"end":{"line":356,"column":null}},{"start":{"line":358,"column":10},"end":{"line":360,"column":null}}],"line":350},"36":{"loc":{"start":{"line":350,"column":9},"end":{"line":350,"column":null}},"type":"binary-expr","locations":[{"start":{"line":350,"column":9},"end":{"line":350,"column":26}},{"start":{"line":350,"column":26},"end":{"line":350,"column":null}}],"line":350},"37":{"loc":{"start":{"line":353,"column":25},"end":{"line":353,"column":176}},"type":"cond-expr","locations":[{"start":{"line":353,"column":148},"end":{"line":353,"column":163}},{"start":{"line":353,"column":163},"end":{"line":353,"column":176}}],"line":353},"38":{"loc":{"start":{"line":353,"column":78},"end":{"line":353,"column":112}},"type":"binary-expr","locations":[{"start":{"line":353,"column":78},"end":{"line":353,"column":107}},{"start":{"line":353,"column":107},"end":{"line":353,"column":112}}],"line":353},"39":{"loc":{"start":{"line":354,"column":49},"end":{"line":354,"column":83}},"type":"binary-expr","locations":[{"start":{"line":354,"column":49},"end":{"line":354,"column":78}},{"start":{"line":354,"column":78},"end":{"line":354,"column":83}}],"line":354}},"s":{"0":1,"1":95,"2":95,"3":95,"4":95,"5":95,"6":95,"7":95,"8":6,"9":6,"10":4,"11":4,"12":4,"13":95,"14":9,"15":95,"16":752,"17":95,"18":752,"19":95,"20":752,"21":95,"22":0,"23":95,"24":188,"25":95,"26":471,"27":471,"28":471,"29":3,"30":7,"31":95,"32":7,"33":7,"34":95,"35":56,"36":31,"37":56,"38":56,"39":56,"40":95,"41":9,"42":15,"43":2,"44":2,"45":2,"46":2,"47":380,"48":380,"49":380,"50":3,"51":94,"52":282,"53":5,"54":0,"55":0,"56":0,"57":0,"58":0,"59":0,"60":0,"61":0,"62":0,"63":0,"64":0},"f":{"0":95,"1":95,"2":6,"3":9,"4":752,"5":752,"6":752,"7":0,"8":188,"9":471,"10":3,"11":7,"12":7,"13":56,"14":31,"15":56,"16":9,"17":15,"18":2,"19":2,"20":380,"21":3,"22":94,"23":282,"24":5,"25":0,"26":0,"27":0,"28":0,"29":0},"b":{"0":[95,2],"1":[4,2],"2":[752,94],"3":[752,470,658,282],"4":[471],"5":[471,191],"6":[0,471],"7":[94,377],"8":[0,471],"9":[471,280],"10":[0,280],"11":[94,1],"12":[94,0],"13":[8,87],"14":[95,8],"15":[8,7],"16":[15,8],"17":[380,98],"18":[95,285],"19":[95,285],"20":[380,282],"21":[94,188],"22":[380,95,94],"23":[95,94],"24":[95,14],"25":[0,0],"26":[95,7],"27":[7,3],"28":[0,0],"29":[0,0],"30":[0,0],"31":[93,2],"32":[95,94],"33":[93,0],"34":[93,0],"35":[93,2],"36":[95,94],"37":[0,93],"38":[93,0],"39":[93,0]},"meta":{"lastBranch":40,"lastFunction":30,"lastStatement":65,"seen":{"s:28:40:382:Infinity":0,"f:28:40:28:41":0,"s:44:30:44:Infinity":1,"s:45:44:45:Infinity":2,"s:46:48:46:Infinity":3,"s:47:36:47:Infinity":4,"s:49:24:49:Infinity":5,"b:49:24:49:72:49:72:49:Infinity":0,"f:49:38:49:43":1,"s:49:43:49:67":6,"s:51:31:58:Infinity":7,"f:51:31:51:32":2,"s:52:4:52:Infinity":8,"b:53:4:57:Infinity:undefined:undefined:undefined:undefined":1,"s:53:4:57:Infinity":9,"s:54:6:54:Infinity":10,"s:55:6:55:Infinity":11,"s:56:6:56:Infinity":12,"s:60:30:60:Infinity":13,"f:60:30:60:36":3,"s:60:36:60:Infinity":14,"s:64:29:64:Infinity":15,"f:64:47:64:52":4,"s:64:52:64:118":16,"s:68:26:68:Infinity":17,"f:68:44:68:49":5,"s:68:49:68:103":18,"b:68:49:68:72:68:72:68:103":2,"s:71:26:71:Infinity":19,"f:71:44:71:50":6,"s:71:44:71:169":20,"b:71:50:71:73:71:73:71:97:71:97:71:132:71:132:71:169":3,"s:78:2:78:Infinity":21,"f:78:23:78:24":7,"s:78:33:78:61":22,"s:79:2:79:Infinity":23,"f:79:23:79:24":8,"s:79:33:79:61":24,"s:85:29:111:Infinity":25,"f:85:29:85:30":9,"b:85:83:85:89":4,"s:86:23:86:Infinity":26,"s:87:18:87:Infinity":27,"b:87:18:87:33:87:33:87:Infinity":5,"s:89:4:109:Infinity":28,"f:92:17:92:23":10,"s:92:23:92:Infinity":29,"f:93:23:93:24":11,"s:93:30:93:Infinity":30,"b:96:27:96:64:96:64:96:120":6,"b:97:26:97:66:97:66:97:68":7,"b:101:73:101:91:101:91:101:135":8,"b:104:9:104:Infinity:105:10:107:Infinity":9,"b:105:76:105:103:105:103:105:132":10,"s:113:28:116:Infinity":31,"f:113:28:113:29":12,"s:114:4:114:Infinity":32,"s:115:4:115:Infinity":33,"s:119:2:123:Infinity":34,"f:119:18:119:24":13,"s:120:18:120:Infinity":35,"f:120:18:120:24":14,"s:120:24:120:Infinity":36,"s:121:4:121:Infinity":37,"s:122:4:122:Infinity":38,"f:122:11:122:17":15,"s:122:17:122:Infinity":39,"s:125:2:380:Infinity":40,"f:131:19:131:25":16,"s:131:25:131:Infinity":41,"b:136:14:144:Infinity:146:14:149:Infinity":11,"b:137:59:137:82:137:82:137:88":12,"b:152:31:152:67:152:67:152:Infinity":13,"b:156:9:156:Infinity:157:10:189:Infinity":14,"f:159:28:159:Infinity":17,"s:160:16:174:Infinity":42,"f:162:27:162:33":18,"s:163:20:163:Infinity":43,"s:164:20:164:Infinity":44,"b:166:149:166:180:166:180:166:Infinity":15,"b:173:19:173:49:173:49:173:Infinity":16,"f:178:27:178:33":19,"s:179:20:179:Infinity":45,"s:180:20:180:Infinity":46,"f:201:80:201:87":20,"s:202:31:202:Infinity":47,"s:203:28:203:Infinity":48,"b:203:28:203:43:203:43:203:Infinity":17,"s:205:14:232:Infinity":49,"f:208:29:208:35":21,"s:208:35:208:Infinity":50,"b:210:24:210:Infinity:211:24:211:Infinity":18,"b:215:84:215:102:215:102:215:118":19,"b:218:21:218:Infinity:219:22:222:Infinity":20,"b:219:86:219:113:219:113:219:Infinity":21,"b:227:19:227:57:227:57:227:Infinity:228:20:230:Infinity":22,"f:229:43:229:48":22,"s:229:48:229:125":51,"b:252:13:252:Infinity:253:14:258:Infinity":23,"f:255:37:255:38":23,"s:256:18:256:Infinity":52,"b:267:11:267:Infinity:268:12:280:Infinity":24,"f:274:28:274:29":24,"s:274:35:274:Infinity":53,"f:275:26:275:32":25,"s:275:32:275:Infinity":54,"b:275:32:275:52:275:52:275:Infinity":25,"b:286:7:286:Infinity:287:8:333:Infinity":26,"f:290:19:290:20":26,"s:290:26:290:Infinity":55,"b:296:11:296:Infinity:297:12:321:Infinity":27,"f:299:25:299:31":27,"s:300:34:300:Infinity":56,"b:301:18:301:Infinity:undefined:undefined:undefined:undefined":28,"s:301:18:301:Infinity":57,"b:301:22:301:33:301:33:301:49":29,"s:301:49:301:Infinity":58,"s:302:18:302:Infinity":59,"f:310:25:310:31":28,"b:311:18:313:Infinity:undefined:undefined:undefined:undefined":30,"s:311:18:313:Infinity":60,"s:312:20:312:Infinity":61,"s:314:18:314:Infinity":62,"f:325:21:325:27":29,"s:326:14:326:Infinity":63,"s:327:14:327:Infinity":64,"b:344:12:344:Infinity:346:12:346:Infinity":31,"b:343:11:343:28:343:28:343:Infinity":32,"b:344:31:344:60:344:60:344:65":33,"b:344:162:344:191:344:191:344:196":34,"b:351:10:356:Infinity:358:10:360:Infinity":35,"b:350:9:350:26:350:26:350:Infinity":36,"b:353:148:353:163:353:163:353:176":37,"b:353:78:353:107:353:107:353:112":38,"b:354:49:354:78:354:78:354:83":39}}}
,"/home/adi/projects/SmartMailSorter/.auto-claude/worktrees/tasks/011-design-and-implement-90-test-coverage-strategy/components/SimulationStart.tsx": {"path":"/home/adi/projects/SmartMailSorter/.auto-claude/worktrees/tasks/011-design-and-implement-90-test-coverage-strategy/components/SimulationStart.tsx","statementMap":{"0":{"start":{"line":9,"column":41},"end":{"line":58,"column":null}},"1":{"start":{"line":13,"column":2},"end":{"line":56,"column":null}},"2":{"start":{"line":37,"column":27},"end":{"line":37,"column":null}}},"fnMap":{"0":{"name":"(anonymous_0)","decl":{"start":{"line":9,"column":41},"end":{"line":9,"column":42}},"loc":{"start":{"line":9,"column":72},"end":{"line":58,"column":null}},"line":9},"1":{"name":"(anonymous_1)","decl":{"start":{"line":37,"column":21},"end":{"line":37,"column":27}},"loc":{"start":{"line":37,"column":27},"end":{"line":37,"column":null}},"line":37}},"branchMap":{"0":{"loc":{"start":{"line":41,"column":13},"end":{"line":47,"column":null}},"type":"cond-expr","locations":[{"start":{"line":42,"column":14},"end":{"line":45,"column":null}},{"start":{"line":47,"column":14},"end":{"line":47,"column":null}}],"line":41}},"s":{"0":1,"1":35,"2":6},"f":{"0":35,"1":6},"b":{"0":[8,27]},"meta":{"lastBranch":1,"lastFunction":2,"lastStatement":3,"seen":{"s:9:41:58:Infinity":0,"f:9:41:9:42":0,"s:13:2:56:Infinity":1,"f:37:21:37:27":1,"s:37:27:37:Infinity":2,"b:42:14:45:Infinity:47:14:47:Infinity":0}}}
}
