{"/home/adi/projects/SmartMailSorter/.auto-claude/worktrees/tasks/008-bug-imap-failed-to-parse-message/electron/db.cjs": {"path":"/home/adi/projects/SmartMailSorter/.auto-claude/worktrees/tasks/008-bug-imap-failed-to-parse-message/electron/db.cjs","statementMap":{"0":{"start":{"line":1,"column":17},"end":{"line":1,"column":42}},"1":{"start":{"line":2,"column":13},"end":{"line":2,"column":28}},"2":{"start":{"line":5,"column":24},"end":{"line":5,"column":38}},"3":{"start":{"line":9,"column":2},"end":{"line":9,"column":18}},"4":{"start":{"line":9,"column":11},"end":{"line":9,"column":18}},"5":{"start":{"line":11,"column":2},"end":{"line":26,"column":5}},"6":{"start":{"line":29,"column":2},"end":{"line":29,"column":97}},"7":{"start":{"line":29,"column":8},"end":{"line":29,"column":81}},"8":{"start":{"line":30,"column":2},"end":{"line":30,"column":98}},"9":{"start":{"line":30,"column":8},"end":{"line":30,"column":82}},"10":{"start":{"line":33,"column":2},"end":{"line":54,"column":5}},"11":{"start":{"line":57,"column":2},"end":{"line":67,"column":5}},"12":{"start":{"line":70,"column":2},"end":{"line":70,"column":79}},"13":{"start":{"line":70,"column":8},"end":{"line":70,"column":63}},"14":{"start":{"line":71,"column":2},"end":{"line":71,"column":98}},"15":{"start":{"line":71,"column":8},"end":{"line":71,"column":82}},"16":{"start":{"line":72,"column":2},"end":{"line":72,"column":99}},"17":{"start":{"line":72,"column":8},"end":{"line":72,"column":83}},"18":{"start":{"line":73,"column":2},"end":{"line":73,"column":84}},"19":{"start":{"line":73,"column":8},"end":{"line":73,"column":68}},"20":{"start":{"line":75,"column":2},"end":{"line":81,"column":5}},"21":{"start":{"line":84,"column":16},"end":{"line":84,"column":74}},"22":{"start":{"line":85,"column":2},"end":{"line":96,"column":3}},"23":{"start":{"line":86,"column":21},"end":{"line":93,"column":5}},"24":{"start":{"line":94,"column":19},"end":{"line":94,"column":90}},"25":{"start":{"line":95,"column":4},"end":{"line":95,"column":45}},"26":{"start":{"line":95,"column":28},"end":{"line":95,"column":43}},"27":{"start":{"line":100,"column":2},"end":{"line":109,"column":3}},"28":{"start":{"line":101,"column":27},"end":{"line":101,"column":145}},"29":{"start":{"line":102,"column":25},"end":{"line":102,"column":129}},"30":{"start":{"line":104,"column":4},"end":{"line":106,"column":7}},"31":{"start":{"line":105,"column":6},"end":{"line":105,"column":42}},"32":{"start":{"line":108,"column":4},"end":{"line":108,"column":63}},"33":{"start":{"line":114,"column":2},"end":{"line":129,"column":3}},"34":{"start":{"line":116,"column":4},"end":{"line":127,"column":5}},"35":{"start":{"line":117,"column":6},"end":{"line":117,"column":27}},"36":{"start":{"line":118,"column":11},"end":{"line":127,"column":5}},"37":{"start":{"line":119,"column":6},"end":{"line":119,"column":75}},"38":{"start":{"line":121,"column":6},"end":{"line":126,"column":7}},"39":{"start":{"line":122,"column":24},"end":{"line":122,"column":43}},"40":{"start":{"line":123,"column":8},"end":{"line":123,"column":71}},"41":{"start":{"line":125,"column":8},"end":{"line":125,"column":35}},"42":{"start":{"line":128,"column":4},"end":{"line":128,"column":32}},"43":{"start":{"line":130,"column":2},"end":{"line":130,"column":17}},"44":{"start":{"line":135,"column":2},"end":{"line":135,"column":52}},"45":{"start":{"line":139,"column":15},"end":{"line":142,"column":4}},"46":{"start":{"line":143,"column":2},"end":{"line":143,"column":27}},"47":{"start":{"line":147,"column":15},"end":{"line":147,"column":77}},"48":{"start":{"line":148,"column":2},"end":{"line":148,"column":35}},"49":{"start":{"line":152,"column":15},"end":{"line":152,"column":95}},"50":{"start":{"line":153,"column":2},"end":{"line":153,"column":35}},"51":{"start":{"line":157,"column":2},"end":{"line":157,"column":58}},"52":{"start":{"line":163,"column":17},"end":{"line":171,"column":19}},"53":{"start":{"line":173,"column":2},"end":{"line":178,"column":6}},"54":{"start":{"line":173,"column":30},"end":{"line":178,"column":3}},"55":{"start":{"line":182,"column":2},"end":{"line":182,"column":83}},"56":{"start":{"line":186,"column":2},"end":{"line":186,"column":110}},"57":{"start":{"line":190,"column":2},"end":{"line":190,"column":70}},"58":{"start":{"line":193,"column":15},"end":{"line":193,"column":32}},"59":{"start":{"line":196,"column":15},"end":{"line":204,"column":4}},"60":{"start":{"line":206,"column":17},"end":{"line":224,"column":4}},"61":{"start":{"line":227,"column":2},"end":{"line":243,"column":3}},"62":{"start":{"line":228,"column":25},"end":{"line":231,"column":8}},"63":{"start":{"line":233,"column":4},"end":{"line":242,"column":5}},"64":{"start":{"line":234,"column":6},"end":{"line":241,"column":9}},"65":{"start":{"line":245,"column":2},"end":{"line":245,"column":16}},"66":{"start":{"line":249,"column":15},"end":{"line":253,"column":6}},"67":{"start":{"line":254,"column":2},"end":{"line":254,"column":77}},"68":{"start":{"line":258,"column":2},"end":{"line":258,"column":56}},"69":{"start":{"line":262,"column":2},"end":{"line":262,"column":43}},"70":{"start":{"line":262,"column":34},"end":{"line":262,"column":43}},"71":{"start":{"line":263,"column":21},"end":{"line":263,"column":100}},"72":{"start":{"line":266,"column":21},"end":{"line":272,"column":4}},"73":{"start":{"line":267,"column":16},"end":{"line":267,"column":17}},"74":{"start":{"line":268,"column":4},"end":{"line":270,"column":5}},"75":{"start":{"line":269,"column":6},"end":{"line":269,"column":62}},"76":{"start":{"line":271,"column":4},"end":{"line":271,"column":17}},"77":{"start":{"line":274,"column":2},"end":{"line":274,"column":26}},"78":{"start":{"line":278,"column":15},"end":{"line":278,"column":70}},"79":{"start":{"line":279,"column":2},"end":{"line":279,"column":38}},"80":{"start":{"line":283,"column":15},"end":{"line":283,"column":73}},"81":{"start":{"line":284,"column":2},"end":{"line":284,"column":41}},"82":{"start":{"line":288,"column":2},"end":{"line":288,"column":41}},"83":{"start":{"line":289,"column":2},"end":{"line":289,"column":43}},"84":{"start":{"line":290,"column":2},"end":{"line":290,"column":17}},"85":{"start":{"line":296,"column":2},"end":{"line":296,"column":92}},"86":{"start":{"line":296,"column":84},"end":{"line":296,"column":90}},"87":{"start":{"line":300,"column":2},"end":{"line":307,"column":3}},"88":{"start":{"line":301,"column":17},"end":{"line":301,"column":80}},"89":{"start":{"line":302,"column":4},"end":{"line":302,"column":29}},"90":{"start":{"line":303,"column":4},"end":{"line":303,"column":16}},"91":{"start":{"line":306,"column":4},"end":{"line":306,"column":17}},"92":{"start":{"line":311,"column":2},"end":{"line":311,"column":58}},"93":{"start":{"line":314,"column":18},"end":{"line":314,"column":69}},"94":{"start":{"line":315,"column":2},"end":{"line":315,"column":28}},"95":{"start":{"line":318,"column":15},"end":{"line":318,"column":91}},"96":{"start":{"line":319,"column":15},"end":{"line":319,"column":37}},"97":{"start":{"line":321,"column":2},"end":{"line":321,"column":73}},"98":{"start":{"line":322,"column":2},"end":{"line":322,"column":14}},"99":{"start":{"line":326,"column":2},"end":{"line":326,"column":74}},"100":{"start":{"line":329,"column":22},"end":{"line":340,"column":4}},"101":{"start":{"line":331,"column":4},"end":{"line":333,"column":19}},"102":{"start":{"line":332,"column":6},"end":{"line":332,"column":93}},"103":{"start":{"line":336,"column":4},"end":{"line":336,"column":100}},"104":{"start":{"line":339,"column":4},"end":{"line":339,"column":69}},"105":{"start":{"line":342,"column":2},"end":{"line":342,"column":16}},"106":{"start":{"line":343,"column":2},"end":{"line":343,"column":27}},"107":{"start":{"line":346,"column":0},"end":{"line":396,"column":2}},"108":{"start":{"line":365,"column":23},"end":{"line":365,"column":90}},"109":{"start":{"line":367,"column":4},"end":{"line":377,"column":5}},"110":{"start":{"line":368,"column":19},"end":{"line":368,"column":82}},"111":{"start":{"line":369,"column":6},"end":{"line":369,"column":34}},"112":{"start":{"line":371,"column":6},"end":{"line":375,"column":7}},"113":{"start":{"line":374,"column":8},"end":{"line":374,"column":30}},"114":{"start":{"line":376,"column":6},"end":{"line":376,"column":16}},"115":{"start":{"line":380,"column":17},"end":{"line":380,"column":76}},"116":{"start":{"line":381,"column":4},"end":{"line":381,"column":35}},"117":{"start":{"line":386,"column":17},"end":{"line":386,"column":103}},"118":{"start":{"line":387,"column":16},"end":{"line":387,"column":43}},"119":{"start":{"line":388,"column":4},"end":{"line":388,"column":37}},"120":{"start":{"line":391,"column":17},"end":{"line":391,"column":88}},"121":{"start":{"line":392,"column":4},"end":{"line":392,"column":55}},"122":{"start":{"line":392,"column":48},"end":{"line":392,"column":53}},"123":{"start":{"line":399,"column":23},"end":{"line":399,"column":82}},"124":{"start":{"line":401,"column":25},"end":{"line":401,"column":84}},"125":{"start":{"line":403,"column":22},"end":{"line":419,"column":4}},"126":{"start":{"line":405,"column":17},"end":{"line":405,"column":51}},"127":{"start":{"line":406,"column":4},"end":{"line":408,"column":5}},"128":{"start":{"line":407,"column":6},"end":{"line":407,"column":88}},"129":{"start":{"line":411,"column":4},"end":{"line":418,"column":5}},"130":{"start":{"line":412,"column":6},"end":{"line":412,"column":43}},"131":{"start":{"line":415,"column":6},"end":{"line":417,"column":7}},"132":{"start":{"line":416,"column":8},"end":{"line":416,"column":73}},"133":{"start":{"line":420,"column":2},"end":{"line":420,"column":23}}},"fnMap":{"0":{"name":"createSchema","decl":{"start":{"line":8,"column":9},"end":{"line":8,"column":21}},"loc":{"start":{"line":8,"column":24},"end":{"line":110,"column":1}},"line":8},"1":{"name":"(anonymous_1)","decl":{"start":{"line":95,"column":21},"end":{"line":95,"column":24}},"loc":{"start":{"line":95,"column":28},"end":{"line":95,"column":43}},"line":95},"2":{"name":"(anonymous_2)","decl":{"start":{"line":104,"column":27},"end":{"line":104,"column":30}},"loc":{"start":{"line":104,"column":34},"end":{"line":106,"column":5}},"line":104},"3":{"name":"init","decl":{"start":{"line":112,"column":9},"end":{"line":112,"column":13}},"loc":{"start":{"line":112,"column":25},"end":{"line":131,"column":1}},"line":112},"4":{"name":"getAccounts","decl":{"start":{"line":134,"column":9},"end":{"line":134,"column":20}},"loc":{"start":{"line":134,"column":23},"end":{"line":136,"column":1}},"line":134},"5":{"name":"addAccount","decl":{"start":{"line":138,"column":9},"end":{"line":138,"column":19}},"loc":{"start":{"line":138,"column":29},"end":{"line":144,"column":1}},"line":138},"6":{"name":"updateAccountSync","decl":{"start":{"line":146,"column":9},"end":{"line":146,"column":26}},"loc":{"start":{"line":146,"column":44},"end":{"line":149,"column":1}},"line":146},"7":{"name":"updateAccountQuota","decl":{"start":{"line":151,"column":9},"end":{"line":151,"column":27}},"loc":{"start":{"line":151,"column":45},"end":{"line":154,"column":1}},"line":151},"8":{"name":"deleteAccountDn","decl":{"start":{"line":156,"column":9},"end":{"line":156,"column":24}},"loc":{"start":{"line":156,"column":29},"end":{"line":158,"column":1}},"line":156},"9":{"name":"getEmails","decl":{"start":{"line":161,"column":9},"end":{"line":161,"column":18}},"loc":{"start":{"line":161,"column":30},"end":{"line":179,"column":1}},"line":161},"10":{"name":"(anonymous_10)","decl":{"start":{"line":173,"column":20},"end":{"line":173,"column":25}},"loc":{"start":{"line":173,"column":30},"end":{"line":178,"column":3}},"line":173},"11":{"name":"getEmailContent","decl":{"start":{"line":181,"column":9},"end":{"line":181,"column":24}},"loc":{"start":{"line":181,"column":34},"end":{"line":183,"column":1}},"line":181},"12":{"name":"getEmailAttachments","decl":{"start":{"line":185,"column":9},"end":{"line":185,"column":28}},"loc":{"start":{"line":185,"column":38},"end":{"line":187,"column":1}},"line":185},"13":{"name":"getAttachment","decl":{"start":{"line":189,"column":9},"end":{"line":189,"column":22}},"loc":{"start":{"line":189,"column":27},"end":{"line":191,"column":1}},"line":189},"14":{"name":"saveEmail","decl":{"start":{"line":195,"column":9},"end":{"line":195,"column":18}},"loc":{"start":{"line":195,"column":26},"end":{"line":246,"column":1}},"line":195},"15":{"name":"updateEmailSmartCategory","decl":{"start":{"line":248,"column":9},"end":{"line":248,"column":33}},"loc":{"start":{"line":248,"column":89},"end":{"line":255,"column":1}},"line":248},"16":{"name":"deleteEmail","decl":{"start":{"line":257,"column":9},"end":{"line":257,"column":20}},"loc":{"start":{"line":257,"column":25},"end":{"line":259,"column":1}},"line":257},"17":{"name":"deleteEmailsByUid","decl":{"start":{"line":261,"column":9},"end":{"line":261,"column":26}},"loc":{"start":{"line":261,"column":52},"end":{"line":275,"column":1}},"line":261},"18":{"name":"(anonymous_18)","decl":{"start":{"line":266,"column":36},"end":{"line":266,"column":37}},"loc":{"start":{"line":266,"column":45},"end":{"line":272,"column":3}},"line":266},"19":{"name":"updateEmailReadStatus","decl":{"start":{"line":277,"column":9},"end":{"line":277,"column":30}},"loc":{"start":{"line":277,"column":43},"end":{"line":280,"column":1}},"line":277},"20":{"name":"updateEmailFlagStatus","decl":{"start":{"line":282,"column":9},"end":{"line":282,"column":30}},"loc":{"start":{"line":282,"column":46},"end":{"line":285,"column":1}},"line":282},"21":{"name":"resetDb","decl":{"start":{"line":287,"column":9},"end":{"line":287,"column":16}},"loc":{"start":{"line":287,"column":19},"end":{"line":291,"column":1}},"line":287},"22":{"name":"getCategories","decl":{"start":{"line":295,"column":9},"end":{"line":295,"column":22}},"loc":{"start":{"line":295,"column":25},"end":{"line":297,"column":1}},"line":295},"23":{"name":"(anonymous_23)","decl":{"start":{"line":296,"column":79},"end":{"line":296,"column":80}},"loc":{"start":{"line":296,"column":84},"end":{"line":296,"column":90}},"line":296},"24":{"name":"addCategory","decl":{"start":{"line":299,"column":9},"end":{"line":299,"column":20}},"loc":{"start":{"line":299,"column":27},"end":{"line":308,"column":1}},"line":299},"25":{"name":"deleteSmartCategory","decl":{"start":{"line":310,"column":9},"end":{"line":310,"column":28}},"loc":{"start":{"line":310,"column":43},"end":{"line":323,"column":1}},"line":310},"26":{"name":"renameSmartCategory","decl":{"start":{"line":325,"column":9},"end":{"line":325,"column":28}},"loc":{"start":{"line":325,"column":47},"end":{"line":344,"column":1}},"line":325},"27":{"name":"(anonymous_27)","decl":{"start":{"line":329,"column":37},"end":{"line":329,"column":38}},"loc":{"start":{"line":329,"column":43},"end":{"line":340,"column":3}},"line":329},"28":{"name":"(anonymous_28)","decl":{"start":{"line":365,"column":17},"end":{"line":365,"column":18}},"loc":{"start":{"line":365,"column":23},"end":{"line":365,"column":90}},"line":365},"29":{"name":"(anonymous_29)","decl":{"start":{"line":366,"column":15},"end":{"line":366,"column":16}},"loc":{"start":{"line":366,"column":42},"end":{"line":378,"column":3}},"line":366},"30":{"name":"(anonymous_30)","decl":{"start":{"line":379,"column":22},"end":{"line":379,"column":23}},"loc":{"start":{"line":379,"column":41},"end":{"line":382,"column":3}},"line":379},"31":{"name":"(anonymous_31)","decl":{"start":{"line":385,"column":22},"end":{"line":385,"column":23}},"loc":{"start":{"line":385,"column":45},"end":{"line":389,"column":3}},"line":385},"32":{"name":"(anonymous_32)","decl":{"start":{"line":390,"column":23},"end":{"line":390,"column":24}},"loc":{"start":{"line":390,"column":46},"end":{"line":393,"column":3}},"line":390},"33":{"name":"(anonymous_33)","decl":{"start":{"line":392,"column":43},"end":{"line":392,"column":44}},"loc":{"start":{"line":392,"column":48},"end":{"line":392,"column":53}},"line":392},"34":{"name":"migrateFolder","decl":{"start":{"line":398,"column":9},"end":{"line":398,"column":22}},"loc":{"start":{"line":398,"column":41},"end":{"line":421,"column":1}},"line":398},"35":{"name":"(anonymous_35)","decl":{"start":{"line":403,"column":37},"end":{"line":403,"column":38}},"loc":{"start":{"line":403,"column":43},"end":{"line":419,"column":3}},"line":403}},"branchMap":{"0":{"loc":{"start":{"line":9,"column":2},"end":{"line":9,"column":18}},"type":"if","locations":[{"start":{"line":9,"column":2},"end":{"line":9,"column":18}},{"start":{},"end":{}}],"line":9},"1":{"loc":{"start":{"line":85,"column":2},"end":{"line":96,"column":3}},"type":"if","locations":[{"start":{"line":85,"column":2},"end":{"line":96,"column":3}},{"start":{},"end":{}}],"line":85},"2":{"loc":{"start":{"line":114,"column":2},"end":{"line":129,"column":3}},"type":"if","locations":[{"start":{"line":114,"column":2},"end":{"line":129,"column":3}},{"start":{},"end":{}}],"line":114},"3":{"loc":{"start":{"line":116,"column":4},"end":{"line":127,"column":5}},"type":"if","locations":[{"start":{"line":116,"column":4},"end":{"line":127,"column":5}},{"start":{"line":118,"column":11},"end":{"line":127,"column":5}}],"line":116},"4":{"loc":{"start":{"line":118,"column":11},"end":{"line":127,"column":5}},"type":"if","locations":[{"start":{"line":118,"column":11},"end":{"line":127,"column":5}},{"start":{"line":120,"column":11},"end":{"line":127,"column":5}}],"line":118},"5":{"loc":{"start":{"line":118,"column":15},"end":{"line":118,"column":45}},"type":"binary-expr","locations":[{"start":{"line":118,"column":15},"end":{"line":118,"column":24}},{"start":{"line":118,"column":28},"end":{"line":118,"column":45}}],"line":118},"6":{"loc":{"start":{"line":209,"column":12},"end":{"line":209,"column":37}},"type":"binary-expr","locations":[{"start":{"line":209,"column":12},"end":{"line":209,"column":24}},{"start":{"line":209,"column":28},"end":{"line":209,"column":37}}],"line":209},"7":{"loc":{"start":{"line":210,"column":17},"end":{"line":210,"column":40}},"type":"binary-expr","locations":[{"start":{"line":210,"column":17},"end":{"line":210,"column":34}},{"start":{"line":210,"column":38},"end":{"line":210,"column":40}}],"line":210},"8":{"loc":{"start":{"line":211,"column":13},"end":{"line":211,"column":44}},"type":"binary-expr","locations":[{"start":{"line":211,"column":13},"end":{"line":211,"column":26}},{"start":{"line":211,"column":30},"end":{"line":211,"column":44}}],"line":211},"9":{"loc":{"start":{"line":212,"column":10},"end":{"line":212,"column":26}},"type":"binary-expr","locations":[{"start":{"line":212,"column":10},"end":{"line":212,"column":20}},{"start":{"line":212,"column":24},"end":{"line":212,"column":26}}],"line":212},"10":{"loc":{"start":{"line":213,"column":14},"end":{"line":213,"column":36}},"type":"binary-expr","locations":[{"start":{"line":213,"column":14},"end":{"line":213,"column":28}},{"start":{"line":213,"column":32},"end":{"line":213,"column":36}}],"line":213},"11":{"loc":{"start":{"line":214,"column":10},"end":{"line":214,"column":48}},"type":"binary-expr","locations":[{"start":{"line":214,"column":10},"end":{"line":214,"column":20}},{"start":{"line":214,"column":24},"end":{"line":214,"column":48}}],"line":214},"12":{"loc":{"start":{"line":215,"column":12},"end":{"line":215,"column":41}},"type":"binary-expr","locations":[{"start":{"line":215,"column":12},"end":{"line":215,"column":24}},{"start":{"line":215,"column":28},"end":{"line":215,"column":41}}],"line":215},"13":{"loc":{"start":{"line":216,"column":19},"end":{"line":216,"column":46}},"type":"binary-expr","locations":[{"start":{"line":216,"column":19},"end":{"line":216,"column":38}},{"start":{"line":216,"column":42},"end":{"line":216,"column":46}}],"line":216},"14":{"loc":{"start":{"line":217,"column":12},"end":{"line":217,"column":32}},"type":"cond-expr","locations":[{"start":{"line":217,"column":27},"end":{"line":217,"column":28}},{"start":{"line":217,"column":31},"end":{"line":217,"column":32}}],"line":217},"15":{"loc":{"start":{"line":218,"column":15},"end":{"line":218,"column":38}},"type":"cond-expr","locations":[{"start":{"line":218,"column":33},"end":{"line":218,"column":34}},{"start":{"line":218,"column":37},"end":{"line":218,"column":38}}],"line":218},"16":{"loc":{"start":{"line":219,"column":20},"end":{"line":219,"column":48}},"type":"cond-expr","locations":[{"start":{"line":219,"column":43},"end":{"line":219,"column":44}},{"start":{"line":219,"column":47},"end":{"line":219,"column":48}}],"line":219},"17":{"loc":{"start":{"line":220,"column":15},"end":{"line":220,"column":38}},"type":"binary-expr","locations":[{"start":{"line":220,"column":15},"end":{"line":220,"column":30}},{"start":{"line":220,"column":34},"end":{"line":220,"column":38}}],"line":220},"18":{"loc":{"start":{"line":221,"column":17},"end":{"line":221,"column":42}},"type":"binary-expr","locations":[{"start":{"line":221,"column":17},"end":{"line":221,"column":34}},{"start":{"line":221,"column":38},"end":{"line":221,"column":42}}],"line":221},"19":{"loc":{"start":{"line":222,"column":16},"end":{"line":222,"column":37}},"type":"binary-expr","locations":[{"start":{"line":222,"column":16},"end":{"line":222,"column":32}},{"start":{"line":222,"column":36},"end":{"line":222,"column":37}}],"line":222},"20":{"loc":{"start":{"line":223,"column":9},"end":{"line":223,"column":23}},"type":"binary-expr","locations":[{"start":{"line":223,"column":9},"end":{"line":223,"column":18}},{"start":{"line":223,"column":22},"end":{"line":223,"column":23}}],"line":223},"21":{"loc":{"start":{"line":227,"column":2},"end":{"line":243,"column":3}},"type":"if","locations":[{"start":{"line":227,"column":2},"end":{"line":243,"column":3}},{"start":{},"end":{}}],"line":227},"22":{"loc":{"start":{"line":227,"column":6},"end":{"line":227,"column":55}},"type":"binary-expr","locations":[{"start":{"line":227,"column":6},"end":{"line":227,"column":23}},{"start":{"line":227,"column":27},"end":{"line":227,"column":55}}],"line":227},"23":{"loc":{"start":{"line":235,"column":12},"end":{"line":235,"column":41}},"type":"binary-expr","locations":[{"start":{"line":235,"column":12},"end":{"line":235,"column":18}},{"start":{"line":235,"column":22},"end":{"line":235,"column":41}}],"line":235},"24":{"loc":{"start":{"line":237,"column":18},"end":{"line":237,"column":43}},"type":"binary-expr","locations":[{"start":{"line":237,"column":18},"end":{"line":237,"column":30}},{"start":{"line":237,"column":34},"end":{"line":237,"column":43}}],"line":237},"25":{"loc":{"start":{"line":238,"column":21},"end":{"line":238,"column":66}},"type":"binary-expr","locations":[{"start":{"line":238,"column":21},"end":{"line":238,"column":36}},{"start":{"line":238,"column":40},"end":{"line":238,"column":66}}],"line":238},"26":{"loc":{"start":{"line":239,"column":14},"end":{"line":239,"column":27}},"type":"binary-expr","locations":[{"start":{"line":239,"column":14},"end":{"line":239,"column":22}},{"start":{"line":239,"column":26},"end":{"line":239,"column":27}}],"line":239},"27":{"loc":{"start":{"line":240,"column":14},"end":{"line":240,"column":30}},"type":"binary-expr","locations":[{"start":{"line":240,"column":14},"end":{"line":240,"column":22}},{"start":{"line":240,"column":26},"end":{"line":240,"column":30}}],"line":240},"28":{"loc":{"start":{"line":262,"column":2},"end":{"line":262,"column":43}},"type":"if","locations":[{"start":{"line":262,"column":2},"end":{"line":262,"column":43}},{"start":{},"end":{}}],"line":262},"29":{"loc":{"start":{"line":262,"column":6},"end":{"line":262,"column":32}},"type":"binary-expr","locations":[{"start":{"line":262,"column":6},"end":{"line":262,"column":11}},{"start":{"line":262,"column":15},"end":{"line":262,"column":32}}],"line":262},"30":{"loc":{"start":{"line":279,"column":18},"end":{"line":279,"column":32}},"type":"cond-expr","locations":[{"start":{"line":279,"column":27},"end":{"line":279,"column":28}},{"start":{"line":279,"column":31},"end":{"line":279,"column":32}}],"line":279},"31":{"loc":{"start":{"line":284,"column":18},"end":{"line":284,"column":35}},"type":"cond-expr","locations":[{"start":{"line":284,"column":30},"end":{"line":284,"column":31}},{"start":{"line":284,"column":34},"end":{"line":284,"column":35}}],"line":284},"32":{"loc":{"start":{"line":366,"column":22},"end":{"line":366,"column":37}},"type":"default-arg","locations":[{"start":{"line":366,"column":29},"end":{"line":366,"column":37}}],"line":366},"33":{"loc":{"start":{"line":371,"column":6},"end":{"line":375,"column":7}},"type":"if","locations":[{"start":{"line":371,"column":6},"end":{"line":375,"column":7}},{"start":{},"end":{}}],"line":371},"34":{"loc":{"start":{"line":388,"column":11},"end":{"line":388,"column":36}},"type":"cond-expr","locations":[{"start":{"line":388,"column":17},"end":{"line":388,"column":32}},{"start":{"line":388,"column":35},"end":{"line":388,"column":36}}],"line":388},"35":{"loc":{"start":{"line":388,"column":17},"end":{"line":388,"column":32}},"type":"binary-expr","locations":[{"start":{"line":388,"column":17},"end":{"line":388,"column":27}},{"start":{"line":388,"column":31},"end":{"line":388,"column":32}}],"line":388},"36":{"loc":{"start":{"line":406,"column":4},"end":{"line":408,"column":5}},"type":"if","locations":[{"start":{"line":406,"column":4},"end":{"line":408,"column":5}},{"start":{},"end":{}}],"line":406},"37":{"loc":{"start":{"line":415,"column":6},"end":{"line":417,"column":7}},"type":"if","locations":[{"start":{"line":415,"column":6},"end":{"line":417,"column":7}},{"start":{},"end":{}}],"line":415}},"s":{"0":2,"1":2,"2":2,"3":3,"4":0,"5":3,"6":3,"7":3,"8":3,"9":3,"10":3,"11":3,"12":3,"13":3,"14":3,"15":3,"16":3,"17":3,"18":3,"19":3,"20":3,"21":3,"22":3,"23":1,"24":1,"25":1,"26":6,"27":3,"28":3,"29":3,"30":3,"31":0,"32":0,"33":3,"34":1,"35":1,"36":0,"37":0,"38":0,"39":0,"40":0,"41":0,"42":1,"43":3,"44":2,"45":3,"46":3,"47":0,"48":0,"49":1,"50":1,"51":0,"52":1,"53":1,"54":1,"55":0,"56":0,"57":0,"58":2,"59":1,"60":1,"61":1,"62":0,"63":0,"64":0,"65":1,"66":0,"67":0,"68":0,"69":0,"70":0,"71":0,"72":0,"73":0,"74":0,"75":0,"76":0,"77":0,"78":0,"79":0,"80":0,"81":0,"82":0,"83":0,"84":0,"85":0,"86":0,"87":0,"88":0,"89":0,"90":0,"91":0,"92":0,"93":0,"94":0,"95":0,"96":0,"97":0,"98":0,"99":0,"100":0,"101":0,"102":0,"103":0,"104":0,"105":0,"106":0,"107":2,"108":0,"109":0,"110":0,"111":0,"112":0,"113":0,"114":0,"115":0,"116":0,"117":0,"118":0,"119":0,"120":0,"121":0,"122":0,"123":0,"124":0,"125":0,"126":0,"127":0,"128":0,"129":0,"130":0,"131":0,"132":0,"133":0},"f":{"0":3,"1":6,"2":0,"3":3,"4":2,"5":3,"6":0,"7":1,"8":0,"9":1,"10":1,"11":0,"12":0,"13":0,"14":1,"15":0,"16":0,"17":0,"18":0,"19":0,"20":0,"21":0,"22":0,"23":0,"24":0,"25":0,"26":0,"27":0,"28":0,"29":0,"30":0,"31":0,"32":0,"33":0,"34":0,"35":0},"b":{"0":[0,3],"1":[1,2],"2":[1,2],"3":[1,0],"4":[0,0],"5":[0,0],"6":[1,0],"7":[1,1],"8":[1,0],"9":[1,1],"10":[1,1],"11":[1,0],"12":[1,1],"13":[1,1],"14":[1,1],"15":[1,1],"16":[1,1],"17":[1,1],"18":[1,1],"19":[1,1],"20":[1,1],"21":[0,1],"22":[1,0],"23":[0,0],"24":[0,0],"25":[0,0],"26":[0,0],"27":[0,0],"28":[0,0],"29":[0,0],"30":[0,2],"31":[0,2],"32":[0],"33":[0,0],"34":[0,2],"35":[0,2],"36":[0,0],"37":[0,0]},"meta":{"lastBranch":38,"lastFunction":36,"lastStatement":134,"seen":{"s:1:17:1:42":0,"s:2:13:2:28":1,"s:5:24:5:38":2,"f:8:9:8:21":0,"b:9:2:9:18:undefined:undefined:undefined:undefined":0,"s:9:2:9:18":3,"s:9:11:9:18":4,"s:11:2:26:5":5,"s:29:2:29:97":6,"s:29:8:29:81":7,"s:30:2:30:98":8,"s:30:8:30:82":9,"s:33:2:54:5":10,"s:57:2:67:5":11,"s:70:2:70:79":12,"s:70:8:70:63":13,"s:71:2:71:98":14,"s:71:8:71:82":15,"s:72:2:72:99":16,"s:72:8:72:83":17,"s:73:2:73:84":18,"s:73:8:73:68":19,"s:75:2:81:5":20,"s:84:16:84:74":21,"b:85:2:96:3:undefined:undefined:undefined:undefined":1,"s:85:2:96:3":22,"s:86:21:93:5":23,"s:94:19:94:90":24,"s:95:4:95:45":25,"f:95:21:95:24":1,"s:95:28:95:43":26,"s:100:2:109:3":27,"s:101:27:101:145":28,"s:102:25:102:129":29,"s:104:4:106:7":30,"f:104:27:104:30":2,"s:105:6:105:42":31,"s:108:4:108:63":32,"f:112:9:112:13":3,"b:114:2:129:3:undefined:undefined:undefined:undefined":2,"s:114:2:129:3":33,"b:116:4:127:5:118:11:127:5":3,"s:116:4:127:5":34,"s:117:6:117:27":35,"b:118:11:127:5:120:11:127:5":4,"s:118:11:127:5":36,"b:118:15:118:24:118:28:118:45":5,"s:119:6:119:75":37,"s:121:6:126:7":38,"s:122:24:122:43":39,"s:123:8:123:71":40,"s:125:8:125:35":41,"s:128:4:128:32":42,"s:130:2:130:17":43,"f:134:9:134:20":4,"s:135:2:135:52":44,"f:138:9:138:19":5,"s:139:15:142:4":45,"s:143:2:143:27":46,"f:146:9:146:26":6,"s:147:15:147:77":47,"s:148:2:148:35":48,"f:151:9:151:27":7,"s:152:15:152:95":49,"s:153:2:153:35":50,"f:156:9:156:24":8,"s:157:2:157:58":51,"f:161:9:161:18":9,"s:163:17:171:19":52,"s:173:2:178:6":53,"f:173:20:173:25":10,"s:173:30:178:3":54,"f:181:9:181:24":11,"s:182:2:182:83":55,"f:185:9:185:28":12,"s:186:2:186:110":56,"f:189:9:189:22":13,"s:190:2:190:70":57,"s:193:15:193:32":58,"f:195:9:195:18":14,"s:196:15:204:4":59,"s:206:17:224:4":60,"b:209:12:209:24:209:28:209:37":6,"b:210:17:210:34:210:38:210:40":7,"b:211:13:211:26:211:30:211:44":8,"b:212:10:212:20:212:24:212:26":9,"b:213:14:213:28:213:32:213:36":10,"b:214:10:214:20:214:24:214:48":11,"b:215:12:215:24:215:28:215:41":12,"b:216:19:216:38:216:42:216:46":13,"b:217:27:217:28:217:31:217:32":14,"b:218:33:218:34:218:37:218:38":15,"b:219:43:219:44:219:47:219:48":16,"b:220:15:220:30:220:34:220:38":17,"b:221:17:221:34:221:38:221:42":18,"b:222:16:222:32:222:36:222:37":19,"b:223:9:223:18:223:22:223:23":20,"b:227:2:243:3:undefined:undefined:undefined:undefined":21,"s:227:2:243:3":61,"b:227:6:227:23:227:27:227:55":22,"s:228:25:231:8":62,"s:233:4:242:5":63,"s:234:6:241:9":64,"b:235:12:235:18:235:22:235:41":23,"b:237:18:237:30:237:34:237:43":24,"b:238:21:238:36:238:40:238:66":25,"b:239:14:239:22:239:26:239:27":26,"b:240:14:240:22:240:26:240:30":27,"s:245:2:245:16":65,"f:248:9:248:33":15,"s:249:15:253:6":66,"s:254:2:254:77":67,"f:257:9:257:20":16,"s:258:2:258:56":68,"f:261:9:261:26":17,"b:262:2:262:43:undefined:undefined:undefined:undefined":28,"s:262:2:262:43":69,"b:262:6:262:11:262:15:262:32":29,"s:262:34:262:43":70,"s:263:21:263:100":71,"s:266:21:272:4":72,"f:266:36:266:37":18,"s:267:16:267:17":73,"s:268:4:270:5":74,"s:269:6:269:62":75,"s:271:4:271:17":76,"s:274:2:274:26":77,"f:277:9:277:30":19,"s:278:15:278:70":78,"s:279:2:279:38":79,"b:279:27:279:28:279:31:279:32":30,"f:282:9:282:30":20,"s:283:15:283:73":80,"s:284:2:284:41":81,"b:284:30:284:31:284:34:284:35":31,"f:287:9:287:16":21,"s:288:2:288:41":82,"s:289:2:289:43":83,"s:290:2:290:17":84,"f:295:9:295:22":22,"s:296:2:296:92":85,"f:296:79:296:80":23,"s:296:84:296:90":86,"f:299:9:299:20":24,"s:300:2:307:3":87,"s:301:17:301:80":88,"s:302:4:302:29":89,"s:303:4:303:16":90,"s:306:4:306:17":91,"f:310:9:310:28":25,"s:311:2:311:58":92,"s:314:18:314:69":93,"s:315:2:315:28":94,"s:318:15:318:91":95,"s:319:15:319:37":96,"s:321:2:321:73":97,"s:322:2:322:14":98,"f:325:9:325:28":26,"s:326:2:326:74":99,"s:329:22:340:4":100,"f:329:37:329:38":27,"s:331:4:333:19":101,"s:332:6:332:93":102,"s:336:4:336:100":103,"s:339:4:339:69":104,"s:342:2:342:16":105,"s:343:2:343:27":106,"s:346:0:396:2":107,"f:365:17:365:18":28,"s:365:23:365:90":108,"f:366:15:366:16":29,"b:366:29:366:37":32,"s:367:4:377:5":109,"s:368:19:368:82":110,"s:369:6:369:34":111,"b:371:6:375:7:undefined:undefined:undefined:undefined":33,"s:371:6:375:7":112,"s:374:8:374:30":113,"s:376:6:376:16":114,"f:379:22:379:23":30,"s:380:17:380:76":115,"s:381:4:381:35":116,"f:385:22:385:23":31,"s:386:17:386:103":117,"s:387:16:387:43":118,"s:388:4:388:37":119,"b:388:17:388:32:388:35:388:36":34,"b:388:17:388:27:388:31:388:32":35,"f:390:23:390:24":32,"s:391:17:391:88":120,"s:392:4:392:55":121,"f:392:43:392:44":33,"s:392:48:392:53":122,"f:398:9:398:22":34,"s:399:23:399:82":123,"s:401:25:401:84":124,"s:403:22:419:4":125,"f:403:37:403:38":35,"s:405:17:405:51":126,"b:406:4:408:5:undefined:undefined:undefined:undefined":36,"s:406:4:408:5":127,"s:407:6:407:88":128,"s:411:4:418:5":129,"s:412:6:412:43":130,"b:415:6:417:7:undefined:undefined:undefined:undefined":37,"s:415:6:417:7":131,"s:416:8:416:73":132,"s:420:2:420:23":133}}}
,"/home/adi/projects/SmartMailSorter/.auto-claude/worktrees/tasks/008-bug-imap-failed-to-parse-message/electron/imap.cjs": {"path":"/home/adi/projects/SmartMailSorter/.auto-claude/worktrees/tasks/008-bug-imap-failed-to-parse-message/electron/imap.cjs","statementMap":{"0":{"start":{"line":1,"column":21},"end":{"line":1,"column":null}},"1":{"start":{"line":2,"column":21},"end":{"line":2,"column":null}},"2":{"start":{"line":3,"column":136},"end":{"line":3,"column":null}},"3":{"start":{"line":5,"column":11},"end":{"line":5,"column":null}},"4":{"start":{"line":7,"column":0},"end":{"line":7,"column":null}},"5":{"start":{"line":10,"column":18},"end":{"line":26,"column":null}},"6":{"start":{"line":32,"column":21},"end":{"line":32,"column":null}},"7":{"start":{"line":35,"column":4},"end":{"line":120,"column":null}},"8":{"start":{"line":36,"column":8},"end":{"line":36,"column":null}},"9":{"start":{"line":36,"column":60},"end":{"line":36,"column":null}},"10":{"start":{"line":38,"column":27},"end":{"line":38,"column":null}},"11":{"start":{"line":40,"column":17},"end":{"line":40,"column":null}},"12":{"start":{"line":41,"column":8},"end":{"line":43,"column":null}},"13":{"start":{"line":42,"column":12},"end":{"line":42,"column":null}},"14":{"start":{"line":45,"column":20},"end":{"line":45,"column":null}},"15":{"start":{"line":45,"column":47},"end":{"line":45,"column":64}},"16":{"start":{"line":47,"column":8},"end":{"line":119,"column":null}},"17":{"start":{"line":48,"column":12},"end":{"line":100,"column":null}},"18":{"start":{"line":49,"column":31},"end":{"line":49,"column":null}},"19":{"start":{"line":50,"column":22},"end":{"line":55,"column":null}},"20":{"start":{"line":50,"column":75},"end":{"line":55,"column":18}},"21":{"start":{"line":57,"column":30},"end":{"line":73,"column":null}},"22":{"start":{"line":75,"column":16},"end":{"line":77,"column":null}},"23":{"start":{"line":76,"column":20},"end":{"line":76,"column":null}},"24":{"start":{"line":79,"column":16},"end":{"line":79,"column":null}},"25":{"start":{"line":80,"column":16},"end":{"line":80,"column":null}},"26":{"start":{"line":82,"column":16},"end":{"line":82,"column":null}},"27":{"start":{"line":84,"column":16},"end":{"line":99,"column":null}},"28":{"start":{"line":102,"column":12},"end":{"line":102,"column":null}},"29":{"start":{"line":103,"column":12},"end":{"line":118,"column":null}},"30":{"start":{"line":121,"column":4},"end":{"line":121,"column":null}},"31":{"start":{"line":125,"column":4},"end":{"line":125,"column":null}},"32":{"start":{"line":127,"column":19},"end":{"line":136,"column":null}},"33":{"start":{"line":138,"column":4},"end":{"line":385,"column":null}},"34":{"start":{"line":139,"column":8},"end":{"line":139,"column":null}},"35":{"start":{"line":140,"column":8},"end":{"line":140,"column":null}},"36":{"start":{"line":143,"column":26},"end":{"line":143,"column":null}},"37":{"start":{"line":144,"column":26},"end":{"line":144,"column":null}},"38":{"start":{"line":146,"column":8},"end":{"line":175,"column":null}},"39":{"start":{"line":147,"column":12},"end":{"line":147,"column":null}},"40":{"start":{"line":149,"column":12},"end":{"line":152,"column":null}},"41":{"start":{"line":150,"column":29},"end":{"line":150,"column":null}},"42":{"start":{"line":151,"column":16},"end":{"line":151,"column":null}},"43":{"start":{"line":155,"column":26},"end":{"line":155,"column":null}},"44":{"start":{"line":156,"column":12},"end":{"line":156,"column":null}},"45":{"start":{"line":158,"column":12},"end":{"line":172,"column":null}},"46":{"start":{"line":159,"column":16},"end":{"line":159,"column":null}},"47":{"start":{"line":161,"column":31},"end":{"line":161,"column":null}},"48":{"start":{"line":162,"column":32},"end":{"line":162,"column":null}},"49":{"start":{"line":164,"column":16},"end":{"line":169,"column":null}},"50":{"start":{"line":165,"column":20},"end":{"line":165,"column":null}},"51":{"start":{"line":166,"column":20},"end":{"line":166,"column":null}},"52":{"start":{"line":168,"column":20},"end":{"line":168,"column":null}},"53":{"start":{"line":171,"column":16},"end":{"line":171,"column":null}},"54":{"start":{"line":174,"column":12},"end":{"line":174,"column":null}},"55":{"start":{"line":177,"column":35},"end":{"line":215,"column":null}},"56":{"start":{"line":178,"column":12},"end":{"line":214,"column":null}},"57":{"start":{"line":179,"column":28},"end":{"line":179,"column":null}},"58":{"start":{"line":180,"column":33},"end":{"line":180,"column":null}},"59":{"start":{"line":181,"column":34},"end":{"line":181,"column":null}},"60":{"start":{"line":184,"column":16},"end":{"line":193,"column":null}},"61":{"start":{"line":185,"column":39},"end":{"line":185,"column":null}},"62":{"start":{"line":186,"column":20},"end":{"line":192,"column":null}},"63":{"start":{"line":187,"column":24},"end":{"line":187,"column":null}},"64":{"start":{"line":188,"column":20},"end":{"line":192,"column":null}},"65":{"start":{"line":189,"column":24},"end":{"line":189,"column":null}},"66":{"start":{"line":190,"column":20},"end":{"line":192,"column":null}},"67":{"start":{"line":191,"column":24},"end":{"line":191,"column":null}},"68":{"start":{"line":195,"column":30},"end":{"line":195,"column":null}},"69":{"start":{"line":196,"column":16},"end":{"line":211,"column":null}},"70":{"start":{"line":197,"column":20},"end":{"line":210,"column":null}},"71":{"start":{"line":197,"column":66},"end":{"line":197,"column":null}},"72":{"start":{"line":197,"column":88},"end":{"line":210,"column":null}},"73":{"start":{"line":198,"column":74},"end":{"line":198,"column":null}},"74":{"start":{"line":198,"column":96},"end":{"line":210,"column":null}},"75":{"start":{"line":199,"column":67},"end":{"line":199,"column":null}},"76":{"start":{"line":199,"column":89},"end":{"line":210,"column":null}},"77":{"start":{"line":201,"column":41},"end":{"line":201,"column":null}},"78":{"start":{"line":202,"column":24},"end":{"line":208,"column":null}},"79":{"start":{"line":203,"column":42},"end":{"line":203,"column":null}},"80":{"start":{"line":204,"column":28},"end":{"line":204,"column":null}},"81":{"start":{"line":204,"column":68},"end":{"line":204,"column":null}},"82":{"start":{"line":205,"column":28},"end":{"line":205,"column":null}},"83":{"start":{"line":207,"column":28},"end":{"line":207,"column":null}},"84":{"start":{"line":209,"column":24},"end":{"line":209,"column":null}},"85":{"start":{"line":217,"column":8},"end":{"line":217,"column":null}},"86":{"start":{"line":220,"column":8},"end":{"line":226,"column":null}},"87":{"start":{"line":221,"column":26},"end":{"line":221,"column":null}},"88":{"start":{"line":222,"column":32},"end":{"line":222,"column":null}},"89":{"start":{"line":223,"column":12},"end":{"line":225,"column":null}},"90":{"start":{"line":224,"column":16},"end":{"line":224,"column":null}},"91":{"start":{"line":228,"column":8},"end":{"line":228,"column":null}},"92":{"start":{"line":229,"column":23},"end":{"line":229,"column":null}},"93":{"start":{"line":231,"column":8},"end":{"line":374,"column":null}},"94":{"start":{"line":233,"column":12},"end":{"line":373,"column":null}},"95":{"start":{"line":235,"column":16},"end":{"line":235,"column":null}},"96":{"start":{"line":237,"column":16},"end":{"line":370,"column":null}},"97":{"start":{"line":238,"column":20},"end":{"line":238,"column":null}},"98":{"start":{"line":242,"column":42},"end":{"line":242,"column":null}},"99":{"start":{"line":244,"column":20},"end":{"line":244,"column":null}},"100":{"start":{"line":246,"column":20},"end":{"line":248,"column":null}},"101":{"start":{"line":247,"column":24},"end":{"line":247,"column":null}},"102":{"start":{"line":252,"column":38},"end":{"line":252,"column":null}},"103":{"start":{"line":253,"column":40},"end":{"line":253,"column":null}},"104":{"start":{"line":254,"column":20},"end":{"line":254,"column":null}},"105":{"start":{"line":257,"column":49},"end":{"line":257,"column":null}},"106":{"start":{"line":258,"column":49},"end":{"line":258,"column":null}},"107":{"start":{"line":262,"column":42},"end":{"line":262,"column":null}},"108":{"start":{"line":265,"column":20},"end":{"line":354,"column":null}},"109":{"start":{"line":265,"column":40},"end":{"line":265,"column":43}},"110":{"start":{"line":266,"column":39},"end":{"line":266,"column":null}},"111":{"start":{"line":267,"column":38},"end":{"line":267,"column":null}},"112":{"start":{"line":269,"column":24},"end":{"line":269,"column":null}},"113":{"start":{"line":271,"column":20},"end":{"line":353,"column":null}},"114":{"start":{"line":273,"column":40},"end":{"line":273,"column":null}},"115":{"start":{"line":274,"column":24},"end":{"line":281,"column":null}},"116":{"start":{"line":275,"column":28},"end":{"line":280,"column":null}},"117":{"start":{"line":284,"column":52},"end":{"line":284,"column":null}},"118":{"start":{"line":284,"column":69},"end":{"line":284,"column":107}},"119":{"start":{"line":284,"column":121},"end":{"line":284,"column":130}},"120":{"start":{"line":287,"column":28},"end":{"line":287,"column":null}},"121":{"start":{"line":287,"column":57},"end":{"line":287,"column":77}},"122":{"start":{"line":289,"column":28},"end":{"line":289,"column":null}},"123":{"start":{"line":292,"column":51},"end":{"line":292,"column":null}},"124":{"start":{"line":292,"column":81},"end":{"line":292,"column":102}},"125":{"start":{"line":293,"column":28},"end":{"line":293,"column":null}},"126":{"start":{"line":295,"column":28},"end":{"line":349,"column":null}},"127":{"start":{"line":296,"column":32},"end":{"line":296,"column":null}},"128":{"start":{"line":299,"column":32},"end":{"line":299,"column":null}},"129":{"start":{"line":299,"column":62},"end":{"line":299,"column":67}},"130":{"start":{"line":301,"column":32},"end":{"line":348,"column":null}},"131":{"start":{"line":301,"column":45},"end":{"line":301,"column":48}},"132":{"start":{"line":302,"column":54},"end":{"line":302,"column":null}},"133":{"start":{"line":303,"column":36},"end":{"line":303,"column":null}},"134":{"start":{"line":305,"column":32},"end":{"line":347,"column":null}},"135":{"start":{"line":307,"column":36},"end":{"line":307,"column":null}},"136":{"start":{"line":308,"column":53},"end":{"line":308,"column":null}},"137":{"start":{"line":309,"column":53},"end":{"line":309,"column":null}},"138":{"start":{"line":311,"column":36},"end":{"line":334,"column":null}},"139":{"start":{"line":317,"column":52},"end":{"line":323,"column":null}},"140":{"start":{"line":326,"column":40},"end":{"line":331,"column":null}},"141":{"start":{"line":327,"column":44},"end":{"line":330,"column":null}},"142":{"start":{"line":333,"column":40},"end":{"line":333,"column":null}},"143":{"start":{"line":336,"column":40},"end":{"line":343,"column":null}},"144":{"start":{"line":337,"column":44},"end":{"line":337,"column":null}},"145":{"start":{"line":339,"column":44},"end":{"line":339,"column":null}},"146":{"start":{"line":340,"column":58},"end":{"line":340,"column":null}},"147":{"start":{"line":341,"column":44},"end":{"line":341,"column":null}},"148":{"start":{"line":342,"column":44},"end":{"line":342,"column":null}},"149":{"start":{"line":346,"column":40},"end":{"line":346,"column":null}},"150":{"start":{"line":352,"column":28},"end":{"line":352,"column":null}},"151":{"start":{"line":358,"column":41},"end":{"line":358,"column":null}},"152":{"start":{"line":358,"column":65},"end":{"line":358,"column":88}},"153":{"start":{"line":360,"column":20},"end":{"line":366,"column":null}},"154":{"start":{"line":361,"column":24},"end":{"line":361,"column":null}},"155":{"start":{"line":362,"column":45},"end":{"line":362,"column":null}},"156":{"start":{"line":363,"column":24},"end":{"line":363,"column":null}},"157":{"start":{"line":365,"column":24},"end":{"line":365,"column":null}},"158":{"start":{"line":369,"column":20},"end":{"line":369,"column":null}},"159":{"start":{"line":372,"column":16},"end":{"line":372,"column":null}},"160":{"start":{"line":372,"column":26},"end":{"line":372,"column":null}},"161":{"start":{"line":376,"column":8},"end":{"line":376,"column":null}},"162":{"start":{"line":377,"column":8},"end":{"line":377,"column":null}},"163":{"start":{"line":378,"column":8},"end":{"line":378,"column":null}},"164":{"start":{"line":381,"column":8},"end":{"line":383,"column":null}},"165":{"start":{"line":382,"column":12},"end":{"line":382,"column":null}},"166":{"start":{"line":384,"column":8},"end":{"line":384,"column":null}},"167":{"start":{"line":389,"column":19},"end":{"line":398,"column":null}},"168":{"start":{"line":400,"column":4},"end":{"line":411,"column":null}},"169":{"start":{"line":401,"column":8},"end":{"line":401,"column":null}},"170":{"start":{"line":402,"column":21},"end":{"line":402,"column":null}},"171":{"start":{"line":403,"column":8},"end":{"line":403,"column":null}},"172":{"start":{"line":404,"column":8},"end":{"line":404,"column":null}},"173":{"start":{"line":405,"column":8},"end":{"line":405,"column":null}},"174":{"start":{"line":407,"column":8},"end":{"line":409,"column":null}},"175":{"start":{"line":408,"column":12},"end":{"line":408,"column":null}},"176":{"start":{"line":410,"column":8},"end":{"line":410,"column":null}},"177":{"start":{"line":415,"column":4},"end":{"line":415,"column":null}},"178":{"start":{"line":415,"column":14},"end":{"line":415,"column":null}},"179":{"start":{"line":417,"column":19},"end":{"line":426,"column":null}},"180":{"start":{"line":428,"column":4},"end":{"line":496,"column":null}},"181":{"start":{"line":429,"column":8},"end":{"line":429,"column":null}},"182":{"start":{"line":432,"column":25},"end":{"line":432,"column":null}},"183":{"start":{"line":433,"column":8},"end":{"line":479,"column":null}},"184":{"start":{"line":434,"column":28},"end":{"line":434,"column":null}},"185":{"start":{"line":435,"column":28},"end":{"line":435,"column":null}},"186":{"start":{"line":437,"column":12},"end":{"line":471,"column":null}},"187":{"start":{"line":438,"column":33},"end":{"line":438,"column":null}},"188":{"start":{"line":439,"column":33},"end":{"line":439,"column":null}},"189":{"start":{"line":442,"column":16},"end":{"line":447,"column":null}},"190":{"start":{"line":443,"column":39},"end":{"line":443,"column":null}},"191":{"start":{"line":444,"column":20},"end":{"line":446,"column":null}},"192":{"start":{"line":444,"column":86},"end":{"line":444,"column":null}},"193":{"start":{"line":444,"column":99},"end":{"line":446,"column":null}},"194":{"start":{"line":445,"column":93},"end":{"line":445,"column":null}},"195":{"start":{"line":445,"column":106},"end":{"line":446,"column":null}},"196":{"start":{"line":446,"column":91},"end":{"line":446,"column":null}},"197":{"start":{"line":450,"column":30},"end":{"line":450,"column":null}},"198":{"start":{"line":451,"column":16},"end":{"line":465,"column":null}},"199":{"start":{"line":452,"column":20},"end":{"line":464,"column":null}},"200":{"start":{"line":452,"column":66},"end":{"line":452,"column":null}},"201":{"start":{"line":452,"column":79},"end":{"line":464,"column":null}},"202":{"start":{"line":453,"column":74},"end":{"line":453,"column":null}},"203":{"start":{"line":453,"column":87},"end":{"line":464,"column":null}},"204":{"start":{"line":454,"column":67},"end":{"line":454,"column":null}},"205":{"start":{"line":454,"column":80},"end":{"line":464,"column":null}},"206":{"start":{"line":457,"column":36},"end":{"line":457,"column":null}},"207":{"start":{"line":459,"column":38},"end":{"line":459,"column":null}},"208":{"start":{"line":460,"column":24},"end":{"line":463,"column":null}},"209":{"start":{"line":461,"column":28},"end":{"line":461,"column":null}},"210":{"start":{"line":462,"column":28},"end":{"line":462,"column":null}},"211":{"start":{"line":467,"column":16},"end":{"line":470,"column":null}},"212":{"start":{"line":468,"column":20},"end":{"line":468,"column":null}},"213":{"start":{"line":469,"column":20},"end":{"line":469,"column":null}},"214":{"start":{"line":473,"column":12},"end":{"line":478,"column":null}},"215":{"start":{"line":474,"column":16},"end":{"line":474,"column":null}},"216":{"start":{"line":475,"column":16},"end":{"line":475,"column":null}},"217":{"start":{"line":477,"column":16},"end":{"line":477,"column":null}},"218":{"start":{"line":482,"column":21},"end":{"line":482,"column":null}},"219":{"start":{"line":484,"column":8},"end":{"line":489,"column":null}},"220":{"start":{"line":486,"column":12},"end":{"line":486,"column":null}},"221":{"start":{"line":488,"column":12},"end":{"line":488,"column":null}},"222":{"start":{"line":491,"column":8},"end":{"line":491,"column":null}},"223":{"start":{"line":492,"column":8},"end":{"line":492,"column":null}},"224":{"start":{"line":494,"column":8},"end":{"line":494,"column":null}},"225":{"start":{"line":495,"column":8},"end":{"line":495,"column":null}},"226":{"start":{"line":500,"column":4},"end":{"line":500,"column":null}},"227":{"start":{"line":500,"column":14},"end":{"line":500,"column":null}},"228":{"start":{"line":502,"column":19},"end":{"line":511,"column":null}},"229":{"start":{"line":513,"column":4},"end":{"line":534,"column":null}},"230":{"start":{"line":514,"column":8},"end":{"line":514,"column":null}},"231":{"start":{"line":517,"column":21},"end":{"line":517,"column":null}},"232":{"start":{"line":519,"column":8},"end":{"line":527,"column":null}},"233":{"start":{"line":520,"column":12},"end":{"line":524,"column":null}},"234":{"start":{"line":521,"column":16},"end":{"line":521,"column":null}},"235":{"start":{"line":523,"column":16},"end":{"line":523,"column":null}},"236":{"start":{"line":526,"column":12},"end":{"line":526,"column":null}},"237":{"start":{"line":529,"column":8},"end":{"line":529,"column":null}},"238":{"start":{"line":530,"column":8},"end":{"line":530,"column":null}},"239":{"start":{"line":532,"column":8},"end":{"line":532,"column":null}},"240":{"start":{"line":533,"column":8},"end":{"line":533,"column":null}},"241":{"start":{"line":537,"column":0},"end":{"line":543,"column":null}}},"fnMap":{"0":{"name":"processMessages","decl":{"start":{"line":31,"column":15},"end":{"line":31,"column":31}},"loc":{"start":{"line":31,"column":74},"end":{"line":122,"column":null}},"line":31},"1":{"name":"(anonymous_1)","decl":{"start":{"line":45,"column":39},"end":{"line":45,"column":47}},"loc":{"start":{"line":45,"column":47},"end":{"line":45,"column":64}},"line":45},"2":{"name":"(anonymous_2)","decl":{"start":{"line":50,"column":67},"end":{"line":50,"column":75}},"loc":{"start":{"line":50,"column":75},"end":{"line":55,"column":18}},"line":50},"3":{"name":"syncAccount","decl":{"start":{"line":124,"column":15},"end":{"line":124,"column":27}},"loc":{"start":{"line":124,"column":36},"end":{"line":386,"column":null}},"line":124},"4":{"name":"(anonymous_4)","decl":{"start":{"line":177,"column":35},"end":{"line":177,"column":36}},"loc":{"start":{"line":177,"column":61},"end":{"line":215,"column":null}},"line":177},"5":{"name":"(anonymous_5)","decl":{"start":{"line":284,"column":64},"end":{"line":284,"column":69}},"loc":{"start":{"line":284,"column":69},"end":{"line":284,"column":107}},"line":284},"6":{"name":"(anonymous_6)","decl":{"start":{"line":284,"column":116},"end":{"line":284,"column":121}},"loc":{"start":{"line":284,"column":121},"end":{"line":284,"column":130}},"line":284},"7":{"name":"(anonymous_7)","decl":{"start":{"line":287,"column":52},"end":{"line":287,"column":57}},"loc":{"start":{"line":287,"column":57},"end":{"line":287,"column":77}},"line":287},"8":{"name":"(anonymous_8)","decl":{"start":{"line":292,"column":74},"end":{"line":292,"column":81}},"loc":{"start":{"line":292,"column":81},"end":{"line":292,"column":102}},"line":292},"9":{"name":"(anonymous_9)","decl":{"start":{"line":299,"column":52},"end":{"line":299,"column":53}},"loc":{"start":{"line":299,"column":62},"end":{"line":299,"column":67}},"line":299},"10":{"name":"(anonymous_10)","decl":{"start":{"line":358,"column":58},"end":{"line":358,"column":65}},"loc":{"start":{"line":358,"column":65},"end":{"line":358,"column":88}},"line":358},"11":{"name":"testConnection","decl":{"start":{"line":388,"column":15},"end":{"line":388,"column":30}},"loc":{"start":{"line":388,"column":39},"end":{"line":412,"column":null}},"line":388},"12":{"name":"deleteEmail","decl":{"start":{"line":414,"column":15},"end":{"line":414,"column":27}},"loc":{"start":{"line":414,"column":51},"end":{"line":497,"column":null}},"line":414},"13":{"name":"setEmailFlag","decl":{"start":{"line":499,"column":15},"end":{"line":499,"column":28}},"loc":{"start":{"line":499,"column":55},"end":{"line":535,"column":null}},"line":499}},"branchMap":{"0":{"loc":{"start":{"line":36,"column":8},"end":{"line":36,"column":null}},"type":"if","locations":[{"start":{"line":36,"column":8},"end":{"line":36,"column":null}},{"start":{},"end":{}}],"line":36},"1":{"loc":{"start":{"line":36,"column":12},"end":{"line":36,"column":60}},"type":"binary-expr","locations":[{"start":{"line":36,"column":12},"end":{"line":36,"column":35}},{"start":{"line":36,"column":35},"end":{"line":36,"column":60}}],"line":36},"2":{"loc":{"start":{"line":41,"column":8},"end":{"line":43,"column":null}},"type":"if","locations":[{"start":{"line":41,"column":8},"end":{"line":43,"column":null}},{"start":{},"end":{}}],"line":41},"3":{"loc":{"start":{"line":47,"column":8},"end":{"line":119,"column":null}},"type":"if","locations":[{"start":{"line":47,"column":8},"end":{"line":119,"column":null}},{"start":{"line":101,"column":15},"end":{"line":119,"column":null}}],"line":47},"4":{"loc":{"start":{"line":50,"column":37},"end":{"line":50,"column":63}},"type":"binary-expr","locations":[{"start":{"line":50,"column":37},"end":{"line":50,"column":59}},{"start":{"line":50,"column":59},"end":{"line":50,"column":63}}],"line":50},"5":{"loc":{"start":{"line":51,"column":30},"end":{"line":51,"column":null}},"type":"binary-expr","locations":[{"start":{"line":51,"column":30},"end":{"line":51,"column":46}},{"start":{"line":51,"column":46},"end":{"line":51,"column":null}}],"line":51},"6":{"loc":{"start":{"line":60,"column":28},"end":{"line":60,"column":null}},"type":"binary-expr","locations":[{"start":{"line":60,"column":28},"end":{"line":60,"column":49}},{"start":{"line":60,"column":49},"end":{"line":60,"column":null}}],"line":60},"7":{"loc":{"start":{"line":61,"column":33},"end":{"line":61,"column":null}},"type":"binary-expr","locations":[{"start":{"line":61,"column":33},"end":{"line":61,"column":69}},{"start":{"line":61,"column":69},"end":{"line":61,"column":null}}],"line":61},"8":{"loc":{"start":{"line":62,"column":29},"end":{"line":62,"column":null}},"type":"binary-expr","locations":[{"start":{"line":62,"column":29},"end":{"line":62,"column":47}},{"start":{"line":62,"column":47},"end":{"line":62,"column":null}}],"line":62},"9":{"loc":{"start":{"line":63,"column":26},"end":{"line":63,"column":null}},"type":"binary-expr","locations":[{"start":{"line":63,"column":26},"end":{"line":63,"column":41}},{"start":{"line":63,"column":41},"end":{"line":63,"column":null}}],"line":63},"10":{"loc":{"start":{"line":64,"column":30},"end":{"line":64,"column":null}},"type":"binary-expr","locations":[{"start":{"line":64,"column":30},"end":{"line":64,"column":45}},{"start":{"line":64,"column":45},"end":{"line":64,"column":null}}],"line":64},"11":{"loc":{"start":{"line":65,"column":26},"end":{"line":65,"column":null}},"type":"cond-expr","locations":[{"start":{"line":65,"column":40},"end":{"line":65,"column":68}},{"start":{"line":65,"column":64},"end":{"line":65,"column":null}}],"line":65},"12":{"loc":{"start":{"line":68,"column":28},"end":{"line":68,"column":null}},"type":"binary-expr","locations":[{"start":{"line":68,"column":28},"end":{"line":68,"column":71}},{"start":{"line":68,"column":71},"end":{"line":68,"column":null}}],"line":68},"13":{"loc":{"start":{"line":69,"column":31},"end":{"line":69,"column":null}},"type":"binary-expr","locations":[{"start":{"line":69,"column":31},"end":{"line":69,"column":77}},{"start":{"line":69,"column":77},"end":{"line":69,"column":null}}],"line":69},"14":{"loc":{"start":{"line":75,"column":16},"end":{"line":77,"column":null}},"type":"if","locations":[{"start":{"line":75,"column":16},"end":{"line":77,"column":null}},{"start":{},"end":{}}],"line":75},"15":{"loc":{"start":{"line":76,"column":35},"end":{"line":76,"column":null}},"type":"binary-expr","locations":[{"start":{"line":76,"column":35},"end":{"line":76,"column":78}},{"start":{"line":76,"column":78},"end":{"line":76,"column":null}}],"line":76},"16":{"loc":{"start":{"line":132,"column":18},"end":{"line":132,"column":null}},"type":"binary-expr","locations":[{"start":{"line":132,"column":18},"end":{"line":132,"column":38}},{"start":{"line":132,"column":38},"end":{"line":132,"column":null}}],"line":132},"17":{"loc":{"start":{"line":150,"column":29},"end":{"line":150,"column":null}},"type":"binary-expr","locations":[{"start":{"line":150,"column":29},"end":{"line":150,"column":52}},{"start":{"line":150,"column":52},"end":{"line":150,"column":null}}],"line":150},"18":{"loc":{"start":{"line":158,"column":12},"end":{"line":172,"column":null}},"type":"if","locations":[{"start":{"line":158,"column":12},"end":{"line":172,"column":null}},{"start":{"line":170,"column":19},"end":{"line":172,"column":null}}],"line":158},"19":{"loc":{"start":{"line":158,"column":16},"end":{"line":158,"column":40}},"type":"binary-expr","locations":[{"start":{"line":158,"column":16},"end":{"line":158,"column":25}},{"start":{"line":158,"column":25},"end":{"line":158,"column":40}}],"line":158},"20":{"loc":{"start":{"line":161,"column":43},"end":{"line":161,"column":70}},"type":"binary-expr","locations":[{"start":{"line":161,"column":43},"end":{"line":161,"column":65}},{"start":{"line":161,"column":65},"end":{"line":161,"column":70}}],"line":161},"21":{"loc":{"start":{"line":162,"column":44},"end":{"line":162,"column":72}},"type":"binary-expr","locations":[{"start":{"line":162,"column":44},"end":{"line":162,"column":67}},{"start":{"line":162,"column":67},"end":{"line":162,"column":72}}],"line":162},"22":{"loc":{"start":{"line":164,"column":16},"end":{"line":169,"column":null}},"type":"if","locations":[{"start":{"line":164,"column":16},"end":{"line":169,"column":null}},{"start":{"line":167,"column":23},"end":{"line":169,"column":null}}],"line":164},"23":{"loc":{"start":{"line":177,"column":45},"end":{"line":177,"column":61}},"type":"default-arg","locations":[{"start":{"line":177,"column":54},"end":{"line":177,"column":61}}],"line":177},"24":{"loc":{"start":{"line":181,"column":34},"end":{"line":181,"column":null}},"type":"binary-expr","locations":[{"start":{"line":181,"column":34},"end":{"line":181,"column":51}},{"start":{"line":181,"column":51},"end":{"line":181,"column":null}}],"line":181},"25":{"loc":{"start":{"line":184,"column":16},"end":{"line":193,"column":null}},"type":"if","locations":[{"start":{"line":184,"column":16},"end":{"line":193,"column":null}},{"start":{},"end":{}}],"line":184},"26":{"loc":{"start":{"line":186,"column":20},"end":{"line":192,"column":null}},"type":"if","locations":[{"start":{"line":186,"column":20},"end":{"line":192,"column":null}},{"start":{"line":188,"column":20},"end":{"line":192,"column":null}}],"line":186},"27":{"loc":{"start":{"line":186,"column":24},"end":{"line":186,"column":86}},"type":"binary-expr","locations":[{"start":{"line":186,"column":24},"end":{"line":186,"column":57}},{"start":{"line":186,"column":57},"end":{"line":186,"column":86}}],"line":186},"28":{"loc":{"start":{"line":188,"column":20},"end":{"line":192,"column":null}},"type":"if","locations":[{"start":{"line":188,"column":20},"end":{"line":192,"column":null}},{"start":{"line":190,"column":20},"end":{"line":192,"column":null}}],"line":188},"29":{"loc":{"start":{"line":188,"column":31},"end":{"line":188,"column":95}},"type":"binary-expr","locations":[{"start":{"line":188,"column":31},"end":{"line":188,"column":65}},{"start":{"line":188,"column":65},"end":{"line":188,"column":95}}],"line":188},"30":{"loc":{"start":{"line":190,"column":20},"end":{"line":192,"column":null}},"type":"if","locations":[{"start":{"line":190,"column":20},"end":{"line":192,"column":null}},{"start":{},"end":{}}],"line":190},"31":{"loc":{"start":{"line":190,"column":31},"end":{"line":190,"column":93}},"type":"binary-expr","locations":[{"start":{"line":190,"column":31},"end":{"line":190,"column":64}},{"start":{"line":190,"column":64},"end":{"line":190,"column":93}}],"line":190},"32":{"loc":{"start":{"line":196,"column":16},"end":{"line":211,"column":null}},"type":"if","locations":[{"start":{"line":196,"column":16},"end":{"line":211,"column":null}},{"start":{},"end":{}}],"line":196},"33":{"loc":{"start":{"line":197,"column":20},"end":{"line":210,"column":null}},"type":"if","locations":[{"start":{"line":197,"column":20},"end":{"line":210,"column":null}},{"start":{"line":197,"column":88},"end":{"line":210,"column":null}}],"line":197},"34":{"loc":{"start":{"line":197,"column":24},"end":{"line":197,"column":66}},"type":"binary-expr","locations":[{"start":{"line":197,"column":24},"end":{"line":197,"column":44}},{"start":{"line":197,"column":44},"end":{"line":197,"column":66}}],"line":197},"35":{"loc":{"start":{"line":197,"column":88},"end":{"line":210,"column":null}},"type":"if","locations":[{"start":{"line":197,"column":88},"end":{"line":210,"column":null}},{"start":{"line":198,"column":96},"end":{"line":210,"column":null}}],"line":197},"36":{"loc":{"start":{"line":198,"column":29},"end":{"line":198,"column":74}},"type":"binary-expr","locations":[{"start":{"line":198,"column":29},"end":{"line":198,"column":50}},{"start":{"line":198,"column":50},"end":{"line":198,"column":74}}],"line":198},"37":{"loc":{"start":{"line":198,"column":96},"end":{"line":210,"column":null}},"type":"if","locations":[{"start":{"line":198,"column":96},"end":{"line":210,"column":null}},{"start":{"line":199,"column":89},"end":{"line":210,"column":null}}],"line":198},"38":{"loc":{"start":{"line":199,"column":29},"end":{"line":199,"column":67}},"type":"binary-expr","locations":[{"start":{"line":199,"column":29},"end":{"line":199,"column":49}},{"start":{"line":199,"column":49},"end":{"line":199,"column":67}}],"line":199},"39":{"loc":{"start":{"line":199,"column":89},"end":{"line":210,"column":null}},"type":"if","locations":[{"start":{"line":199,"column":89},"end":{"line":210,"column":null}},{"start":{},"end":{}}],"line":199},"40":{"loc":{"start":{"line":202,"column":24},"end":{"line":208,"column":null}},"type":"if","locations":[{"start":{"line":202,"column":24},"end":{"line":208,"column":null}},{"start":{"line":206,"column":31},"end":{"line":208,"column":null}}],"line":202},"41":{"loc":{"start":{"line":204,"column":28},"end":{"line":204,"column":null}},"type":"if","locations":[{"start":{"line":204,"column":28},"end":{"line":204,"column":null}},{"start":{},"end":{}}],"line":204},"42":{"loc":{"start":{"line":223,"column":12},"end":{"line":225,"column":null}},"type":"if","locations":[{"start":{"line":223,"column":12},"end":{"line":225,"column":null}},{"start":{},"end":{}}],"line":223},"43":{"loc":{"start":{"line":223,"column":16},"end":{"line":223,"column":100}},"type":"binary-expr","locations":[{"start":{"line":223,"column":16},"end":{"line":223,"column":31}},{"start":{"line":223,"column":31},"end":{"line":223,"column":61}},{"start":{"line":223,"column":61},"end":{"line":223,"column":100}}],"line":223},"44":{"loc":{"start":{"line":246,"column":20},"end":{"line":248,"column":null}},"type":"if","locations":[{"start":{"line":246,"column":20},"end":{"line":248,"column":null}},{"start":{},"end":{}}],"line":246},"45":{"loc":{"start":{"line":278,"column":43},"end":{"line":278,"column":null}},"type":"binary-expr","locations":[{"start":{"line":278,"column":43},"end":{"line":278,"column":60}},{"start":{"line":278,"column":60},"end":{"line":278,"column":null}}],"line":278},"46":{"loc":{"start":{"line":284,"column":69},"end":{"line":284,"column":107}},"type":"cond-expr","locations":[{"start":{"line":284,"column":84},"end":{"line":284,"column":103}},{"start":{"line":284,"column":103},"end":{"line":284,"column":107}}],"line":284},"47":{"loc":{"start":{"line":295,"column":28},"end":{"line":349,"column":null}},"type":"if","locations":[{"start":{"line":295,"column":28},"end":{"line":349,"column":null}},{"start":{},"end":{}}],"line":295},"48":{"loc":{"start":{"line":321,"column":55},"end":{"line":321,"column":null}},"type":"binary-expr","locations":[{"start":{"line":321,"column":55},"end":{"line":321,"column":72}},{"start":{"line":321,"column":72},"end":{"line":321,"column":null}}],"line":321},"49":{"loc":{"start":{"line":326,"column":40},"end":{"line":331,"column":null}},"type":"if","locations":[{"start":{"line":326,"column":40},"end":{"line":331,"column":null}},{"start":{},"end":{}}],"line":326},"50":{"loc":{"start":{"line":336,"column":40},"end":{"line":343,"column":null}},"type":"if","locations":[{"start":{"line":336,"column":40},"end":{"line":343,"column":null}},{"start":{"line":338,"column":47},"end":{"line":343,"column":null}}],"line":336},"51":{"loc":{"start":{"line":336,"column":44},"end":{"line":336,"column":80}},"type":"binary-expr","locations":[{"start":{"line":336,"column":44},"end":{"line":336,"column":57}},{"start":{"line":336,"column":57},"end":{"line":336,"column":80}}],"line":336},"52":{"loc":{"start":{"line":360,"column":20},"end":{"line":366,"column":null}},"type":"if","locations":[{"start":{"line":360,"column":20},"end":{"line":366,"column":null}},{"start":{"line":364,"column":27},"end":{"line":366,"column":null}}],"line":360},"53":{"loc":{"start":{"line":372,"column":16},"end":{"line":372,"column":null}},"type":"if","locations":[{"start":{"line":372,"column":16},"end":{"line":372,"column":null}},{"start":{},"end":{}}],"line":372},"54":{"loc":{"start":{"line":381,"column":8},"end":{"line":383,"column":null}},"type":"if","locations":[{"start":{"line":381,"column":8},"end":{"line":383,"column":null}},{"start":{},"end":{}}],"line":381},"55":{"loc":{"start":{"line":394,"column":18},"end":{"line":394,"column":null}},"type":"binary-expr","locations":[{"start":{"line":394,"column":18},"end":{"line":394,"column":38}},{"start":{"line":394,"column":38},"end":{"line":394,"column":null}}],"line":394},"56":{"loc":{"start":{"line":407,"column":8},"end":{"line":409,"column":null}},"type":"if","locations":[{"start":{"line":407,"column":8},"end":{"line":409,"column":null}},{"start":{},"end":{}}],"line":407},"57":{"loc":{"start":{"line":415,"column":4},"end":{"line":415,"column":null}},"type":"if","locations":[{"start":{"line":415,"column":4},"end":{"line":415,"column":null}},{"start":{},"end":{}}],"line":415},"58":{"loc":{"start":{"line":422,"column":18},"end":{"line":422,"column":null}},"type":"binary-expr","locations":[{"start":{"line":422,"column":18},"end":{"line":422,"column":38}},{"start":{"line":422,"column":38},"end":{"line":422,"column":null}}],"line":422},"59":{"loc":{"start":{"line":433,"column":8},"end":{"line":479,"column":null}},"type":"if","locations":[{"start":{"line":433,"column":8},"end":{"line":479,"column":null}},{"start":{},"end":{}}],"line":433},"60":{"loc":{"start":{"line":433,"column":12},"end":{"line":433,"column":52}},"type":"binary-expr","locations":[{"start":{"line":433,"column":12},"end":{"line":433,"column":24}},{"start":{"line":433,"column":24},"end":{"line":433,"column":52}}],"line":433},"61":{"loc":{"start":{"line":442,"column":16},"end":{"line":447,"column":null}},"type":"if","locations":[{"start":{"line":442,"column":16},"end":{"line":447,"column":null}},{"start":{},"end":{}}],"line":442},"62":{"loc":{"start":{"line":444,"column":20},"end":{"line":446,"column":null}},"type":"if","locations":[{"start":{"line":444,"column":20},"end":{"line":446,"column":null}},{"start":{"line":444,"column":99},"end":{"line":446,"column":null}}],"line":444},"63":{"loc":{"start":{"line":444,"column":24},"end":{"line":444,"column":86}},"type":"binary-expr","locations":[{"start":{"line":444,"column":24},"end":{"line":444,"column":57}},{"start":{"line":444,"column":57},"end":{"line":444,"column":86}}],"line":444},"64":{"loc":{"start":{"line":444,"column":99},"end":{"line":446,"column":null}},"type":"if","locations":[{"start":{"line":444,"column":99},"end":{"line":446,"column":null}},{"start":{"line":445,"column":106},"end":{"line":446,"column":null}}],"line":444},"65":{"loc":{"start":{"line":445,"column":29},"end":{"line":445,"column":93}},"type":"binary-expr","locations":[{"start":{"line":445,"column":29},"end":{"line":445,"column":63}},{"start":{"line":445,"column":63},"end":{"line":445,"column":93}}],"line":445},"66":{"loc":{"start":{"line":445,"column":106},"end":{"line":446,"column":null}},"type":"if","locations":[{"start":{"line":445,"column":106},"end":{"line":446,"column":null}},{"start":{},"end":{}}],"line":445},"67":{"loc":{"start":{"line":446,"column":29},"end":{"line":446,"column":91}},"type":"binary-expr","locations":[{"start":{"line":446,"column":29},"end":{"line":446,"column":62}},{"start":{"line":446,"column":62},"end":{"line":446,"column":91}}],"line":446},"68":{"loc":{"start":{"line":451,"column":16},"end":{"line":465,"column":null}},"type":"if","locations":[{"start":{"line":451,"column":16},"end":{"line":465,"column":null}},{"start":{},"end":{}}],"line":451},"69":{"loc":{"start":{"line":452,"column":20},"end":{"line":464,"column":null}},"type":"if","locations":[{"start":{"line":452,"column":20},"end":{"line":464,"column":null}},{"start":{"line":452,"column":79},"end":{"line":464,"column":null}}],"line":452},"70":{"loc":{"start":{"line":452,"column":24},"end":{"line":452,"column":66}},"type":"binary-expr","locations":[{"start":{"line":452,"column":24},"end":{"line":452,"column":44}},{"start":{"line":452,"column":44},"end":{"line":452,"column":66}}],"line":452},"71":{"loc":{"start":{"line":452,"column":79},"end":{"line":464,"column":null}},"type":"if","locations":[{"start":{"line":452,"column":79},"end":{"line":464,"column":null}},{"start":{"line":453,"column":87},"end":{"line":464,"column":null}}],"line":452},"72":{"loc":{"start":{"line":453,"column":29},"end":{"line":453,"column":74}},"type":"binary-expr","locations":[{"start":{"line":453,"column":29},"end":{"line":453,"column":50}},{"start":{"line":453,"column":50},"end":{"line":453,"column":74}}],"line":453},"73":{"loc":{"start":{"line":453,"column":87},"end":{"line":464,"column":null}},"type":"if","locations":[{"start":{"line":453,"column":87},"end":{"line":464,"column":null}},{"start":{"line":454,"column":80},"end":{"line":464,"column":null}}],"line":453},"74":{"loc":{"start":{"line":454,"column":29},"end":{"line":454,"column":67}},"type":"binary-expr","locations":[{"start":{"line":454,"column":29},"end":{"line":454,"column":49}},{"start":{"line":454,"column":49},"end":{"line":454,"column":67}}],"line":454},"75":{"loc":{"start":{"line":454,"column":80},"end":{"line":464,"column":null}},"type":"if","locations":[{"start":{"line":454,"column":80},"end":{"line":464,"column":null}},{"start":{},"end":{}}],"line":454},"76":{"loc":{"start":{"line":457,"column":36},"end":{"line":457,"column":null}},"type":"binary-expr","locations":[{"start":{"line":457,"column":36},"end":{"line":457,"column":53}},{"start":{"line":457,"column":53},"end":{"line":457,"column":null}}],"line":457},"77":{"loc":{"start":{"line":460,"column":24},"end":{"line":463,"column":null}},"type":"if","locations":[{"start":{"line":460,"column":24},"end":{"line":463,"column":null}},{"start":{},"end":{}}],"line":460},"78":{"loc":{"start":{"line":467,"column":16},"end":{"line":470,"column":null}},"type":"if","locations":[{"start":{"line":467,"column":16},"end":{"line":470,"column":null}},{"start":{},"end":{}}],"line":467},"79":{"loc":{"start":{"line":473,"column":12},"end":{"line":478,"column":null}},"type":"if","locations":[{"start":{"line":473,"column":12},"end":{"line":478,"column":null}},{"start":{"line":476,"column":19},"end":{"line":478,"column":null}}],"line":473},"80":{"loc":{"start":{"line":500,"column":4},"end":{"line":500,"column":null}},"type":"if","locations":[{"start":{"line":500,"column":4},"end":{"line":500,"column":null}},{"start":{},"end":{}}],"line":500},"81":{"loc":{"start":{"line":507,"column":18},"end":{"line":507,"column":null}},"type":"binary-expr","locations":[{"start":{"line":507,"column":18},"end":{"line":507,"column":38}},{"start":{"line":507,"column":38},"end":{"line":507,"column":null}}],"line":507},"82":{"loc":{"start":{"line":520,"column":12},"end":{"line":524,"column":null}},"type":"if","locations":[{"start":{"line":520,"column":12},"end":{"line":524,"column":null}},{"start":{"line":522,"column":19},"end":{"line":524,"column":null}}],"line":520}},"s":{"0":1,"1":1,"2":1,"3":1,"4":1,"5":1,"6":0,"7":0,"8":0,"9":0,"10":0,"11":0,"12":0,"13":0,"14":0,"15":0,"16":0,"17":0,"18":0,"19":0,"20":0,"21":0,"22":0,"23":0,"24":0,"25":0,"26":0,"27":0,"28":0,"29":0,"30":0,"31":1,"32":1,"33":1,"34":1,"35":0,"36":0,"37":0,"38":0,"39":0,"40":0,"41":0,"42":1,"43":0,"44":0,"45":0,"46":0,"47":0,"48":0,"49":0,"50":0,"51":0,"52":0,"53":0,"54":0,"55":0,"56":0,"57":0,"58":0,"59":0,"60":0,"61":0,"62":0,"63":0,"64":0,"65":0,"66":0,"67":0,"68":0,"69":0,"70":0,"71":0,"72":0,"73":0,"74":0,"75":0,"76":0,"77":0,"78":0,"79":0,"80":0,"81":0,"82":0,"83":0,"84":0,"85":0,"86":0,"87":0,"88":0,"89":0,"90":0,"91":0,"92":0,"93":0,"94":0,"95":0,"96":0,"97":0,"98":0,"99":0,"100":0,"101":0,"102":0,"103":0,"104":0,"105":0,"106":0,"107":0,"108":0,"109":0,"110":0,"111":0,"112":0,"113":0,"114":0,"115":0,"116":0,"117":0,"118":0,"119":0,"120":0,"121":0,"122":0,"123":0,"124":0,"125":0,"126":0,"127":0,"128":0,"129":0,"130":0,"131":0,"132":0,"133":0,"134":0,"135":0,"136":0,"137":0,"138":0,"139":0,"140":0,"141":0,"142":0,"143":0,"144":0,"145":0,"146":0,"147":0,"148":0,"149":0,"150":0,"151":0,"152":0,"153":0,"154":0,"155":0,"156":0,"157":0,"158":0,"159":0,"160":0,"161":0,"162":0,"163":0,"164":1,"165":0,"166":1,"167":1,"168":1,"169":1,"170":0,"171":0,"172":0,"173":0,"174":1,"175":0,"176":1,"177":0,"178":0,"179":0,"180":0,"181":0,"182":0,"183":0,"184":0,"185":0,"186":0,"187":0,"188":0,"189":0,"190":0,"191":0,"192":0,"193":0,"194":0,"195":0,"196":0,"197":0,"198":0,"199":0,"200":0,"201":0,"202":0,"203":0,"204":0,"205":0,"206":0,"207":0,"208":0,"209":0,"210":0,"211":0,"212":0,"213":0,"214":0,"215":0,"216":0,"217":0,"218":0,"219":0,"220":0,"221":0,"222":0,"223":0,"224":0,"225":0,"226":0,"227":0,"228":0,"229":0,"230":0,"231":0,"232":0,"233":0,"234":0,"235":0,"236":0,"237":0,"238":0,"239":0,"240":0,"241":1},"f":{"0":0,"1":0,"2":0,"3":1,"4":0,"5":0,"6":0,"7":0,"8":0,"9":0,"10":0,"11":1,"12":0,"13":0},"b":{"0":[0,0],"1":[0,0],"2":[0,0],"3":[0,0],"4":[0,0],"5":[0,0],"6":[0,0],"7":[0,0],"8":[0,0],"9":[0,0],"10":[0,0],"11":[0,0],"12":[0,0],"13":[0,0],"14":[0,0],"15":[0,0],"16":[1,1],"17":[0,0],"18":[0,0],"19":[0,0],"20":[0,0],"21":[0,0],"22":[0,0],"23":[0],"24":[0,0],"25":[0,0],"26":[0,0],"27":[0,0],"28":[0,0],"29":[0,0],"30":[0,0],"31":[0,0],"32":[0,0],"33":[0,0],"34":[0,0],"35":[0,0],"36":[0,0],"37":[0,0],"38":[0,0],"39":[0,0],"40":[0,0],"41":[0,0],"42":[0,0],"43":[0,0,0],"44":[0,0],"45":[0,0],"46":[0,0],"47":[0,0],"48":[0,0],"49":[0,0],"50":[0,0],"51":[0,0],"52":[0,0],"53":[0,0],"54":[0,1],"55":[1,1],"56":[0,1],"57":[0,0],"58":[0,0],"59":[0,0],"60":[0,0],"61":[0,0],"62":[0,0],"63":[0,0],"64":[0,0],"65":[0,0],"66":[0,0],"67":[0,0],"68":[0,0],"69":[0,0],"70":[0,0],"71":[0,0],"72":[0,0],"73":[0,0],"74":[0,0],"75":[0,0],"76":[0,0],"77":[0,0],"78":[0,0],"79":[0,0],"80":[0,0],"81":[0,0],"82":[0,0]},"meta":{"lastBranch":83,"lastFunction":14,"lastStatement":242,"seen":{"s:1:21:1:Infinity":0,"s:2:21:2:Infinity":1,"s:3:136:3:Infinity":2,"s:5:11:5:Infinity":3,"s:7:0:7:Infinity":4,"s:10:18:26:Infinity":5,"f:31:15:31:31":0,"s:32:21:32:Infinity":6,"s:35:4:120:Infinity":7,"b:36:8:36:Infinity:undefined:undefined:undefined:undefined":0,"s:36:8:36:Infinity":8,"b:36:12:36:35:36:35:36:60":1,"s:36:60:36:Infinity":9,"s:38:27:38:Infinity":10,"s:40:17:40:Infinity":11,"b:41:8:43:Infinity:undefined:undefined:undefined:undefined":2,"s:41:8:43:Infinity":12,"s:42:12:42:Infinity":13,"s:45:20:45:Infinity":14,"f:45:39:45:47":1,"s:45:47:45:64":15,"b:47:8:119:Infinity:101:15:119:Infinity":3,"s:47:8:119:Infinity":16,"s:48:12:100:Infinity":17,"s:49:31:49:Infinity":18,"s:50:22:55:Infinity":19,"b:50:37:50:59:50:59:50:63":4,"f:50:67:50:75":2,"s:50:75:55:18":20,"b:51:30:51:46:51:46:51:Infinity":5,"s:57:30:73:Infinity":21,"b:60:28:60:49:60:49:60:Infinity":6,"b:61:33:61:69:61:69:61:Infinity":7,"b:62:29:62:47:62:47:62:Infinity":8,"b:63:26:63:41:63:41:63:Infinity":9,"b:64:30:64:45:64:45:64:Infinity":10,"b:65:40:65:68:65:64:65:Infinity":11,"b:68:28:68:71:68:71:68:Infinity":12,"b:69:31:69:77:69:77:69:Infinity":13,"b:75:16:77:Infinity:undefined:undefined:undefined:undefined":14,"s:75:16:77:Infinity":22,"s:76:20:76:Infinity":23,"b:76:35:76:78:76:78:76:Infinity":15,"s:79:16:79:Infinity":24,"s:80:16:80:Infinity":25,"s:82:16:82:Infinity":26,"s:84:16:99:Infinity":27,"s:102:12:102:Infinity":28,"s:103:12:118:Infinity":29,"s:121:4:121:Infinity":30,"f:124:15:124:27":3,"s:125:4:125:Infinity":31,"s:127:19:136:Infinity":32,"b:132:18:132:38:132:38:132:Infinity":16,"s:138:4:385:Infinity":33,"s:139:8:139:Infinity":34,"s:140:8:140:Infinity":35,"s:143:26:143:Infinity":36,"s:144:26:144:Infinity":37,"s:146:8:175:Infinity":38,"s:147:12:147:Infinity":39,"s:149:12:152:Infinity":40,"s:150:29:150:Infinity":41,"b:150:29:150:52:150:52:150:Infinity":17,"s:151:16:151:Infinity":42,"s:155:26:155:Infinity":43,"s:156:12:156:Infinity":44,"b:158:12:172:Infinity:170:19:172:Infinity":18,"s:158:12:172:Infinity":45,"b:158:16:158:25:158:25:158:40":19,"s:159:16:159:Infinity":46,"s:161:31:161:Infinity":47,"b:161:43:161:65:161:65:161:70":20,"s:162:32:162:Infinity":48,"b:162:44:162:67:162:67:162:72":21,"b:164:16:169:Infinity:167:23:169:Infinity":22,"s:164:16:169:Infinity":49,"s:165:20:165:Infinity":50,"s:166:20:166:Infinity":51,"s:168:20:168:Infinity":52,"s:171:16:171:Infinity":53,"s:174:12:174:Infinity":54,"s:177:35:215:Infinity":55,"f:177:35:177:36":4,"b:177:54:177:61":23,"s:178:12:214:Infinity":56,"s:179:28:179:Infinity":57,"s:180:33:180:Infinity":58,"s:181:34:181:Infinity":59,"b:181:34:181:51:181:51:181:Infinity":24,"b:184:16:193:Infinity:undefined:undefined:undefined:undefined":25,"s:184:16:193:Infinity":60,"s:185:39:185:Infinity":61,"b:186:20:192:Infinity:188:20:192:Infinity":26,"s:186:20:192:Infinity":62,"b:186:24:186:57:186:57:186:86":27,"s:187:24:187:Infinity":63,"b:188:20:192:Infinity:190:20:192:Infinity":28,"s:188:20:192:Infinity":64,"b:188:31:188:65:188:65:188:95":29,"s:189:24:189:Infinity":65,"b:190:20:192:Infinity:undefined:undefined:undefined:undefined":30,"s:190:20:192:Infinity":66,"b:190:31:190:64:190:64:190:93":31,"s:191:24:191:Infinity":67,"s:195:30:195:Infinity":68,"b:196:16:211:Infinity:undefined:undefined:undefined:undefined":32,"s:196:16:211:Infinity":69,"b:197:20:210:Infinity:197:88:210:Infinity":33,"s:197:20:210:Infinity":70,"b:197:24:197:44:197:44:197:66":34,"s:197:66:197:Infinity":71,"b:197:88:210:Infinity:198:96:210:Infinity":35,"s:197:88:210:Infinity":72,"b:198:29:198:50:198:50:198:74":36,"s:198:74:198:Infinity":73,"b:198:96:210:Infinity:199:89:210:Infinity":37,"s:198:96:210:Infinity":74,"b:199:29:199:49:199:49:199:67":38,"s:199:67:199:Infinity":75,"b:199:89:210:Infinity:undefined:undefined:undefined:undefined":39,"s:199:89:210:Infinity":76,"s:201:41:201:Infinity":77,"b:202:24:208:Infinity:206:31:208:Infinity":40,"s:202:24:208:Infinity":78,"s:203:42:203:Infinity":79,"b:204:28:204:Infinity:undefined:undefined:undefined:undefined":41,"s:204:28:204:Infinity":80,"s:204:68:204:Infinity":81,"s:205:28:205:Infinity":82,"s:207:28:207:Infinity":83,"s:209:24:209:Infinity":84,"s:217:8:217:Infinity":85,"s:220:8:226:Infinity":86,"s:221:26:221:Infinity":87,"s:222:32:222:Infinity":88,"b:223:12:225:Infinity:undefined:undefined:undefined:undefined":42,"s:223:12:225:Infinity":89,"b:223:16:223:31:223:31:223:61:223:61:223:100":43,"s:224:16:224:Infinity":90,"s:228:8:228:Infinity":91,"s
[...]
umn":28},"end":{"line":58,"column":null}},"26":{"start":{"line":59,"column":8},"end":{"line":62,"column":null}},"27":{"start":{"line":60,"column":23},"end":{"line":60,"column":null}},"28":{"start":{"line":61,"column":10},"end":{"line":61,"column":null}},"29":{"start":{"line":61,"column":33},"end":{"line":61,"column":null}},"30":{"start":{"line":65,"column":6},"end":{"line":68,"column":null}},"31":{"start":{"line":66,"column":8},"end":{"line":66,"column":null}},"32":{"start":{"line":67,"column":8},"end":{"line":67,"column":null}},"33":{"start":{"line":71,"column":6},"end":{"line":71,"column":null}},"34":{"start":{"line":73,"column":6},"end":{"line":73,"column":null}},"35":{"start":{"line":77,"column":18},"end":{"line":77,"column":null}},"36":{"start":{"line":78,"column":6},"end":{"line":81,"column":null}},"37":{"start":{"line":79,"column":8},"end":{"line":79,"column":null}},"38":{"start":{"line":80,"column":8},"end":{"line":80,"column":null}},"39":{"start":{"line":82,"column":6},"end":{"line":82,"column":null}},"40":{"start":{"line":87,"column":2},"end":{"line":100,"column":null}},"41":{"start":{"line":88,"column":19},"end":{"line":88,"column":null}},"42":{"start":{"line":89,"column":21},"end":{"line":97,"column":null}},"43":{"start":{"line":98,"column":17},"end":{"line":98,"column":null}},"44":{"start":{"line":99,"column":4},"end":{"line":99,"column":null}},"45":{"start":{"line":102,"column":2},"end":{"line":102,"column":null}},"46":{"start":{"line":105,"column":34},"end":{"line":120,"column":null}},"47":{"start":{"line":106,"column":30},"end":{"line":106,"column":null}},"48":{"start":{"line":107,"column":2},"end":{"line":119,"column":null}},"49":{"start":{"line":108,"column":19},"end":{"line":108,"column":null}},"50":{"start":{"line":109,"column":20},"end":{"line":109,"column":null}},"51":{"start":{"line":110,"column":4},"end":{"line":118,"column":null}},"52":{"start":{"line":110,"column":86},"end":{"line":118,"column":6}},"53":{"start":{"line":119,"column":16},"end":{"line":119,"column":27}},"54":{"start":{"line":122,"column":37},"end":{"line":130,"column":null}},"55":{"start":{"line":128,"column":18},"end":{"line":128,"column":null}},"56":{"start":{"line":129,"column":2},"end":{"line":129,"column":null}},"57":{"start":{"line":135,"column":37},"end":{"line":221,"column":null}},"58":{"start":{"line":141,"column":2},"end":{"line":141,"column":null}},"59":{"start":{"line":141,"column":27},"end":{"line":141,"column":null}},"60":{"start":{"line":143,"column":27},"end":{"line":143,"column":null}},"61":{"start":{"line":143,"column":59},"end":{"line":143,"column":91}},"62":{"start":{"line":146,"column":25},"end":{"line":157,"column":null}},"63":{"start":{"line":160,"column":17},"end":{"line":165,"column":null}},"64":{"start":{"line":160,"column":34},"end":{"line":165,"column":4}},"65":{"start":{"line":167,"column":17},"end":{"line":173,"column":null}},"66":{"start":{"line":183,"column":2},"end":{"line":220,"column":null}},"67":{"start":{"line":184,"column":23},"end":{"line":184,"column":null}},"68":{"start":{"line":186,"column":22},"end":{"line":186,"column":null}},"69":{"start":{"line":187,"column":4},"end":{"line":189,"column":null}},"70":{"start":{"line":188,"column":6},"end":{"line":188,"column":null}},"71":{"start":{"line":188,"column":37},"end":{"line":188,"column":59}},"72":{"start":{"line":192,"column":4},"end":{"line":209,"column":null}},"73":{"start":{"line":193,"column":18},"end":{"line":193,"column":null}},"74":{"start":{"line":194,"column":6},"end":{"line":201,"column":null}},"75":{"start":{"line":195,"column":8},"end":{"line":200,"column":null}},"76":{"start":{"line":203,"column":6},"end":{"line":208,"column":null}},"77":{"start":{"line":212,"column":4},"end":{"line":212,"column":null}},"78":{"start":{"line":214,"column":4},"end":{"line":219,"column":null}},"79":{"start":{"line":214,"column":29},"end":{"line":219,"column":6}}},"fnMap":{"0":{"name":"(anonymous_0)","decl":{"start":{"line":7,"column":18},"end":{"line":7,"column":19}},"loc":{"start":{"line":7,"column":45},"end":{"line":11,"column":null}},"line":7},"1":{"name":"(anonymous_1)","decl":{"start":{"line":13,"column":13},"end":{"line":13,"column":14}},"loc":{"start":{"line":13,"column":29},"end":{"line":13,"column":null}},"line":13},"2":{"name":"(anonymous_2)","decl":{"start":{"line":13,"column":41},"end":{"line":13,"column":52}},"loc":{"start":{"line":13,"column":52},"end":{"line":13,"column":75}},"line":13},"3":{"name":"callLLM","decl":{"start":{"line":15,"column":15},"end":{"line":15,"column":null}},"loc":{"start":{"line":20,"column":16},"end":{"line":103,"column":null}},"line":20},"4":{"name":"(anonymous_4)","decl":{"start":{"line":105,"column":34},"end":{"line":105,"column":41}},"loc":{"start":{"line":105,"column":104},"end":{"line":120,"column":null}},"line":105},"5":{"name":"(anonymous_5)","decl":{"start":{"line":110,"column":55},"end":{"line":110,"column":56}},"loc":{"start":{"line":110,"column":86},"end":{"line":118,"column":6}},"line":110},"6":{"name":"(anonymous_6)","decl":{"start":{"line":122,"column":37},"end":{"line":122,"column":null}},"loc":{"start":{"line":126,"column":26},"end":{"line":130,"column":null}},"line":126},"7":{"name":"(anonymous_7)","decl":{"start":{"line":135,"column":37},"end":{"line":135,"column":null}},"loc":{"start":{"line":139,"column":28},"end":{"line":221,"column":null}},"line":139},"8":{"name":"(anonymous_8)","decl":{"start":{"line":143,"column":54},"end":{"line":143,"column":59}},"loc":{"start":{"line":143,"column":59},"end":{"line":143,"column":91}},"line":143},"9":{"name":"(anonymous_9)","decl":{"start":{"line":160,"column":28},"end":{"line":160,"column":34}},"loc":{"start":{"line":160,"column":34},"end":{"line":165,"column":4}},"line":160},"10":{"name":"(anonymous_10)","decl":{"start":{"line":188,"column":25},"end":{"line":188,"column":26}},"loc":{"start":{"line":188,"column":37},"end":{"line":188,"column":59}},"line":188},"11":{"name":"(anonymous_11)","decl":{"start":{"line":192,"column":22},"end":{"line":192,"column":31}},"loc":{"start":{"line":192,"column":31},"end":{"line":209,"column":5}},"line":192},"12":{"name":"(anonymous_12)","decl":{"start":{"line":214,"column":22},"end":{"line":214,"column":29}},"loc":{"start":{"line":214,"column":29},"end":{"line":219,"column":6}},"line":214}},"branchMap":{"0":{"loc":{"start":{"line":8,"column":2},"end":{"line":8,"column":null}},"type":"if","locations":[{"start":{"line":8,"column":2},"end":{"line":8,"column":null}},{"start":{},"end":{}}],"line":8},"1":{"loc":{"start":{"line":8,"column":6},"end":{"line":8,"column":57}},"type":"binary-expr","locations":[{"start":{"line":8,"column":6},"end":{"line":8,"column":26}},{"start":{"line":8,"column":26},"end":{"line":8,"column":57}}],"line":8},"2":{"loc":{"start":{"line":9,"column":2},"end":{"line":9,"column":null}},"type":"if","locations":[{"start":{"line":9,"column":2},"end":{"line":9,"column":null}},{"start":{},"end":{}}],"line":9},"3":{"loc":{"start":{"line":23,"column":2},"end":{"line":84,"column":null}},"type":"if","locations":[{"start":{"line":23,"column":2},"end":{"line":84,"column":null}},{"start":{},"end":{}}],"line":23},"4":{"loc":{"start":{"line":25,"column":4},"end":{"line":25,"column":null}},"type":"if","locations":[{"start":{"line":25,"column":4},"end":{"line":25,"column":null}},{"start":{},"end":{}}],"line":25},"5":{"loc":{"start":{"line":47,"column":6},"end":{"line":49,"column":null}},"type":"if","locations":[{"start":{"line":47,"column":6},"end":{"line":49,"column":null}},{"start":{},"end":{}}],"line":47},"6":{"loc":{"start":{"line":47,"column":10},"end":{"line":47,"column":73}},"type":"binary-expr","locations":[{"start":{"line":47,"column":10},"end":{"line":47,"column":29}},{"start":{"line":47,"column":29},"end":{"line":47,"column":73}}],"line":47},"7":{"loc":{"start":{"line":52,"column":6},"end":{"line":54,"column":null}},"type":"if","locations":[{"start":{"line":52,"column":6},"end":{"line":54,"column":null}},{"start":{},"end":{}}],"line":52},"8":{"loc":{"start":{"line":52,"column":10},"end":{"line":52,"column":63}},"type":"binary-expr","locations":[{"start":{"line":52,"column":10},"end":{"line":52,"column":19}},{"start":{"line":52,"column":19},"end":{"line":52,"column":63}}],"line":52},"9":{"loc":{"start":{"line":57,"column":6},"end":{"line":63,"column":null}},"type":"if","locations":[{"start":{"line":57,"column":6},"end":{"line":63,"column":null}},{"start":{},"end":{}}],"line":57},"10":{"loc":{"start":{"line":58,"column":28},"end":{"line":58,"column":null}},"type":"binary-expr","locations":[{"start":{"line":58,"column":28},"end":{"line":58,"column":57}},{"start":{"line":58,"column":57},"end":{"line":58,"column":null}}],"line":58},"11":{"loc":{"start":{"line":59,"column":8},"end":{"line":62,"column":null}},"type":"if","locations":[{"start":{"line":59,"column":8},"end":{"line":62,"column":null}},{"start":{},"end":{}}],"line":59},"12":{"loc":{"start":{"line":59,"column":12},"end":{"line":59,"column":49}},"type":"binary-expr","locations":[{"start":{"line":59,"column":12},"end":{"line":59,"column":26}},{"start":{"line":59,"column":26},"end":{"line":59,"column":49}}],"line":59},"13":{"loc":{"start":{"line":61,"column":10},"end":{"line":61,"column":null}},"type":"if","locations":[{"start":{"line":61,"column":10},"end":{"line":61,"column":null}},{"start":{},"end":{}}],"line":61},"14":{"loc":{"start":{"line":61,"column":14},"end":{"line":61,"column":33}},"type":"binary-expr","locations":[{"start":{"line":61,"column":14},"end":{"line":61,"column":22}},{"start":{"line":61,"column":22},"end":{"line":61,"column":33}}],"line":61},"15":{"loc":{"start":{"line":65,"column":6},"end":{"line":68,"column":null}},"type":"if","locations":[{"start":{"line":65,"column":6},"end":{"line":68,"column":null}},{"start":{},"end":{}}],"line":65},"16":{"loc":{"start":{"line":77,"column":18},"end":{"line":77,"column":null}},"type":"binary-expr","locations":[{"start":{"line":77,"column":18},"end":{"line":77,"column":35}},{"start":{"line":77,"column":35},"end":{"line":77,"column":null}}],"line":77},"17":{"loc":{"start":{"line":78,"column":6},"end":{"line":81,"column":null}},"type":"if","locations":[{"start":{"line":78,"column":6},"end":{"line":81,"column":null}},{"start":{},"end":{}}],"line":78},"18":{"loc":{"start":{"line":78,"column":10},"end":{"line":78,"column":56}},"type":"binary-expr","locations":[{"start":{"line":78,"column":10},"end":{"line":78,"column":33}},{"start":{"line":78,"column":33},"end":{"line":78,"column":56}}],"line":78},"19":{"loc":{"start":{"line":87,"column":2},"end":{"line":100,"column":null}},"type":"if","locations":[{"start":{"line":87,"column":2},"end":{"line":100,"column":null}},{"start":{},"end":{}}],"line":87},"20":{"loc":{"start":{"line":105,"column":41},"end":{"line":105,"column":60}},"type":"default-arg","locations":[{"start":{"line":105,"column":57},"end":{"line":105,"column":60}}],"line":105},"21":{"loc":{"start":{"line":109,"column":84},"end":{"line":109,"column":196}},"type":"binary-expr","locations":[{"start":{"line":109,"column":84},"end":{"line":109,"column":96}},{"start":{"line":109,"column":96},"end":{"line":109,"column":196}}],"line":109},"22":{"loc":{"start":{"line":109,"column":169},"end":{"line":109,"column":195}},"type":"binary-expr","locations":[{"start":{"line":109,"column":169},"end":{"line":109,"column":192}},{"start":{"line":109,"column":192},"end":{"line":109,"column":195}}],"line":109},"23":{"loc":{"start":{"line":110,"column":12},"end":{"line":110,"column":51}},"type":"cond-expr","locations":[{"start":{"line":110,"column":37},"end":{"line":110,"column":47}},{"start":{"line":110,"column":47},"end":{"line":110,"column":51}}],"line":110},"24":{"loc":{"start":{"line":112,"column":14},"end":{"line":112,"column":null}},"type":"binary-expr","locations":[{"start":{"line":112,"column":14},"end":{"line":112,"column":29}},{"start":{"line":112,"column":29},"end":{"line":112,"column":null}}],"line":112},"25":{"loc":{"start":{"line":113,"column":19},"end":{"line":113,"column":null}},"type":"binary-expr","locations":[{"start":{"line":113,"column":19},"end":{"line":113,"column":39}},{"start":{"line":113,"column":39},"end":{"line":113,"column":null}}],"line":113},"26":{"loc":{"start":{"line":114,"column":15},"end":{"line":114,"column":null}},"type":"binary-expr","locations":[{"start":{"line":114,"column":15},"end":{"line":114,"column":31}},{"start":{"line":114,"column":31},"end":{"line":114,"column":null}}],"line":114},"27":{"loc":{"start":{"line":115,"column":12},"end":{"line":115,"column":null}},"type":"binary-expr","locations":[{"start":{"line":115,"column":12},"end":{"line":115,"column":25}},{"start":{"line":115,"column":25},"end":{"line":115,"column":null}}],"line":115},"28":{"loc":{"start":{"line":116,"column":35},"end":{"line":116,"column":59}},"type":"binary-expr","locations":[{"start":{"line":116,"column":35},"end":{"line":116,"column":54}},{"start":{"line":116,"column":54},"end":{"line":116,"column":59}}],"line":116},"29":{"loc":{"start":{"line":129,"column":9},"end":{"line":129,"column":null}},"type":"binary-expr","locations":[{"start":{"line":129,"column":9},"end":{"line":129,"column":23}},{"start":{"line":129,"column":23},"end":{"line":129,"column":null}}],"line":129},"30":{"loc":{"start":{"line":141,"column":2},"end":{"line":141,"column":null}},"type":"if","locations":[{"start":{"line":141,"column":2},"end":{"line":141,"column":null}},{"start":{},"end":{}}],"line":141},"31":{"loc":{"start":{"line":187,"column":4},"end":{"line":189,"column":null}},"type":"if","locations":[{"start":{"line":187,"column":4},"end":{"line":189,"column":null}},{"start":{},"end":{}}],"line":187},"32":{"loc":{"start":{"line":194,"column":6},"end":{"line":201,"column":null}},"type":"if","locations":[{"start":{"line":194,"column":6},"end":{"line":201,"column":null}},{"start":{},"end":{}}],"line":194},"33":{"loc":{"start":{"line":196,"column":22},"end":{"line":196,"column":null}},"type":"binary-expr","locations":[{"start":{"line":196,"column":22},"end":{"line":196,"column":38}},{"start":{"line":196,"column":38},"end":{"line":196,"column":null}}],"line":196},"34":{"loc":{"start":{"line":197,"column":19},"end":{"line":197,"column":null}},"type":"binary-expr","locations":[{"start":{"line":197,"column":19},"end":{"line":197,"column":34}},{"start":{"line":197,"column":34},"end":{"line":197,"column":null}}],"line":197},"35":{"loc":{"start":{"line":198,"column":21},"end":{"line":198,"column":null}},"type":"binary-expr","locations":[{"start":{"line":198,"column":21},"end":{"line":198,"column":38}},{"start":{"line":198,"column":38},"end":{"line":198,"column":null}}],"line":198},"36":{"loc":{"start":{"line":199,"column":22},"end":{"line":199,"column":null}},"type":"binary-expr","locations":[{"start":{"line":199,"column":22},"end":{"line":199,"column":40}},{"start":{"line":199,"column":40},"end":{"line":199,"column":null}}],"line":199}},"s":{"0":1,"1":1,"2":0,"3":0,"4":0,"5":0,"6":0,"7":1,"8":0,"9":0,"10":0,"11":0,"12":0,"13":0,"14":0,"15":0,"16":0,"17":0,"18":0,"19":0,"20":0,"21":0,"22":0,"23":0,"24":0,"25":0,"26":0,"27":0,"28":0,"29":0,"30":0,"31":0,"32":0,"33":0,"34":0,"35":0,"36":0,"37":0,"38":0,"39":0,"40":0,"41":0,"42":0,"43":0,"44":0,"45":0,"46":1,"47":0,"48":0,"49":0,"50":0,"51":0,"52":0,"53":0,"54":1,"55":0,"56":0,"57":1,"58":0,"59":0,"60":0,"61":0,"62":0,"63":0,"64":0,"65":0,"66":0,"67":0,"68":0,"69":0,"70":0,"71":0,"72":0,"73":0,"74":0,"75":0,"76":0,"77":0,"78":0,"79":0},"f":{"0":0,"1":0,"2":0,"3":0,"4":0,"5":0,"6":0,"7":0,"8":0,"9":0,"10":0,"11":0,"12":0},"b":{"0":[0,0],"1":[0,0],"2":[0,0],"3":[0,0],"4":[0,0],"5":[0,0],"6":[0,0],"7":[0,0],"8":[0,0],"9":[0,0],"10":[0,0],"11":[0,0],"12":[0,0],"13":[0,0],"14":[0,0],"15":[0,0],"16":[0,0],"17":[0,0],"18":[0,0],"19":[0,0],"20":[0],"21":[0,0],"22":[0,0],"23":[0,0],"24":[0,0],"25":[0,0],"26":[0,0],"27":[0,0],"28":[0,0],"29":[0,0],"30":[0,0],"31":[0,0],"32":[0,0],"33":[0,0],"34":[0,0],"35":[0,0],"36":[0,0]},"meta":{"lastBranch":37,"lastFunction":13,"lastStatement":80,"seen":{"s:5:0:5:Infinity":0,"s:7:18:11:Infinity":1,"f:7:18:7:19":0,"b:8:2:8:Infinity:undefined:undefined:undefined:undefined":0,"s:8:2:8:Infinity":2,"b:8:6:8:26:8:26:8:57":1,"s:8:57:8:Infinity":3,"b:9:2:9:Infinity:undefined:undefined:undefined:undefined":2,"s:9:2:9:Infinity":4,"s:9:49:9:Infinity":5,"s:10:2:10:Infinity":6,"s:13:13:13:Infinity":7,"f:13:13:13:14":1,"s:13:29:13:Infinity":8,"f:13:41:13:52":2,"s:13:52:13:75":9,"f:15:15:15:Infinity":3,"b:23:2:84:Infinity:undefined:undefined:undefined:undefined":3,"s:23:2:84:Infinity":10,"s:24:19:24:Infinity":11,"b:25:4:25:Infinity:undefined:undefined:undefined:undefined":4,"s:25:4:25:Infinity":12,"s:25:17:25:Infinity":13,"s:27:15:27:Infinity":14,"s:29:4:83:Infinity":15,"s:30:21:42:Infinity":16,"s:44:17:44:Infinity":17,"b:47:6:49:Infinity:undefined:undefined:undefined:undefined":5,"s:47:6:49:Infinity":18,"b:47:10:47:29:47:29:47:73":6,"s:48:8:48:Infinity":19,"s:48:14:48:45":20,"b:52:6:54:Infinity:undefined:undefined:undefined:undefined":7,"s:52:6:54:Infinity":21,"b:52:10:52:19:52:19:52:63":8,"s:53:8:53:Infinity":22,"s:53:14:53:45":23,"b:57:6:63:Infinity:undefined:undefined:undefined:undefined":9,"s:57:6:63:Infinity":24,"s:58:28:58:Infinity":25,"b:58:28:58:57:58:57:58:Infinity":10,"b:59:8:62:Infinity:undefined:undefined:undefined:undefined":11,"s:59:8:62:Infinity":26,"b:59:12:59:26:59:26:59:49":12,"s:60:23:60:Infinity":27,"b:61:10:61:Infinity:undefined:undefined:undefined:undefined":13,"s:61:10:61:Infinity":28,"b:61:14:61:22:61:22:61:33":14,"s:61:33:61:Infinity":29,"b:65:6:68:Infinity:undefined:undefined:undefined:undefined":15,"s:65:6:68:Infinity":30,"s:66:8:66:Infinity":31,"s:67:8:67:Infinity":32,"s:71:6:71:Infinity":33,"s:73:6:73:Infinity":34,"s:77:18:77:Infinity":35,"b:77:18:77:35:77:35:77:Infinity":16,"b:78:6:81:Infinity:undefined:undefined:undefined:undefined":17,"s:78:6:81:Infinity":36,"b:78:10:78:33:78:33:78:56":18,"s:79:8:79:Infinity":37,"s:80:8:80:Infinity":38,"s:82:6:82:Infinity":39,"b:87:2:100:Infinity:undefined:undefined:undefined:undefined":19,"s:87:2:100:Infinity":40,"s:88:19:88:Infinity":41,"s:89:21:97:Infinity":42,"s:98:17:98:Infinity":43,"s:99:4:99:Infinity":44,"s:102:2:102:Infinity":45,"s:105:34:120:Infinity":46,"f:105:34:105:41":4,"b:105:57:105:60":20,"s:106:30:106:Infinity":47,"s:107:2:119:Infinity":48,"s:108:19:108:Infinity":49,"s:109:20:109:Infinity":50,"b:109:84:109:96:109:96:109:196":21,"b:109:169:109:192:109:192:109:195":22,"s:110:4:118:Infinity":51,"b:110:37:110:47:110:47:110:51":23,"f:110:55:110:56":5,"s:110:86:118:6":52,"b:112:14:112:29:112:29:112:Infinity":24,"b:113:19:113:39:113:39:113:Infinity":25,"b:114:15:114:31:114:31:114:Infinity":26,"b:115:12:115:25:115:25:115:Infinity":27,"b:116:35:116:54:116:54:116:59":28,"s:119:16:119:27":53,"s:122:37:130:Infinity":54,"f:122:37:122:Infinity":6,"s:128:18:128:Infinity":55,"s:129:2:129:Infinity":56,"b:129:9:129:23:129:23:129:Infinity":29,"s:135:37:221:Infinity":57,"f:135:37:135:Infinity":7,"b:141:2:141:Infinity:undefined:undefined:undefined:undefined":30,"s:141:2:141:Infinity":58,"s:141:27:141:Infinity":59,"s:143:27:143:Infinity":60,"f:143:54:143:59":8,"s:143:59:143:91":61,"s:146:25:157:Infinity":62,"s:160:17:165:Infinity":63,"f:160:28:160:34":9,"s:160:34:165:4":64,"s:167:17:173:Infinity":65,"s:183:2:220:Infinity":66,"s:184:23:184:Infinity":67,"s:186:22:186:Infinity":68,"b:187:4:189:Infinity:undefined:undefined:undefined:undefined":31,"s:187:4:189:Infinity":69,"s:188:6:188:Infinity":70,"f:188:25:188:26":10,"s:188:37:188:59":71,"s:192:4:209:Infinity":72,"f:192:22:192:31":11,"s:193:18:193:Infinity":73,"b:194:6:201:Infinity:undefined:undefined:undefined:undefined":32,"s:194:6:201:Infinity":74,"s:195:8:200:Infinity":75,"b:196:22:196:38:196:38:196:Infinity":33,"b:197:19:197:34:197:34:197:Infinity":34,"b:198:21:198:38:198:38:198:Infinity":35,"b:199:22:199:40:199:40:199:Infinity":36,"s:203:6:208:Infinity":76,"s:212:4:212:Infinity":77,"s:214:4:219:Infinity":78,"f:214:22:214:29":12,"s:214:29:219:6":79}}}
}
